#
# There is insufficient memory for the Java Runtime Environment to continue.
# Native memory allocation (mmap) failed to map 37748736 bytes for Failed to commit area from 0x000000008b300000 to 0x000000008d700000 of length 37748736.
# Possible reasons:
#   The system is out of physical RAM or swap space
#   The process is running with CompressedOops enabled, and the Java Heap may be blocking the growth of the native heap
# Possible solutions:
#   Reduce memory load on the system
#   Increase physical memory or swap space
#   Check if swap backing store is full
#   Decrease Java heap size (-Xmx/-Xms)
#   Decrease number of Java threads
#   Decrease Java thread stack sizes (-Xss)
#   Set larger code cache with -XX:ReservedCodeCacheSize=
#   JVM is running with Unscaled Compressed Oops mode in which the Java heap is
#     placed in the first 4GB address space. The Java Heap base address is the
#     maximum limit for the native heap growth. Please use -XX:HeapBaseMinAddress
#     to set the Java Heap base and to place the Java Heap above 4GB virtual address.
# This output file may be truncated or incomplete.
#
#  Out of Memory Error (./src/hotspot/os/windows/os_windows.cpp:3619), pid=8220, tid=4540
#
# JRE version: OpenJDK Runtime Environment (11.0.13) (build 11.0.13+0-b1751.21-8125866)
# Java VM: OpenJDK 64-Bit Server VM (11.0.13+0-b1751.21-8125866, mixed mode, tiered, compressed oops, g1 gc, windows-amd64)
# No core dump will be written. Minidumps are not enabled by default on client versions of Windows
#

---------------  S U M M A R Y ------------

Command Line: --add-opens=java.base/java.util=ALL-UNNAMED --add-opens=java.base/java.lang=ALL-UNNAMED --add-opens=java.base/java.lang.invoke=ALL-UNNAMED --add-opens=java.base/java.util=ALL-UNNAMED --add-opens=java.prefs/java.util.prefs=ALL-UNNAMED --add-opens=java.prefs/java.util.prefs=ALL-UNNAMED --add-opens=java.base/java.nio.charset=ALL-UNNAMED --add-opens=java.base/java.net=ALL-UNNAMED --add-opens=java.base/java.util.concurrent.atomic=ALL-UNNAMED -Xmx2048m -Dfile.encoding=UTF-8 -Duser.country=US -Duser.language=en -Duser.variant org.gradle.launcher.daemon.bootstrap.GradleDaemon 7.4

Host: Intel(R) Core(TM) i7-4510U CPU @ 2.00GHz, 4 cores, 7G,  Windows 10 , 64 bit Build 19041 (10.0.19041.1348)
Time: Thu Sep  7 12:05:02 2023 SE Asia Standard Time elapsed time: 13.282592 seconds (0d 0h 0m 13s)

---------------  T H R E A D  ---------------

Current thread (0x000001607581c800):  VMThread "VM Thread" [stack: 0x0000001ef2c00000,0x0000001ef2d00000] [id=4540]

Stack: [0x0000001ef2c00000,0x0000001ef2d00000]
[error occurred during error reporting (printing stack bounds), id 0xc0000005, EXCEPTION_ACCESS_VIOLATION (0xc0000005) at pc=0x000001605f74112d]

Native frames: (J=compiled Java code, j=interpreted, Vv=VM code, C=native code)
V  [jvm.dll+0x6100fa]
V  [jvm.dll+0x747090]
V  [jvm.dll+0x7486ad]
V  [jvm.dll+0x748ce5]
V  [jvm.dll+0x748c9b]
V  [jvm.dll+0x60f224]
V  [jvm.dll+0x60f9b8]
C  [ntdll.dll+0xa20cf]
C  [ntdll.dll+0x51454]
C  [ntdll.dll+0xa0bfe]
C  0x000001605f74112d

VM_Operation (0x0000001ef3ef4840): G1CollectForAllocation, mode: safepoint, requested by thread 0x0000016078479000


---------------  P R O C E S S  ---------------

Threads class SMR info:
_java_thread_list=0x000001607c952d00, length=79, elements={
0x000001605bc20000, 0x0000016075824000, 0x0000016075825000, 0x0000016075831000,
0x0000016075831800, 0x0000016075841800, 0x0000016075848000, 0x000001607584d800,
0x0000016075851000, 0x00000160762f6000, 0x00000160782b8000, 0x00000160781cf800,
0x000001607822f000, 0x00000160778cb000, 0x0000016076ef3800, 0x0000016078602000,
0x0000016078479000, 0x0000016078712800, 0x00000160775d4800, 0x0000016078448800,
0x0000016078704000, 0x0000016078703000, 0x0000016078705000, 0x0000016078706800,
0x0000016078707800, 0x0000016078705800, 0x0000016078708000, 0x0000016078702800,
0x0000016078709000, 0x00000160797f6000, 0x0000016077406000, 0x00000160797fb000,
0x00000160797f9800, 0x00000160797fc800, 0x00000160797fc000, 0x00000160797f7000,
0x00000160797fd800, 0x00000160797f7800, 0x00000160797fe800, 0x0000016079801800,
0x0000016079802800, 0x00000160797ff000, 0x0000016079804000, 0x0000016079803000,
0x0000016079800000, 0x0000016079800800, 0x000001607b4af000, 0x000001607b4ac000,
0x000001607b4ac800, 0x000001607b4b0000, 0x000001607b4b0800, 0x000001607b4ad800,
0x000001607b4ab000, 0x000001607b4b1800, 0x000001607b4b2800, 0x000001607b4b4000,
0x000001607b4b3000, 0x000001607b4ae800, 0x000001607b4b9000, 0x000001607b4b5000,
0x000001607b4b9800, 0x000001607b4b8000, 0x000001607b4b7000, 0x000001607b4b5800,
0x000001607b4b6800, 0x000001607bd12000, 0x000001607bd10000, 0x000001607bd11000,
0x000001607bd12800, 0x000001607bd13800, 0x000001607bd14800, 0x000001607bd0e800,
0x000001607bd15000, 0x000001607bd0f800, 0x000001607bd16800, 0x000001607bd17800,
0x000001607bd18800, 0x000001607bd1a000, 0x000001607bd19000
}

Java Threads: ( => current thread )
  0x000001605bc20000 JavaThread "main" [_thread_blocked, id=3516, stack(0x0000001ef2600000,0x0000001ef2700000)]
  0x0000016075824000 JavaThread "Reference Handler" daemon [_thread_blocked, id=2768, stack(0x0000001ef2d00000,0x0000001ef2e00000)]
  0x0000016075825000 JavaThread "Finalizer" daemon [_thread_blocked, id=4684, stack(0x0000001ef2e00000,0x0000001ef2f00000)]
  0x0000016075831000 JavaThread "Signal Dispatcher" daemon [_thread_blocked, id=4688, stack(0x0000001ef2f00000,0x0000001ef3000000)]
  0x0000016075831800 JavaThread "Attach Listener" daemon [_thread_blocked, id=4680, stack(0x0000001ef3000000,0x0000001ef3100000)]
  0x0000016075841800 JavaThread "Service Thread" daemon [_thread_blocked, id=5076, stack(0x0000001ef3100000,0x0000001ef3200000)]
  0x0000016075848000 JavaThread "C2 CompilerThread0" daemon [_thread_blocked, id=5064, stack(0x0000001ef3200000,0x0000001ef3300000)]
  0x000001607584d800 JavaThread "C1 CompilerThread0" daemon [_thread_blocked, id=5100, stack(0x0000001ef3300000,0x0000001ef3400000)]
  0x0000016075851000 JavaThread "Sweeper thread" daemon [_thread_blocked, id=5108, stack(0x0000001ef3400000,0x0000001ef3500000)]
  0x00000160762f6000 JavaThread "Common-Cleaner" daemon [_thread_blocked, id=5116, stack(0x0000001ef3500000,0x0000001ef3600000)]
  0x00000160782b8000 JavaThread "Daemon health stats" [_thread_blocked, id=2776, stack(0x0000001ef3900000,0x0000001ef3a00000)]
  0x00000160781cf800 JavaThread "Incoming local TCP Connector on port 56331" [_thread_in_native, id=5104, stack(0x0000001ef3700000,0x0000001ef3800000)]
  0x000001607822f000 JavaThread "Daemon periodic checks" [_thread_blocked, id=5112, stack(0x0000001ef3a00000,0x0000001ef3b00000)]
  0x00000160778cb000 JavaThread "Daemon" [_thread_blocked, id=4104, stack(0x0000001ef3b00000,0x0000001ef3c00000)]
  0x0000016076ef3800 JavaThread "Handler for socket connection from /127.0.0.1:56331 to /127.0.0.1:56332" [_thread_in_native, id=3052, stack(0x0000001ef3c00000,0x0000001ef3d00000)]
  0x0000016078602000 JavaThread "Cancel handler" [_thread_blocked, id=1008, stack(0x0000001ef3d00000,0x0000001ef3e00000)]
  0x0000016078479000 JavaThread "Daemon worker" [_thread_blocked, id=6164, stack(0x0000001ef3e00000,0x0000001ef3f00000)]
  0x0000016078712800 JavaThread "Asynchronous log dispatcher for DefaultDaemonConnection: socket connection from /127.0.0.1:56331 to /127.0.0.1:56332" [_thread_blocked, id=4308, stack(0x0000001ef3f00000,0x0000001ef4000000)]
  0x00000160775d4800 JavaThread "Stdin handler" [_thread_blocked, id=676, stack(0x0000001ef4000000,0x0000001ef4100000)]
  0x0000016078448800 JavaThread "Daemon client event forwarder" [_thread_blocked, id=8140, stack(0x0000001ef4100000,0x0000001ef4200000)]
  0x0000016078704000 JavaThread "Cache worker for journal cache (D:\gradle_path\caches\journal-1)" [_thread_blocked, id=4260, stack(0x0000001ef4400000,0x0000001ef4500000)]
  0x0000016078703000 JavaThread "File lock request listener" [_thread_in_native, id=1080, stack(0x0000001ef4500000,0x0000001ef4600000)]
  0x0000016078705000 JavaThread "Cache worker for file hash cache (D:\gradle_path\caches\7.4\fileHashes)" [_thread_blocked, id=4120, stack(0x0000001ef4600000,0x0000001ef4700000)]
  0x0000016078706800 JavaThread "File watcher server" daemon [_thread_in_native, id=1084, stack(0x0000001ef4800000,0x0000001ef4900000)]
  0x0000016078707800 JavaThread "File watcher consumer" daemon [_thread_blocked, id=1088, stack(0x0000001ef4900000,0x0000001ef4a00000)]
  0x0000016078705800 JavaThread "Cache worker for checksums cache (D:\android_other_project\ISO8583Server\.gradle\7.4\checksums)" [_thread_blocked, id=2672, stack(0x0000001ef4a00000,0x0000001ef4b00000)]
  0x0000016078708000 JavaThread "Cache worker for cache directory md-rule (D:\gradle_path\caches\7.4\md-rule)" [_thread_blocked, id=1160, stack(0x0000001ef4b00000,0x0000001ef4c00000)]
  0x0000016078702800 JavaThread "Cache worker for file hash cache (D:\android_other_project\ISO8583Server\.gradle\7.4\fileHashes)" [_thread_blocked, id=1164, stack(0x0000001ef4c00000,0x0000001ef4d00000)]
  0x0000016078709000 JavaThread "Cache worker for cache directory md-supplier (D:\gradle_path\caches\7.4\md-supplier)" [_thread_blocked, id=1168, stack(0x0000001ef4d00000,0x0000001ef4e00000)]
  0x00000160797f6000 JavaThread "Cache worker for execution history cache (D:\gradle_path\caches\7.4\executionHistory)" [_thread_blocked, id=4176, stack(0x0000001ef4e00000,0x0000001ef4f00000)]
  0x0000016077406000 JavaThread "C2 CompilerThread1" daemon [_thread_in_native, id=2964, stack(0x0000001ef4700000,0x0000001ef4800000)]
  0x00000160797fb000 JavaThread "jar transforms" [_thread_blocked, id=1348, stack(0x0000001ef4f00000,0x0000001ef5000000)]
  0x00000160797f9800 JavaThread "Cache worker for file content cache (D:\gradle_path\caches\7.4\fileContent)" [_thread_blocked, id=1596, stack(0x0000001ef5000000,0x0000001ef5100000)]
  0x00000160797fc800 JavaThread "jar transforms Thread 2" [_thread_blocked, id=1004, stack(0x0000001ef5100000,0x0000001ef5200000)]
  0x00000160797fc000 JavaThread "Cache worker for dependencies-accessors (D:\android_other_project\ISO8583Server\.gradle\7.4\dependencies-accessors)" [_thread_blocked, id=8, stack(0x0000001ef5200000,0x0000001ef5300000)]
  0x00000160797f7000 JavaThread "jar transforms Thread 3" [_thread_blocked, id=520, stack(0x0000001ef5300000,0x0000001ef5400000)]
  0x00000160797fd800 JavaThread "Cache worker for Build Output Cleanup Cache (D:\android_other_project\ISO8583Server\.gradle\buildOutputCleanup)" [_thread_blocked, id=4404, stack(0x0000001ef5400000,0x0000001ef5500000)]
  0x00000160797f7800 JavaThread "Unconstrained build operations" [_thread_blocked, id=1220, stack(0x0000001ef5500000,0x0000001ef5600000)]
  0x00000160797fe800 JavaThread "Unconstrained build operations Thread 2" [_thread_blocked, id=4976, stack(0x0000001ef5600000,0x0000001ef5700000)]
  0x0000016079801800 JavaThread "Unconstrained build operations Thread 3" [_thread_blocked, id=1272, stack(0x0000001ef5700000,0x0000001ef5800000)]
  0x0000016079802800 JavaThread "Unconstrained build operations Thread 4" [_thread_blocked, id=3760, stack(0x0000001ef5800000,0x0000001ef5900000)]
  0x00000160797ff000 JavaThread "Unconstrained build operations Thread 5" [_thread_blocked, id=8960, stack(0x0000001ef5900000,0x0000001ef5a00000)]
  0x0000016079804000 JavaThread "Unconstrained build operations Thread 6" [_thread_blocked, id=5604, stack(0x0000001ef5a00000,0x0000001ef5b00000)]
  0x0000016079803000 JavaThread "Unconstrained build operations Thread 7" [_thread_blocked, id=1212, stack(0x0000001ef5b00000,0x0000001ef5c00000)]
  0x0000016079800000 JavaThread "Unconstrained build operations Thread 8" [_thread_blocked, id=2468, stack(0x0000001ef5c00000,0x0000001ef5d00000)]
  0x0000016079800800 JavaThread "Unconstrained build operations Thread 9" [_thread_blocked, id=3792, stack(0x0000001ef5d00000,0x0000001ef5e00000)]
  0x000001607b4af000 JavaThread "Unconstrained build operations Thread 10" [_thread_blocked, id=2288, stack(0x0000001ef5e00000,0x0000001ef5f00000)]
  0x000001607b4ac000 JavaThread "Unconstrained build operations Thread 11" [_thread_blocked, id=3804, stack(0x0000001ef5f00000,0x0000001ef6000000)]
  0x000001607b4ac800 JavaThread "Unconstrained build operations Thread 12" [_thread_blocked, id=3808, stack(0x0000001ef6000000,0x0000001ef6100000)]
  0x000001607b4b0000 JavaThread "Unconstrained build operations Thread 13" [_thread_blocked, id=3800, stack(0x0000001ef6100000,0x0000001ef6200000)]
  0x000001607b4b0800 JavaThread "Unconstrained build operations Thread 14" [_thread_blocked, id=2960, stack(0x0000001ef6200000,0x0000001ef6300000)]
  0x000001607b4ad800 JavaThread "Unconstrained build operations Thread 15" [_thread_blocked, id=1496, stack(0x0000001ef6300000,0x0000001ef6400000)]
  0x000001607b4ab000 JavaThread "Unconstrained build operations Thread 16" [_thread_blocked, id=1512, stack(0x0000001ef6400000,0x0000001ef6500000)]
  0x000001607b4b1800 JavaThread "Unconstrained build operations Thread 17" [_thread_blocked, id=6728, stack(0x0000001ef6500000,0x0000001ef6600000)]
  0x000001607b4b2800 JavaThread "Unconstrained build operations Thread 18" [_thread_blocked, id=8548, stack(0x0000001ef6600000,0x0000001ef6700000)]
  0x000001607b4b4000 JavaThread "Unconstrained build operations Thread 19" [_thread_blocked, id=8132, stack(0x0000001ef6700000,0x0000001ef6800000)]
  0x000001607b4b3000 JavaThread "Unconstrained build operations Thread 20" [_thread_blocked, id=6936, stack(0x0000001ef6800000,0x0000001ef6900000)]
  0x000001607b4ae800 JavaThread "Unconstrained build operations Thread 21" [_thread_blocked, id=3448, stack(0x0000001ef6900000,0x0000001ef6a00000)]
  0x000001607b4b9000 JavaThread "Unconstrained build operations Thread 22" [_thread_blocked, id=9292, stack(0x0000001ef6a00000,0x0000001ef6b00000)]
  0x000001607b4b5000 JavaThread "Unconstrained build operations Thread 23" [_thread_blocked, id=7276, stack(0x0000001ef6b00000,0x0000001ef6c00000)]
  0x000001607b4b9800 JavaThread "Unconstrained build operations Thread 24" [_thread_blocked, id=2820, stack(0x0000001ef6c00000,0x0000001ef6d00000)]
  0x000001607b4b8000 JavaThread "Unconstrained build operations Thread 25" [_thread_blocked, id=552, stack(0x0000001ef6d00000,0x0000001ef6e00000)]
  0x000001607b4b7000 JavaThread "Unconstrained build operations Thread 26" [_thread_blocked, id=540, stack(0x0000001ef6e00000,0x0000001ef6f00000)]
  0x000001607b4b5800 JavaThread "Unconstrained build operations Thread 27" [_thread_blocked, id=1516, stack(0x0000001ef6f00000,0x0000001ef7000000)]
  0x000001607b4b6800 JavaThread "Unconstrained build operations Thread 28" [_thread_blocked, id=3968, stack(0x0000001ef7000000,0x0000001ef7100000)]
  0x000001607bd12000 JavaThread "Unconstrained build operations Thread 29" [_thread_blocked, id=4600, stack(0x0000001ef7100000,0x0000001ef7200000)]
  0x000001607bd10000 JavaThread "Unconstrained build operations Thread 30" [_thread_blocked, id=1432, stack(0x0000001ef7200000,0x0000001ef7300000)]
  0x000001607bd11000 JavaThread "Unconstrained build operations Thread 31" [_thread_blocked, id=8688, stack(0x0000001ef7300000,0x0000001ef7400000)]
  0x000001607bd12800 JavaThread "Unconstrained build operations Thread 32" [_thread_blocked, id=1416, stack(0x0000001ef7400000,0x0000001ef7500000)]
  0x000001607bd13800 JavaThread "Unconstrained build operations Thread 33" [_thread_blocked, id=4596, stack(0x0000001ef7500000,0x0000001ef7600000)]
  0x000001607bd14800 JavaThread "Unconstrained build operations Thread 34" [_thread_blocked, id=5172, stack(0x0000001ef7600000,0x0000001ef7700000)]
  0x000001607bd0e800 JavaThread "Unconstrained build operations Thread 35" [_thread_blocked, id=1396, stack(0x0000001ef7700000,0x0000001ef7800000)]
  0x000001607bd15000 JavaThread "Unconstrained build operations Thread 36" [_thread_blocked, id=2056, stack(0x0000001ef7800000,0x0000001ef7900000)]
  0x000001607bd0f800 JavaThread "Unconstrained build operations Thread 37" [_thread_blocked, id=4604, stack(0x0000001ef7900000,0x0000001ef7a00000)]
  0x000001607bd16800 JavaThread "Unconstrained build operations Thread 38" [_thread_blocked, id=2092, stack(0x0000001ef7a00000,0x0000001ef7b00000)]
  0x000001607bd17800 JavaThread "Unconstrained build operations Thread 39" [_thread_blocked, id=5484, stack(0x0000001ef7b00000,0x0000001ef7c00000)]
  0x000001607bd18800 JavaThread "Unconstrained build operations Thread 40" [_thread_blocked, id=2196, stack(0x0000001ef7c00000,0x0000001ef7d00000)]
  0x000001607bd1a000 JavaThread "jar transforms Thread 4" [_thread_blocked, id=2100, stack(0x0000001ef7d00000,0x0000001ef7e00000)]
  0x000001607bd19000 JavaThread "Memory manager" [_thread_blocked, id=2192, stack(0x0000001ef7e00000,0x0000001ef7f00000)]

Other Threads:
=>0x000001607581c800 VMThread "VM Thread" [stack: 0x0000001ef2c00000,0x0000001ef2d00000] [id=4540]
  0x000001607633b800 WatcherThread [stack: 0x0000001ef3600000,0x0000001ef3700000] [id=3556]
  0x000001605bc3b000 GCTaskThread "GC Thread#0" [stack: 0x0000001ef2700000,0x0000001ef2800000] [id=3120]
  0x000001607646f800 GCTaskThread "GC Thread#1" [stack: 0x0000001ef3800000,0x0000001ef3900000] [id=3048]
  0x00000160784ef800 GCTaskThread "GC Thread#2" [stack: 0x0000001ef4200000,0x0000001ef4300000] [id=4268]
  0x000001607879f800 GCTaskThread "GC Thread#3" [stack: 0x0000001ef4300000,0x0000001ef4400000] [id=4264]
  0x000001605bc6a800 ConcurrentGCThread "G1 Main Marker" [stack: 0x0000001ef2800000,0x0000001ef2900000] [id=5004]
  0x000001605bc6c000 ConcurrentGCThread "G1 Conc#0" [stack: 0x0000001ef2900000,0x0000001ef2a00000] [id=4296]
  0x000001605bcf9800 ConcurrentGCThread "G1 Refine#0" [stack: 0x0000001ef2a00000,0x0000001ef2b00000] [id=5060]
  0x000001605bcfa800 ConcurrentGCThread "G1 Young RemSet Sampling" [stack: 0x0000001ef2b00000,0x0000001ef2c00000] [id=4344]

Threads with active compile tasks:
C2 CompilerThread0  13312 7341       4       org.objectweb.asm.Type::appendDescriptor (185 bytes)
C1 CompilerThread0  13312 7343   !   3       org.gradle.internal.instantiation.generator.AbstractClassGenerator::generateUnderLock (702 bytes)
C2 CompilerThread1  13312 6954 %     4       org.gradle.internal.instantiation.generator.AbstractClassGenerator::inspectType @ 107 (560 bytes)

VM state:at safepoint (normal execution)

VM Mutex/Monitor currently owned by a thread:  ([mutex/lock_event])
[0x000001605bc1c280] Threads_lock - owner thread: 0x000001607581c800
[0x000001605bc1caf0] Heap_lock - owner thread: 0x0000016078479000

Heap address: 0x0000000080000000, size: 2048 MB, Compressed Oops mode: 32-bit
Narrow klass base: 0x0000000000000000, Narrow klass shift: 3
Compressed class space size: 1073741824 Address: 0x0000000100000000

Heap:
 garbage-first heap   total 220160K, used 62370K [0x0000000080000000, 0x0000000100000000)
  region size 1024K, 10 young (10240K), 10 survivors (10240K)
 Metaspace       used 77847K, capacity 79644K, committed 80028K, reserved 1118208K
  class space    used 10129K, capacity 10821K, committed 10956K, reserved 1048576K
Heap Regions: E=young(eden), S=young(survivor), O=old, HS=humongous(starts), HC=humongous(continues), CS=collection set, F=free, A=archive, TAMS=top-at-mark-start (previous, next)
|   0|0x0000000080000000, 0x0000000080100000, 0x0000000080100000|100%|HS|  |TAMS 0x0000000080100000, 0x0000000080000000| Complete 
|   1|0x0000000080100000, 0x0000000080200000, 0x0000000080200000|100%|HC|  |TAMS 0x0000000080200000, 0x0000000080100000| Complete 
|   2|0x0000000080200000, 0x0000000080300000, 0x0000000080300000|100%|HC|  |TAMS 0x0000000080300000, 0x0000000080200000| Complete 
|   3|0x0000000080300000, 0x0000000080400000, 0x0000000080400000|100%| O|  |TAMS 0x0000000080400000, 0x0000000080300000| Untracked 
|   4|0x0000000080400000, 0x0000000080500000, 0x0000000080500000|100%| O|  |TAMS 0x0000000080500000, 0x0000000080400000| Untracked 
|   5|0x0000000080500000, 0x0000000080600000, 0x0000000080600000|100%| O|  |TAMS 0x0000000080600000, 0x0000000080500000| Untracked 
|   6|0x0000000080600000, 0x0000000080700000, 0x0000000080700000|100%| O|  |TAMS 0x0000000080700000, 0x0000000080600000| Untracked 
|   7|0x0000000080700000, 0x0000000080800000, 0x0000000080800000|100%| O|  |TAMS 0x0000000080800000, 0x0000000080700000| Untracked 
|   8|0x0000000080800000, 0x0000000080900000, 0x0000000080900000|100%| O|  |TAMS 0x0000000080900000, 0x0000000080800000| Untracked 
|   9|0x0000000080900000, 0x0000000080a00000, 0x0000000080a00000|100%| O|  |TAMS 0x0000000080a00000, 0x0000000080900000| Untracked 
|  10|0x0000000080a00000, 0x0000000080b00000, 0x0000000080b00000|100%| O|  |TAMS 0x0000000080b00000, 0x0000000080a00000| Untracked 
|  11|0x0000000080b00000, 0x0000000080c00000, 0x0000000080c00000|100%| O|  |TAMS 0x0000000080c00000, 0x0000000080b00000| Untracked 
|  12|0x0000000080c00000, 0x0000000080d00000, 0x0000000080d00000|100%| O|  |TAMS 0x0000000080d00000, 0x0000000080c00000| Untracked 
|  13|0x0000000080d00000, 0x0000000080e00000, 0x0000000080e00000|100%| O|  |TAMS 0x0000000080e00000, 0x0000000080d00000| Untracked 
|  14|0x0000000080e00000, 0x0000000080f00000, 0x0000000080f00000|100%| O|  |TAMS 0x0000000080f00000, 0x0000000080e00000| Untracked 
|  15|0x0000000080f00000, 0x0000000081000000, 0x0000000081000000|100%| O|  |TAMS 0x0000000081000000, 0x0000000080f00000| Untracked 
|  16|0x0000000081000000, 0x0000000081100000, 0x0000000081100000|100%| O|  |TAMS 0x0000000081100000, 0x0000000081000000| Untracked 
|  17|0x0000000081100000, 0x0000000081200000, 0x0000000081200000|100%|HS|  |TAMS 0x0000000081200000, 0x0000000081100000| Complete 
|  18|0x0000000081200000, 0x0000000081300000, 0x0000000081300000|100%| O|  |TAMS 0x0000000081300000, 0x0000000081200000| Untracked 
|  19|0x0000000081300000, 0x0000000081400000, 0x0000000081400000|100%| O|  |TAMS 0x0000000081400000, 0x0000000081300000| Untracked 
|  20|0x0000000081400000, 0x0000000081500000, 0x0000000081500000|100%| O|  |TAMS 0x0000000081500000, 0x0000000081400000| Untracked 
|  21|0x0000000081500000, 0x0000000081600000, 0x0000000081600000|100%| O|  |TAMS 0x0000000081600000, 0x0000000081500000| Untracked 
|  22|0x0000000081600000, 0x0000000081700000, 0x0000000081700000|100%| O|  |TAMS 0x0000000081700000, 0x0000000081600000| Untracked 
|  23|0x0000000081700000, 0x0000000081800000, 0x0000000081800000|100%| O|  |TAMS 0x0000000081800000, 0x0000000081700000| Untracked 
|  24|0x0000000081800000, 0x0000000081900000, 0x0000000081900000|100%|HS|  |TAMS 0x0000000081900000, 0x0000000081800000| Complete 
|  25|0x0000000081900000, 0x0000000081a00000, 0x0000000081a00000|100%| O|  |TAMS 0x0000000081a00000, 0x0000000081900000| Untracked 
|  26|0x0000000081a00000, 0x0000000081b00000, 0x0000000081b00000|100%|HS|  |TAMS 0x0000000081b00000, 0x0000000081a00000| Complete 
|  27|0x0000000081b00000, 0x0000000081c00000, 0x0000000081c00000|100%|HC|  |TAMS 0x0000000081c00000, 0x0000000081b00000| Complete 
|  28|0x0000000081c00000, 0x0000000081d00000, 0x0000000081d00000|100%| O|  |TAMS 0x0000000081d00000, 0x0000000081c00000| Untracked 
|  29|0x0000000081d00000, 0x0000000081e00000, 0x0000000081e00000|100%| O|  |TAMS 0x0000000081e00000, 0x0000000081d00000| Untracked 
|  30|0x0000000081e00000, 0x0000000081f00000, 0x0000000081f00000|100%| O|  |TAMS 0x0000000081f00000, 0x0000000081e00000| Untracked 
|  31|0x0000000081f00000, 0x0000000082000000, 0x0000000082000000|100%| O|  |TAMS 0x0000000082000000, 0x0000000081f00000| Untracked 
|  32|0x0000000082000000, 0x0000000082100000, 0x0000000082100000|100%| O|  |TAMS 0x0000000082100000, 0x0000000082000000| Untracked 
|  33|0x0000000082100000, 0x0000000082200000, 0x0000000082200000|100%| O|  |TAMS 0x0000000082200000, 0x0000000082100000| Untracked 
|  34|0x0000000082200000, 0x0000000082300000, 0x0000000082300000|100%| O|  |TAMS 0x0000000082300000, 0x0000000082200000| Untracked 
|  35|0x0000000082300000, 0x0000000082400000, 0x0000000082400000|100%| O|  |TAMS 0x0000000082400000, 0x0000000082300000| Untracked 
|  36|0x0000000082400000, 0x0000000082500000, 0x0000000082500000|100%| O|  |TAMS 0x0000000082500000, 0x0000000082400000| Untracked 
|  37|0x0000000082500000, 0x0000000082600000, 0x0000000082600000|100%| O|  |TAMS 0x0000000082600000, 0x0000000082500000| Untracked 
|  38|0x0000000082600000, 0x0000000082700000, 0x0000000082700000|100%| O|  |TAMS 0x0000000082700000, 0x0000000082600000| Untracked 
|  39|0x0000000082700000, 0x0000000082800000, 0x0000000082800000|100%| O|  |TAMS 0x0000000082800000, 0x0000000082700000| Untracked 
|  40|0x0000000082800000, 0x0000000082900000, 0x0000000082900000|100%| O|  |TAMS 0x0000000082900000, 0x0000000082800000| Untracked 
|  41|0x0000000082900000, 0x0000000082a00000, 0x0000000082a00000|100%| O|  |TAMS 0x0000000082a00000, 0x0000000082900000| Untracked 
|  42|0x0000000082a00000, 0x0000000082b00000, 0x0000000082b00000|100%| O|  |TAMS 0x0000000082b00000, 0x0000000082a00000| Untracked 
|  43|0x0000000082b00000, 0x0000000082c00000, 0x0000000082c00000|100%| O|  |TAMS 0x0000000082c00000, 0x0000000082b00000| Untracked 
|  44|0x0000000082c00000, 0x0000000082d00000, 0x0000000082d00000|100%| O|  |TAMS 0x0000000082d00000, 0x0000000082c00000| Untracked 
|  45|0x0000000082d00000, 0x0000000082e00000, 0x0000000082e00000|100%| O|  |TAMS 0x0000000082d00000, 0x0000000082d00000| Untracked 
|  46|0x0000000082e00000, 0x0000000082f00000, 0x0000000082f00000|100%| O|  |TAMS 0x0000000082e00000, 0x0000000082e00000| Untracked 
|  47|0x0000000082f00000, 0x0000000083000000, 0x0000000083000000|100%| O|  |TAMS 0x0000000082f00000, 0x0000000082f00000| Untracked 
|  48|0x0000000083000000, 0x0000000083100000, 0x0000000083100000|100%| O|  |TAMS 0x0000000083000000, 0x0000000083000000| Untracked 
|  49|0x0000000083100000, 0x0000000083200000, 0x0000000083200000|100%| O|  |TAMS 0x0000000083100000, 0x0000000083100000| Untracked 
|  50|0x0000000083200000, 0x0000000083300000, 0x0000000083300000|100%| O|  |TAMS 0x0000000083200000, 0x0000000083200000| Untracked 
|  51|0x0000000083300000, 0x0000000083362e00, 0x0000000083400000| 38%| O|  |TAMS 0x0000000083300000, 0x0000000083300000| Untracked 
|  52|0x0000000083400000, 0x0000000083400000, 0x0000000083500000|  0%| F|  |TAMS 0x0000000083400000, 0x0000000083400000| Untracked 
|  53|0x0000000083500000, 0x0000000083500000, 0x0000000083600000|  0%| F|  |TAMS 0x0000000083500000, 0x0000000083500000| Untracked 
|  54|0x0000000083600000, 0x0000000083600000, 0x0000000083700000|  0%| F|  |TAMS 0x0000000083600000, 0x0000000083600000| Untracked 
|  55|0x0000000083700000, 0x0000000083700000, 0x0000000083800000|  0%| F|  |TAMS 0x0000000083700000, 0x0000000083700000| Untracked 
|  56|0x0000000083800000, 0x0000000083800000, 0x0000000083900000|  0%| F|  |TAMS 0x0000000083800000, 0x0000000083800000| Untracked 
|  57|0x0000000083900000, 0x0000000083900000, 0x0000000083a00000|  0%| F|  |TAMS 0x0000000083900000, 0x0000000083900000| Untracked 
|  58|0x0000000083a00000, 0x0000000083a00000, 0x0000000083b00000|  0%| F|  |TAMS 0x0000000083a00000, 0x0000000083a00000| Untracked 
|  59|0x0000000083b00000, 0x0000000083b00000, 0x0000000083c00000|  0%| F|  |TAMS 0x0000000083b00000, 0x0000000083b00000| Untracked 
|  60|0x0000000083c00000, 0x0000000083c00000, 0x0000000083d00000|  0%| F|  |TAMS 0x0000000083c00000, 0x0000000083c00000| Untracked 
|  61|0x0000000083d00000, 0x0000000083d00000, 0x0000000083e00000|  0%| F|  |TAMS 0x0000000083d00000, 0x0000000083d00000| Untracked 
|  62|0x0000000083e00000, 0x0000000083e00000, 0x0000000083f00000|  0%| F|  |TAMS 0x0000000083e00000, 0x0000000083e00000| Untracked 
|  63|0x0000000083f00000, 0x0000000083f00000, 0x0000000084000000|  0%| F|  |TAMS 0x0000000083f00000, 0x0000000083f00000| Untracked 
|  64|0x0000000084000000, 0x0000000084000000, 0x0000000084100000|  0%| F|  |TAMS 0x0000000084000000, 0x0000000084000000| Untracked 
|  65|0x0000000084100000, 0x0000000084100000, 0x0000000084200000|  0%| F|  |TAMS 0x0000000084100000, 0x0000000084100000| Untracked 
|  66|0x0000000084200000, 0x0000000084200000, 0x0000000084300000|  0%| F|  |TAMS 0x0000000084200000, 0x0000000084200000| Untracked 
|  67|0x0000000084300000, 0x0000000084300000, 0x0000000084400000|  0%| F|  |TAMS 0x0000000084300000, 0x0000000084300000| Untracked 
|  68|0x0000000084400000, 0x0000000084400000, 0x0000000084500000|  0%| F|  |TAMS 0x0000000084400000, 0x0000000084400000| Untracked 
|  69|0x0000000084500000, 0x0000000084500000, 0x0000000084600000|  0%| F|  |TAMS 0x0000000084500000, 0x0000000084500000| Untracked 
|  70|0x0000000084600000, 0x0000000084600000, 0x0000000084700000|  0%| F|  |TAMS 0x0000000084600000, 0x0000000084600000| Untracked 
|  71|0x0000000084700000, 0x0000000084700000, 0x0000000084800000|  0%| F|  |TAMS 0x0000000084700000, 0x0000000084700000| Untracked 
|  72|0x0000000084800000, 0x0000000084800000, 0x0000000084900000|  0%| F|  |TAMS 0x0000000084800000, 0x0000000084800000| Untracked 
|  73|0x0000000084900000, 0x0000000084900000, 0x0000000084a00000|  0%| F|  |TAMS 0x0000000084900000, 0x0000000084900000| Untracked 
|  74|0x0000000084a00000, 0x0000000084a00000, 0x0000000084b00000|  0%| F|  |TAMS 0x0000000084a00000, 0x0000000084a00000| Untracked 
|  75|0x0000000084b00000, 0x0000000084b00000, 0x0000000084c00000|  0%| F|  |TAMS 0x0000000084b00000, 0x0000000084b00000| Untracked 
|  76|0x0000000084c00000, 0x0000000084c00000, 0x0000000084d00000|  0%| F|  |TAMS 0x0000000084c00000, 0x0000000084c00000| Untracked 
|  77|0x0000000084d00000, 0x0000000084d00000, 0x0000000084e00000|  0%| F|  |TAMS 0x0000000084d00000, 0x0000000084d00000| Untracked 
|  78|0x0000000084e00000, 0x0000000084e00000, 0x0000000084f00000|  0%| F|  |TAMS 0x0000000084e00000, 0x0000000084e00000| Untracked 
|  79|0x0000000084f00000, 0x0000000084f00000, 0x0000000085000000|  0%| F|  |TAMS 0x0000000084f00000, 0x0000000084f00000| Untracked 
|  80|0x0000000085000000, 0x0000000085000000, 0x0000000085100000|  0%| F|  |TAMS 0x0000000085000000, 0x0000000085000000| Untracked 
|  81|0x0000000085100000, 0x0000000085100000, 0x0000000085200000|  0%| F|  |TAMS 0x0000000085100000, 0x0000000085100000| Untracked 
|  82|0x0000000085200000, 0x0000000085200000, 0x0000000085300000|  0%| F|  |TAMS 0x0000000085200000, 0x0000000085200000| Untracked 
|  83|0x0000000085300000, 0x0000000085300000, 0x0000000085400000|  0%| F|  |TAMS 0x0000000085300000, 0x0000000085300000| Untracked 
|  84|0x0000000085400000, 0x0000000085400000, 0x0000000085500000|  0%| F|  |TAMS 0x0000000085400000, 0x0000000085400000| Untracked 
|  85|0x0000000085500000, 0x0000000085500000, 0x0000000085600000|  0%| F|  |TAMS 0x0000000085500000, 0x0000000085500000| Untracked 
|  86|0x0000000085600000, 0x0000000085600000, 0x0000000085700000|  0%| F|  |TAMS 0x0000000085600000, 0x0000000085600000| Untracked 
|  87|0x0000000085700000, 0x0000000085700000, 0x0000000085800000|  0%| F|  |TAMS 0x0000000085700000, 0x0000000085700000| Untracked 
|  88|0x0000000085800000, 0x0000000085885d70, 0x0000000085900000| 52%| S|CS|TAMS 0x0000000085800000, 0x0000000085800000| Complete 
|  89|0x0000000085900000, 0x0000000085900000, 0x0000000085a00000|  0%| F|  |TAMS 0x0000000085900000, 0x0000000085900000| Untracked 
|  90|0x0000000085a00000, 0x0000000085a00000, 0x0000000085b00000|  0%| F|  |TAMS 0x0000000085a00000, 0x0000000085a00000| Untracked 
|  91|0x0000000085b00000, 0x0000000085b00000, 0x0000000085c00000|  0%| F|  |TAMS 0x0000000085b00000, 0x0000000085b00000| Untracked 
|  92|0x0000000085c00000, 0x0000000085c00000, 0x0000000085d00000|  0%| F|  |TAMS 0x0000000085c00000, 0x0000000085c00000| Untracked 
|  93|0x0000000085d00000, 0x0000000085e00000, 0x0000000085e00000|100%| S|CS|TAMS 0x0000000085d00000, 0x0000000085d00000| Complete 
|  94|0x0000000085e00000, 0x0000000085f00000, 0x0000000085f00000|100%| S|CS|TAMS 0x0000000085e00000, 0x0000000085e00000| Complete 
|  95|0x0000000085f00000, 0x0000000086000000, 0x0000000086000000|100%| S|CS|TAMS 0x0000000085f00000, 0x0000000085f00000| Complete 
|  96|0x0000000086000000, 0x0000000086100000, 0x0000000086100000|100%| S|CS|TAMS 0x0000000086000000, 0x0000000086000000| Complete 
|  97|0x0000000086100000, 0x0000000086200000, 0x0000000086200000|100%| S|CS|TAMS 0x0000000086100000, 0x0000000086100000| Complete 
|  98|0x0000000086200000, 0x0000000086300000, 0x0000000086300000|100%| S|CS|TAMS 0x0000000086200000, 0x0000000086200000| Complete 
|  99|0x0000000086300000, 0x0000000086400000, 0x0000000086400000|100%| S|CS|TAMS 0x0000000086300000, 0x0000000086300000| Complete 
| 100|0x0000000086400000, 0x0000000086400000, 0x0000000086500000|  0%| F|  |TAMS 0x0000000086400000, 0x0000000086400000| Untracked 
| 101|0x0000000086500000, 0x0000000086500000, 0x0000000086600000|  0%| F|  |TAMS 0x0000000086500000, 0x0000000086500000| Untracked 
| 102|0x0000000086600000, 0x0000000086700000, 0x0000000086700000|100%| S|CS|TAMS 0x0000000086600000, 0x0000000086600000| Complete 
| 103|0x0000000086700000, 0x0000000086800000, 0x0000000086800000|100%| S|CS|TAMS 0x0000000086700000, 0x0000000086700000| Complete 
| 104|0x0000000086800000, 0x0000000086800000, 0x0000000086900000|  0%| F|  |TAMS 0x0000000086800000, 0x0000000086800000| Untracked 
| 105|0x0000000086900000, 0x0000000086900000, 0x0000000086a00000|  0%| F|  |TAMS 0x0000000086900000, 0x0000000086900000| Untracked 
| 106|0x0000000086a00000, 0x0000000086a00000, 0x0000000086b00000|  0%| F|  |TAMS 0x0000000086a00000, 0x0000000086a00000| Untracked 
| 107|0x0000000086b00000, 0x0000000086b00000, 0x0000000086c00000|  0%| F|  |TAMS 0x0000000086b00000, 0x0000000086b00000| Untracked 
| 108|0x0000000086c00000, 0x0000000086c00000, 0x0000000086d00000|  0%| F|  |TAMS 0x0000000086c00000, 0x0000000086c00000| Untracked 
| 109|0x0000000086d00000, 0x0000000086d00000, 0x0000000086e00000|  0%| F|  |TAMS 0x0000000086d00000, 0x0000000086d00000| Untracked 
| 110|0x0000000086e00000, 0x0000000086e00000, 0x0000000086f00000|  0%| F|  |TAMS 0x0000000086e00000, 0x0000000086e00000| Untracked 
| 111|0x0000000086f00000, 0x0000000086f00000, 0x0000000087000000|  0%| F|  |TAMS 0x0000000086f00000, 0x0000000086f00000| Untracked 
| 112|0x0000000087000000, 0x0000000087000000, 0x0000000087100000|  0%| F|  |TAMS 0x0000000087000000, 0x0000000087000000| Untracked 
| 113|0x0000000087100000, 0x0000000087100000, 0x0000000087200000|  0%| F|  |TAMS 0x0000000087100000, 0x0000000087100000| Untracked 
| 114|0x0000000087200000, 0x0000000087200000, 0x0000000087300000|  0%| F|  |TAMS 0x0000000087200000, 0x0000000087200000| Untracked 
| 115|0x0000000087300000, 0x0000000087300000, 0x0000000087400000|  0%| F|  |TAMS 0x0000000087300000, 0x0000000087300000| Untracked 
| 116|0x0000000087400000, 0x0000000087400000, 0x0000000087500000|  0%| F|  |TAMS 0x0000000087400000, 0x0000000087400000| Untracked 
| 117|0x0000000087500000, 0x0000000087500000, 0x0000000087600000|  0%| F|  |TAMS 0x0000000087500000, 0x0000000087500000| Untracked 
| 118|0x0000000087600000, 0x0000000087600000, 0x0000000087700000|  0%| F|  |TAMS 0x0000000087600000, 0x0000000087600000| Untracked 
| 119|0x0000000087700000, 0x0000000087700000, 0x0000000087800000|  0%| F|  |TAMS 0x0000000087700000, 0x0000000087700000| Untracked 
| 120|0x0000000087800000, 0x0000000087800000, 0x0000000087900000|  0%| F|  |TAMS 0x0000000087800000, 0x0000000087800000| Untracked 
| 121|0x0000000087900000, 0x0000000087900000, 0x0000000087a00000|  0%| F|  |TAMS 0x0000000087900000, 0x0000000087900000| Untracked 
| 122|0x0000000087a00000, 0x0000000087a00000, 0x0000000087b00000|  0%| F|  |TAMS 0x0000000087a00000, 0x0000000087a00000| Untracked 
| 123|0x0000000087b00000, 0x0000000087b00000, 0x0000000087c00000|  0%| F|  |TAMS 0x0000000087b00000, 0x0000000087b00000| Untracked 
| 124|0x0000000087c00000, 0x0000000087c00000, 0x0000000087d00000|  0%| F|  |TAMS 0x0000000087c00000, 0x0000000087c00000| Untracked 
| 125|0x0000000087d00000, 0x0000000087d00000, 0x0000000087e00000|  0%| F|  |TAMS 0x0000000087d00000, 0x0000000087d00000| Untracked 
| 126|0x0000000087e00000, 0x0000000087e00000, 0x0000000087f00000|  0%| F|  |TAMS 0x0000000087e00000, 0x0000000087e00000| Untracked 
| 127|0x0000000087f00000, 0x0000000087f00000, 0x0000000088000000|  0%| F|  |TAMS 0x0000000087f00000, 0x0000000087f00000| Untracked 
| 128|0x0000000088000000, 0x0000000088000000, 0x0000000088100000|  0%| F|  |TAMS 0x0000000088000000, 0x0000000088000000| Untracked 
| 129|0x0000000088100000, 0x0000000088100000, 0x0000000088200000|  0%| F|  |TAMS 0x0000000088100000, 0x0000000088100000| Untracked 
| 130|0x0000000088200000, 0x0000000088200000, 0x0000000088300000|  0%| F|  |TAMS 0x0000000088200000, 0x0000000088200000| Untracked 
| 131|0x0000000088300000, 0x0000000088300000, 0x0000000088400000|  0%| F|  |TAMS 0x0000000088300000, 0x0000000088300000| Untracked 
| 132|0x0000000088400000, 0x0000000088400000, 0x0000000088500000|  0%| F|  |TAMS 0x0000000088400000, 0x0000000088400000| Untracked 
| 133|0x0000000088500000, 0x0000000088500000, 0x0000000088600000|  0%| F|  |TAMS 0x0000000088500000, 0x0000000088500000| Untracked 
| 134|0x0000000088600000, 0x0000000088600000, 0x0000000088700000|  0%| F|  |TAMS 0x0000000088600000, 0x0000000088600000| Untracked 
| 135|0x0000000088700000, 0x0000000088700000, 0x0000000088800000|  0%| F|  |TAMS 0x0000000088700000, 0x0000000088700000| Untracked 
| 136|0x0000000088800000, 0x0000000088800000, 0x0000000088900000|  0%| F|  |TAMS 0x0000000088800000, 0x0000000088800000| Untracked 
| 137|0x0000000088900000, 0x0000000088900000, 0x0000000088a00000|  0%| F|  |TAMS 0x0000000088900000, 0x0000000088900000| Untracked 
| 138|0x0000000088a00000, 0x0000000088a00000, 0x0000000088b00000|  0%| F|  |TAMS 0x0000000088a00000, 0x0000000088a00000| Untracked 
| 139|0x0000000088b00000, 0x0000000088b00000, 0x0000000088c00000|  0%| F|  |TAMS 0x0000000088b00000, 0x0000000088b00000| Untracked 
| 140|0x0000000088c00000, 0x0000000088c00000, 0x0000000088d00000|  0%| F|  |TAMS 0x0000000088c00000, 0x0000000088c00000| Untracked 
| 141|0x0000000088d00000, 0x0000000088d00000, 0x0000000088e00000|  0%| F|  |TAMS 0x0000000088d00000, 0x0000000088d00000| Untracked 
| 142|0x0000000088e00000, 0x0000000088e00000, 0x0000000088f00000|  0%| F|  |TAMS 0x0000000088e00000, 0x0000000088e00000| Untracked 
| 143|0x0000000088f00000, 0x0000000088f00000, 0x0000000089000000|  0%| F|  |TAMS 0x0000000088f00000, 0x0000000088f00000| Untracked 
| 144|0x0000000089000000, 0x0000000089000000, 0x0000000089100000|  0%| F|  |TAMS 0x0000000089000000, 0x0000000089000000| Untracked 
| 145|0x0000000089100000, 0x0000000089100000, 0x0000000089200000|  0%| F|  |TAMS 0x0000000089100000, 0x0000000089100000| Untracked 
| 146|0x0000000089200000, 0x0000000089200000, 0x0000000089300000|  0%| F|  |TAMS 0x0000000089200000, 0x0000000089200000| Untracked 
| 147|0x0000000089300000, 0x0000000089300000, 0x0000000089400000|  0%| F|  |TAMS 0x0000000089300000, 0x0000000089300000| Untracked 
| 148|0x0000000089400000, 0x0000000089400000, 0x0000000089500000|  0%| F|  |TAMS 0x0000000089400000, 0x0000000089400000| Untracked 
| 149|0x0000000089500000, 0x0000000089500000, 0x0000000089600000|  0%| F|  |TAMS 0x0000000089500000, 0x0000000089500000| Untracked 
| 150|0x0000000089600000, 0x0000000089600000, 0x0000000089700000|  0%| F|  |TAMS 0x0000000089600000, 0x0000000089600000| Untracked 
| 151|0x0000000089700000, 0x0000000089700000, 0x0000000089800000|  0%| F|  |TAMS 0x0000000089700000, 0x0000000089700000| Untracked 
| 152|0x0000000089800000, 0x0000000089800000, 0x0000000089900000|  0%| F|  |TAMS 0x0000000089800000, 0x0000000089800000| Untracked 
| 153|0x0000000089900000, 0x0000000089900000, 0x0000000089a00000|  0%| F|  |TAMS 0x0000000089900000, 0x0000000089900000| Untracked 
| 154|0x0000000089a00000, 0x0000000089a00000, 0x0000000089b00000|  0%| F|  |TAMS 0x0000000089a00000, 0x0000000089a00000| Untracked 
| 155|0x0000000089b00000, 0x0000000089b00000, 0x0000000089c00000|  0%| F|  |TAMS 0x0000000089b00000, 0x0000000089b00000| Untracked 
| 156|0x0000000089c00000, 0x0000000089c00000, 0x0000000089d00000|  0%| F|  |TAMS 0x0000000089c00000, 0x0000000089c00000| Untracked 
| 157|0x0000000089d00000, 0x0000000089d00000, 0x0000000089e00000|  0%| F|  |TAMS 0x0000000089d00000, 0x0000000089d00000| Untracked 
| 158|0x0000000089e00000, 0x0000000089e00000, 0x0000000089f00000|  0%| F|  |TAMS 0x0000000089e00000, 0x0000000089e00000| Untracked 
| 159|0x0000000089f00000, 0x0000000089f00000, 0x000000008a000000|  0%| F|  |TAMS 0x0000000089f00000, 0x0000000089f00000| Untracked 
| 160|0x000000008a000000, 0x000000008a000000, 0x000000008a100000|  0%| F|  |TAMS 0x000000008a000000, 0x000000008a000000| Untracked 
| 161|0x000000008a100000, 0x000000008a100000, 0x000000008a200000|  0%| F|  |TAMS 0x000000008a100000, 0x000000008a100000| Untracked 
| 162|0x000000008a200000, 0x000000008a200000, 0x000000008a300000|  0%| F|  |TAMS 0x000000008a200000, 0x000000008a200000| Untracked 
| 163|0x000000008a300000, 0x000000008a300000, 0x000000008a400000|  0%| F|  |TAMS 0x000000008a300000, 0x000000008a300000| Untracked 
| 164|0x000000008a400000, 0x000000008a400000, 0x000000008a500000|  0%| F|  |TAMS 0x000000008a400000, 0x000000008a400000| Untracked 
| 165|0x000000008a500000, 0x000000008a500000, 0x000000008a600000|  0%| F|  |TAMS 0x000000008a500000, 0x000000008a500000| Untracked 
| 166|0x000000008a600000, 0x000000008a600000, 0x000000008a700000|  0%| F|  |TAMS 0x000000008a600000, 0x000000008a600000| Untracked 
| 167|0x000000008a700000, 0x000000008a700000, 0x000000008a800000|  0%| F|  |TAMS 0x000000008a700000, 0x000000008a700000| Untracked 
| 168|0x000000008a800000, 0x000000008a800000, 0x000000008a900000|  0%| F|  |TAMS 0x000000008a800000, 0x000000008a800000| Untracked 
| 169|0x000000008a900000, 0x000000008a900000, 0x000000008aa00000|  0%| F|  |TAMS 0x000000008a900000, 0x000000008a900000| Untracked 
| 170|0x000000008aa00000, 0x000000008aa00000, 0x000000008ab00000|  0%| F|  |TAMS 0x000000008aa00000, 0x000000008aa00000| Untracked 
| 171|0x000000008ab00000, 0x000000008ab00000, 0x000000008ac00000|  0%| F|  |TAMS 0x000000008ab00000, 0x000000008ab00000| Untracked 
| 172|0x000000008ac00000, 0x000000008ac00000, 0x000000008ad00000|  0%| F|  |TAMS 0x000000008ac00000, 0x000000008ac00000| Untracked 
| 173|0x000000008ad00000, 0x000000008ad00000, 0x000000008ae00000|  0%| F|  |TAMS 0x000000008ad00000, 0x000000008ad00000| Untracked 
| 174|0x000000008ae00000, 0x000000008ae00000, 0x000000008af00000|  0%| F|  |TAMS 0x000000008ae00000, 0x000000008ae00000| Untracked 
| 175|0x000000008af00000, 0x000000008af00000, 0x000000008b000000|  0%| F|  |TAMS 0x000000008af00000, 0x000000008af00000| Untracked 
| 176|0x000000008b000000, 0x000000008b000000, 0x000000008b100000|  0%| F|  |TAMS 0x000000008b000000, 0x000000008b000000| Untracked 
| 177|0x000000008b100000, 0x000000008b100000, 0x000000008b200000|  0%| F|  |TAMS 0x000000008b100000, 0x000000008b100000| Untracked 
| 178|0x000000008b200000, 0x000000008b200000, 0x000000008b300000|  0%| F|  |TAMS 0x000000008b200000, 0x000000008b200000| Untracked 

Card table byte_map: [0x000001606eb40000,0x000001606ef40000] _byte_map_base: 0x000001606e740000

Marking Bits (Prev, Next): (CMBitMap*) 0x000001605bc61d60, (CMBitMap*) 0x000001605bc61d28
 Prev Bits: [0x0000016071340000, 0x0000016073340000)
 Next Bits: [0x000001606f340000, 0x0000016071340000)

Polling page: 0x0000016059b80000

Metaspace:

Usage:
  Non-class:     67.21 MB capacity,    66.13 MB ( 98%) used,   911.66 KB (  1%) free+waste,   193.50 KB ( <1%) overhead. 
      Class:     10.57 MB capacity,     9.89 MB ( 94%) used,   602.26 KB (  6%) free+waste,    89.50 KB ( <1%) overhead. 
       Both:     77.78 MB capacity,    76.02 MB ( 98%) used,     1.48 MB (  2%) free+waste,   283.00 KB ( <1%) overhead. 

Virtual space:
  Non-class space:       68.00 MB reserved,      67.45 MB (>99%) committed 
      Class space:        1.00 GB reserved,      10.70 MB (  1%) committed 
             Both:        1.07 GB reserved,      78.15 MB (  7%) committed 

Chunk freelists:
   Non-Class:  57.00 KB
       Class:  27.00 KB
        Both:  84.00 KB

MaxMetaspaceSize: 17179869184.00 GB
CompressedClassSpaceSize: 1.00 GB
Initial GC threshold: 20.80 MB
Current GC threshold: 99.00 MB
CDS: off

CodeHeap 'non-profiled nmethods': size=120064Kb used=4192Kb max_used=4192Kb free=115871Kb
 bounds [0x0000016067200000, 0x0000016067620000, 0x000001606e740000]
CodeHeap 'profiled nmethods': size=120000Kb used=15371Kb max_used=15371Kb free=104628Kb
 bounds [0x000001605fcd0000, 0x0000016060be0000, 0x0000016067200000]
CodeHeap 'non-nmethods': size=5696Kb used=2356Kb max_used=2415Kb free=3340Kb
 bounds [0x000001605f740000, 0x000001605f9b0000, 0x000001605fcd0000]
 total_blobs=8158 nmethods=7286 adapters=784
 compilation: enabled
              stopped_count=0, restarted_count=0
 full_count=0

Compilation events (20 events):
Event: 13.212 Thread 0x0000016075848000 7320       4       java.util.LinkedHashMap$Entry::<init> (10 bytes)
Event: 13.212 Thread 0x000001607584d800 7332       3       java.lang.reflect.Constructor::getTypeParameters (20 bytes)
Event: 13.213 Thread 0x000001607584d800 nmethod 7332 0x0000016060bcea90 code [0x0000016060bced60, 0x0000016060bcffb8]
Event: 13.213 Thread 0x000001607584d800 7333       3       org.gradle.api.internal.tasks.DefaultTaskDependency::<init> (9 bytes)
Event: 13.214 Thread 0x000001607584d800 nmethod 7333 0x0000016060bd0590 code [0x0000016060bd0760, 0x0000016060bd0a98]
Event: 13.214 Thread 0x000001607584d800 7335       3       org.gradle.api.Task$Namer::determineName (9 bytes)
Event: 13.214 Thread 0x000001607584d800 nmethod 7335 0x0000016060bd0c10 code [0x0000016060bd0de0, 0x0000016060bd1108]
Event: 13.214 Thread 0x000001607584d800 7336       3       org.gradle.api.Task$Namer::determineName (7 bytes)
Event: 13.214 Thread 0x000001607584d800 nmethod 7336 0x0000016060bd1210 code [0x0000016060bd13c0, 0x0000016060bd1588]
Event: 13.215 Thread 0x000001607584d800 7337       3       org.gradle.api.internal.collections.FilteredCollection$FilteringIterator::next (30 bytes)
Event: 13.215 Thread 0x0000016075848000 nmethod 7320 0x0000016067616b90 code [0x0000016067616d20, 0x0000016067616ff8]
Event: 13.215 Thread 0x000001607584d800 nmethod 7337 0x0000016060bd1690 code [0x0000016060bd1860, 0x0000016060bd1b18]
Event: 13.215 Thread 0x000001607584d800 7338       3       java.util.Iterator::forEachRemaining (30 bytes)
Event: 13.215 Thread 0x0000016075848000 7334       4       org.gradle.api.internal.project.taskfactory.DefaultTaskClassInfoStore::createTaskAction (215 bytes)
Event: 13.215 Thread 0x000001607584d800 nmethod 7338 0x0000016060bd1c10 code [0x0000016060bd1e20, 0x0000016060bd2358]
Event: 13.215 Thread 0x000001607584d800 7339       3       org.gradle.api.internal.artifacts.configurations.DefaultConfiguration_Decorated::isCanBeConsumed (45 bytes)
Event: 13.216 Thread 0x000001607584d800 nmethod 7339 0x0000016060bd2510 code [0x0000016060bd2700, 0x0000016060bd2b38]
Event: 13.229 Thread 0x000001607584d800 7343   !   3       org.gradle.internal.instantiation.generator.AbstractClassGenerator::generateUnderLock (702 bytes)
Event: 13.230 Thread 0x0000016075848000 nmethod 7334 0x0000016067617090 code [0x00000160676172c0, 0x0000016067617b70]
Event: 13.230 Thread 0x0000016075848000 7341       4       org.objectweb.asm.Type::appendDescriptor (185 bytes)

GC Heap History (20 events):
Event: 3.008 GC heap after
{Heap after GC invocations=4 (full 0):
 garbage-first heap   total 126976K, used 16804K [0x0000000080000000, 0x0000000100000000)
  region size 1024K, 6 young (6144K), 6 survivors (6144K)
 Metaspace       used 17555K, capacity 17907K, committed 18048K, reserved 1064960K
  class space    used 2044K, capacity 2145K, committed 2176K, reserved 1048576K
}
Event: 3.348 GC heap before
{Heap before GC invocations=4 (full 0):
 garbage-first heap   total 126976K, used 44452K [0x0000000080000000, 0x0000000100000000)
  region size 1024K, 35 young (35840K), 6 survivors (6144K)
 Metaspace       used 20813K, capacity 21189K, committed 21296K, reserved 1069056K
  class space    used 2530K, capacity 2688K, committed 2688K, reserved 1048576K
}
Event: 3.356 GC heap after
{Heap after GC invocations=5 (full 0):
 garbage-first heap   total 152576K, used 18102K [0x0000000080000000, 0x0000000100000000)
  region size 1024K, 5 young (5120K), 5 survivors (5120K)
 Metaspace       used 20813K, capacity 21189K, committed 21296K, reserved 1069056K
  class space    used 2530K, capacity 2688K, committed 2688K, reserved 1048576K
}
Event: 4.146 GC heap before
{Heap before GC invocations=6 (full 0):
 garbage-first heap   total 152576K, used 71350K [0x0000000080000000, 0x0000000100000000)
  region size 1024K, 57 young (58368K), 5 survivors (5120K)
 Metaspace       used 26605K, capacity 27247K, committed 27520K, reserved 1073152K
  class space    used 3438K, capacity 3672K, committed 3712K, reserved 1048576K
}
Event: 4.157 GC heap after
{Heap after GC invocations=7 (full 0):
 garbage-first heap   total 152576K, used 20253K [0x0000000080000000, 0x0000000100000000)
  region size 1024K, 4 young (4096K), 4 survivors (4096K)
 Metaspace       used 26605K, capacity 27247K, committed 27520K, reserved 1073152K
  class space    used 3438K, capacity 3672K, committed 3712K, reserved 1048576K
}
Event: 5.292 GC heap before
{Heap before GC invocations=7 (full 0):
 garbage-first heap   total 152576K, used 80669K [0x0000000080000000, 0x0000000100000000)
  region size 1024K, 64 young (65536K), 4 survivors (4096K)
 Metaspace       used 35191K, capacity 35977K, committed 36048K, reserved 1081344K
  class space    used 4524K, capacity 4840K, committed 4864K, reserved 1048576K
}
Event: 5.303 GC heap after
{Heap after GC invocations=8 (full 0):
 garbage-first heap   total 152576K, used 23453K [0x0000000080000000, 0x0000000100000000)
  region size 1024K, 7 young (7168K), 7 survivors (7168K)
 Metaspace       used 35191K, capacity 35977K, committed 36048K, reserved 1081344K
  class space    used 4524K, capacity 4840K, committed 4864K, reserved 1048576K
}
Event: 6.546 GC heap before
{Heap before GC invocations=9 (full 0):
 garbage-first heap   total 152576K, used 109469K [0x0000000080000000, 0x0000000100000000)
  region size 1024K, 89 young (91136K), 7 survivors (7168K)
 Metaspace       used 41917K, capacity 42915K, committed 43164K, reserved 1087488K
  class space    used 5340K, capacity 5730K, committed 5836K, reserved 1048576K
}
Event: 6.564 GC heap after
{Heap after GC invocations=10 (full 0):
 garbage-first heap   total 152576K, used 29484K [0x0000000080000000, 0x0000000100000000)
  region size 1024K, 12 young (12288K), 12 survivors (12288K)
 Metaspace       used 41917K, capacity 42915K, committed 43164K, reserved 1087488K
  class space    used 5340K, capacity 5730K, committed 5836K, reserved 1048576K
}
Event: 7.761 GC heap before
{Heap before GC invocations=10 (full 0):
 garbage-first heap   total 152576K, used 108332K [0x0000000080000000, 0x0000000100000000)
  region size 1024K, 89 young (91136K), 12 survivors (12288K)
 Metaspace       used 48065K, capacity 49279K, committed 49564K, reserved 1091584K
  class space    used 6101K, capacity 6531K, committed 6604K, reserved 1048576K
}
Event: 7.787 GC heap after
{Heap after GC invocations=11 (full 0):
 garbage-first heap   total 183296K, used 32220K [0x0000000080000000, 0x0000000100000000)
  region size 1024K, 9 young (9216K), 9 survivors (9216K)
 Metaspace       used 48065K, capacity 49279K, committed 49564K, reserved 1091584K
  class space    used 6101K, capacity 6531K, committed 6604K, reserved 1048576K
}
Event: 9.330 GC heap before
{Heap before GC invocations=11 (full 0):
 garbage-first heap   total 183296K, used 136668K [0x0000000080000000, 0x0000000100000000)
  region size 1024K, 107 young (109568K), 9 survivors (9216K)
 Metaspace       used 58393K, capacity 59853K, committed 60188K, reserved 1101824K
  class space    used 7366K, capacity 7928K, committed 8012K, reserved 1048576K
}
Event: 9.357 GC heap after
{Heap after GC invocations=12 (full 0):
 garbage-first heap   total 183296K, used 46094K [0x0000000080000000, 0x0000000100000000)
  region size 1024K, 13 young (13312K), 13 survivors (13312K)
 Metaspace       used 58393K, capacity 59853K, committed 60188K, reserved 1101824K
  class space    used 7366K, capacity 7928K, committed 8012K, reserved 1048576K
}
Event: 9.446 GC heap before
{Heap before GC invocations=12 (full 0):
 garbage-first heap   total 183296K, used 52238K [0x0000000080000000, 0x0000000100000000)
  region size 1024K, 20 young (20480K), 13 survivors (13312K)
 Metaspace       used 58962K, capacity 60399K, committed 60572K, reserved 1101824K
  class space    used 7453K, capacity 8004K, committed 8140K, reserved 1048576K
}
Event: 9.463 GC heap after
{Heap after GC invocations=13 (full 0):
 garbage-first heap   total 183296K, used 47587K [0x0000000080000000, 0x0000000100000000)
  region size 1024K, 2 young (2048K), 2 survivors (2048K)
 Metaspace       used 58962K, capacity 60399K, committed 60572K, reserved 1101824K
  class space    used 7453K, capacity 8004K, committed 8140K, reserved 1048576K
}
Event: 10.961 GC heap before
{Heap before GC invocations=14 (full 0):
 garbage-first heap   total 183296K, used 133603K [0x0000000080000000, 0x0000000100000000)
  region size 1024K, 79 young (80896K), 2 survivors (2048K)
 Metaspace       used 64993K, capacity 66531K, committed 66716K, reserved 1107968K
  class space    used 8205K, capacity 8795K, committed 8908K, reserved 1048576K
}
Event: 10.973 GC heap after
{Heap after GC invocations=15 (full 0):
 garbage-first heap   total 183296K, used 52870K [0x0000000080000000, 0x0000000100000000)
  region size 1024K, 7 young (7168K), 7 survivors (7168K)
 Metaspace       used 64993K, capacity 66531K, committed 66716K, reserved 1107968K
  class space    used 8205K, capacity 8795K, committed 8908K, reserved 1048576K
}
Event: 11.972 GC heap before
{Heap before GC invocations=15 (full 0):
 garbage-first heap   total 183296K, used 131718K [0x0000000080000000, 0x0000000100000000)
  region size 1024K, 84 young (86016K), 7 survivors (7168K)
 Metaspace       used 69902K, capacity 71523K, committed 71580K, reserved 1112064K
  class space    used 9026K, capacity 9643K, committed 9676K, reserved 1048576K
}
Event: 11.989 GC heap after
{Heap after GC invocations=16 (full 0):
 garbage-first heap   total 183296K, used 58567K [0x0000000080000000, 0x0000000100000000)
  region size 1024K, 6 young (6144K), 6 survivors (6144K)
 Metaspace       used 69902K, capacity 71523K, committed 71580K, reserved 1112064K
  class space    used 9026K, capacity 9643K, committed 9676K, reserved 1048576K
}
Event: 13.237 GC heap before
{Heap before GC invocations=16 (full 0):
 garbage-first heap   total 183296K, used 135367K [0x0000000080000000, 0x0000000100000000)
  region size 1024K, 81 young (82944K), 6 survivors (6144K)
 Metaspace       used 77847K, capacity 79644K, committed 80028K, reserved 1118208K
  class space    used 10129K, capacity 10821K, committed 10956K, reserved 1048576K
}

Deoptimization events (20 events):
Event: 13.081 Thread 0x0000016078479000 DEOPT PACKING pc=0x00000160607471e3 sp=0x0000001ef3ef8be0
Event: 13.081 Thread 0x0000016078479000 DEOPT UNPACKING pc=0x000001605f78a95e sp=0x0000001ef3ef8090 mode 0
Event: 13.081 Thread 0x0000016078479000 DEOPT PACKING pc=0x00000160607471e3 sp=0x0000001ef3ef8be0
Event: 13.081 Thread 0x0000016078479000 DEOPT UNPACKING pc=0x000001605f78a95e sp=0x0000001ef3ef8090 mode 0
Event: 13.081 Thread 0x0000016078479000 DEOPT PACKING pc=0x00000160607471e3 sp=0x0000001ef3ef8be0
Event: 13.081 Thread 0x0000016078479000 DEOPT UNPACKING pc=0x000001605f78a95e sp=0x0000001ef3ef8090 mode 0
Event: 13.099 Thread 0x0000016078479000 Uncommon trap: trap_request=0xffffff4d fr.pc=0x0000016067591c44 relative=0x00000000000000a4
Event: 13.099 Thread 0x0000016078479000 Uncommon trap: reason=unstable_if action=reinterpret pc=0x0000016067591c44 method=java.lang.CharacterDataLatin1.digit(II)I @ 12 c2
Event: 13.099 Thread 0x0000016078479000 DEOPT PACKING pc=0x0000016067591c44 sp=0x0000001ef3ef9110
Event: 13.099 Thread 0x0000016078479000 DEOPT UNPACKING pc=0x000001605f78a1af sp=0x0000001ef3ef9088 mode 2
Event: 13.122 Thread 0x0000016078479000 Uncommon trap: trap_request=0xffffff4d fr.pc=0x00000160672259dc relative=0x000000000000003c
Event: 13.122 Thread 0x0000016078479000 Uncommon trap: reason=unstable_if action=reinterpret pc=0x00000160672259dc method=sun.nio.fs.WindowsPathParser.isSlash(C)Z @ 9 c2
Event: 13.122 Thread 0x0000016078479000 DEOPT PACKING pc=0x00000160672259dc sp=0x0000001ef3ef9760
Event: 13.122 Thread 0x0000016078479000 DEOPT UNPACKING pc=0x000001605f78a1af sp=0x0000001ef3ef96e8 mode 2
Event: 13.144 Thread 0x0000016078479000 DEOPT PACKING pc=0x00000160608c8a27 sp=0x0000001ef3ef79c0
Event: 13.144 Thread 0x0000016078479000 DEOPT UNPACKING pc=0x000001605f78a95e sp=0x0000001ef3ef6e50 mode 0
Event: 13.181 Thread 0x0000016078479000 Uncommon trap: trap_request=0xffffff4d fr.pc=0x00000160674c0f7c relative=0x00000000000006fc
Event: 13.181 Thread 0x0000016078479000 Uncommon trap: reason=unstable_if action=reinterpret pc=0x00000160674c0f7c method=java.util.HashMap.putVal(ILjava/lang/Object;Ljava/lang/Object;ZZ)Ljava/lang/Object; @ 109 c2
Event: 13.181 Thread 0x0000016078479000 DEOPT PACKING pc=0x00000160674c0f7c sp=0x0000001ef3ef78e0
Event: 13.181 Thread 0x0000016078479000 DEOPT UNPACKING pc=0x000001605f78a1af sp=0x0000001ef3ef77f8 mode 2

Classes redefined (0 events):
No events

Internal exceptions (20 events):
Event: 11.328 Thread 0x0000016078479000 Exception <a 'java/lang/ClassNotFoundException'{0x000000008893c778}: org/gradle/api/internal/file/AbstractFileCollectionBeanInfo> (0x000000008893c778) thrown at [./src/hotspot/share/classfile/systemDictionary.cpp, line 231]
Event: 11.329 Thread 0x0000016078479000 Exception <a 'java/lang/ClassNotFoundException'{0x000000008896fcc8}: org/gradle/api/internal/file/AbstractFileCollectionCustomizer> (0x000000008896fcc8) thrown at [./src/hotspot/share/classfile/systemDictionary.cpp, line 231]
Event: 11.332 Thread 0x0000016078479000 Exception <a 'java/lang/ClassNotFoundException'{0x00000000889b5518}: org/gradle/api/internal/file/CompositeFileCollectionCustomizer> (0x00000000889b5518) thrown at [./src/hotspot/share/classfile/systemDictionary.cpp, line 231]
Event: 11.334 Thread 0x0000016078479000 Exception <a 'java/lang/ClassNotFoundException'{0x00000000889eeab0}: org/gradle/api/internal/file/CompositeFileTreeCustomizer> (0x00000000889eeab0) thrown at [./src/hotspot/share/classfile/systemDictionary.cpp, line 231]
Event: 11.336 Thread 0x0000016078479000 Exception <a 'java/lang/ClassNotFoundException'{0x0000000088833c80}: org/gradle/api/internal/file/collections/DefaultConfigurableFileTreeCustomizer> (0x0000000088833c80) thrown at [./src/hotspot/share/classfile/systemDictionary.cpp, line 231]
Event: 12.183 Thread 0x0000016078479000 Exception <a 'java/lang/ClassNotFoundException'{0x000000008a7c8910}: com/android/build/gradle/internal/api/ApkVariantOutputImpl_DecoratedBeanInfo> (0x000000008a7c8910) thrown at [./src/hotspot/share/classfile/systemDictionary.cpp, line 231]
Event: 12.184 Thread 0x0000016078479000 Exception <a 'java/lang/ClassNotFoundException'{0x000000008a7e3398}: com/android/build/gradle/internal/api/ApkVariantOutputImplBeanInfo> (0x000000008a7e3398) thrown at [./src/hotspot/share/classfile/systemDictionary.cpp, line 231]
Event: 12.184 Thread 0x0000016078479000 Exception <a 'java/lang/ClassNotFoundException'{0x000000008a7fe618}: com/android/build/gradle/internal/api/BaseVariantOutputImplBeanInfo> (0x000000008a7fe618) thrown at [./src/hotspot/share/classfile/systemDictionary.cpp, line 231]
Event: 12.185 Thread 0x0000016078479000 Exception <a 'java/lang/ClassNotFoundException'{0x000000008a619e50}: com/android/build/gradle/internal/api/BaseVariantOutputImplCustomizer> (0x000000008a619e50) thrown at [./src/hotspot/share/classfile/systemDictionary.cpp, line 231]
Event: 12.186 Thread 0x0000016078479000 Exception <a 'java/lang/ClassNotFoundException'{0x000000008a6477d0}: com/android/build/gradle/internal/api/ApkVariantOutputImplCustomizer> (0x000000008a6477d0) thrown at [./src/hotspot/share/classfile/systemDictionary.cpp, line 231]
Event: 12.187 Thread 0x0000016078479000 Exception <a 'java/lang/ClassNotFoundException'{0x000000008a6716e8}: com/android/build/gradle/internal/api/ApkVariantOutputImpl_DecoratedCustomizer> (0x000000008a6716e8) thrown at [./src/hotspot/share/classfile/systemDictionary.cpp, line 231]
Event: 12.203 Thread 0x0000016078479000 Exception <a 'java/lang/NoClassDefFoundError'{0x000000008a5e2348}: org/jetbrains/kotlin/gradle/plugin/KotlinBasePluginWrapper> (0x000000008a5e2348) thrown at [./src/hotspot/share/classfile/systemDictionary.cpp, line 220]
Event: 12.617 Thread 0x0000016078479000 Exception <a 'sun/nio/fs/WindowsException'{0x0000000088b23b00}> (0x0000000088b23b00) thrown at [./src/hotspot/share/prims/jni.cpp, line 616]
Event: 12.757 Thread 0x0000016078479000 Exception <a 'java/lang/NullPointerException'{0x00000000881453f0}> (0x00000000881453f0) thrown at [./src/hotspot/share/interpreter/linkResolver.cpp, line 1440]
Event: 13.047 Thread 0x0000016078479000 Exception <a 'java/lang/NoSuchMethodError'{0x00000000871685c8}: 'int java.lang.invoke.DirectMethodHandle$Holder.invokeStatic(java.lang.Object, java.lang.Object, int, java.lang.Object)'> (0x00000000871685c8) thrown at [./src/hotspot/share/interpreter/linkResolver.cpp, line 773]
Event: 13.047 Thread 0x0000016078479000 Exception <a 'java/lang/NoSuchMethodError'{0x000000008716f718}: 'java.lang.Object java.lang.invoke.Invokers$Holder.linkToTargetMethod(java.lang.Object, int, java.lang.Object)'> (0x000000008716f718) thrown at [./src/hotspot/share/interpreter/linkResolver.cpp, line 773]
Event: 13.104 Thread 0x0000016078479000 Exception <a 'sun/nio/fs/WindowsException'{0x000000008709a840}> (0x000000008709a840) thrown at [./src/hotspot/share/prims/jni.cpp, line 616]
Event: 13.105 Thread 0x0000016078479000 Exception <a 'sun/nio/fs/WindowsException'{0x000000008709bbf8}> (0x000000008709bbf8) thrown at [./src/hotspot/share/prims/jni.cpp, line 616]
Event: 13.105 Thread 0x0000016078479000 Exception <a 'sun/nio/fs/WindowsException'{0x000000008709cfe8}> (0x000000008709cfe8) thrown at [./src/hotspot/share/prims/jni.cpp, line 616]
Event: 13.105 Thread 0x0000016078479000 Exception <a 'sun/nio/fs/WindowsException'{0x000000008709e3d8}> (0x000000008709e3d8) thrown at [./src/hotspot/share/prims/jni.cpp, line 616]

Events (20 events):
Event: 13.223 loading class com/android/build/gradle/internal/lint/LintOptionsInput done
Event: 13.224 loading class com/android/tools/lint/model/LintModelModule
Event: 13.224 loading class com/android/tools/lint/model/LintModelModule done
Event: 13.224 loading class com/android/build/gradle/internal/lint/LintMode
Event: 13.224 loading class com/android/build/gradle/internal/lint/LintMode done
Event: 13.225 loading class com/android/tools/lint/model/LintModelModuleType
Event: 13.225 loading class com/android/tools/lint/model/LintModelModuleType done
Event: 13.228 loading class com/android/build/gradle/internal/lint/ProjectInputs$initializeFromProject$1
Event: 13.228 loading class com/android/build/gradle/internal/lint/ProjectInputs$initializeFromProject$1 done
Event: 13.229 loading class com/android/tools/lint/model/LintModelLintOptions
Event: 13.229 loading class com/android/tools/lint/model/LintModelLintOptions done
Event: 13.234 loading class com/android/build/gradle/internal/lint/LintOptionsInput$WhenMappings
Event: 13.234 loading class com/android/build/gradle/internal/lint/LintOptionsInput$WhenMappings done
Event: 13.236 loading class com/android/build/gradle/internal/lint/SdkVersionInput
Event: 13.236 loading class com/android/build/gradle/internal/lint/SdkVersionInput done
Event: 13.236 loading class com/android/build/gradle/internal/lint/BuildFeaturesInput
Event: 13.236 loading class com/android/build/gradle/internal/lint/BuildFeaturesInput done
Event: 13.237 loading class com/android/build/gradle/internal/lint/AndroidArtifactInput
Event: 13.237 loading class com/android/build/gradle/internal/lint/AndroidArtifactInput done
Event: 13.237 Executing VM operation: G1CollectForAllocation


Dynamic libraries:
0x00007ff7192b0000 - 0x00007ff7192ba000 	C:\Program Files\Android\Android Studio\jre\bin\java.exe
0x00007ffce31f0000 - 0x00007ffce33e5000 	C:\Windows\SYSTEM32\ntdll.dll
0x00007ffcd2a10000 - 0x00007ffcd2a29000 	C:\Program Files\Avast Software\Avast\aswhook.dll
0x00007ffce2300000 - 0x00007ffce23be000 	C:\Windows\System32\KERNEL32.DLL
0x00007ffce0b20000 - 0x00007ffce0de8000 	C:\Windows\System32\KERNELBASE.dll
0x00007ffce0f50000 - 0x00007ffce1050000 	C:\Windows\System32\ucrtbase.dll
0x00007ffcc9670000 - 0x00007ffcc9687000 	C:\Program Files\Android\Android Studio\jre\bin\VCRUNTIME140.dll
0x00007ffcc66b0000 - 0x00007ffcc66c9000 	C:\Program Files\Android\Android Studio\jre\bin\jli.dll
0x00007ffce2650000 - 0x00007ffce27f1000 	C:\Windows\System32\USER32.dll
0x00007ffcd2a30000 - 0x00007ffcd2cca000 	C:\Windows\WinSxS\amd64_microsoft.windows.common-controls_6595b64144ccf1df_6.0.19041.1110_none_60b5254171f9507e\COMCTL32.dll
0x00007ffce0990000 - 0x00007ffce09b2000 	C:\Windows\System32\win32u.dll
0x00007ffce1460000 - 0x00007ffce14fe000 	C:\Windows\System32\msvcrt.dll
0x00007ffce2270000 - 0x00007ffce229b000 	C:\Windows\System32\GDI32.dll
0x00007ffce0a10000 - 0x00007ffce0b1d000 	C:\Windows\System32\gdi32full.dll
0x00007ffce1050000 - 0x00007ffce10ed000 	C:\Windows\System32\msvcp_win.dll
0x00007ffce2800000 - 0x00007ffce2830000 	C:\Windows\System32\IMM32.DLL
0x00007ffc97d80000 - 0x00007ffc97e1d000 	C:\Program Files\Android\Android Studio\jre\bin\msvcp140.dll
0x00007ffc836c0000 - 0x00007ffc841c2000 	C:\Program Files\Android\Android Studio\jre\bin\server\jvm.dll
0x00007ffce3030000 - 0x00007ffce30dc000 	C:\Windows\System32\ADVAPI32.dll
0x00007ffce25b0000 - 0x00007ffce264b000 	C:\Windows\System32\sechost.dll
0x00007ffce1b90000 - 0x00007ffce1cba000 	C:\Windows\System32\RPCRT4.dll
0x00007ffce13a0000 - 0x00007ffce13a8000 	C:\Windows\System32\PSAPI.DLL
0x00007ffcce430000 - 0x00007ffcce439000 	C:\Windows\SYSTEM32\WSOCK32.dll
0x00007ffcd6ba0000 - 0x00007ffcd6baa000 	C:\Windows\SYSTEM32\VERSION.dll
0x00007ffcd2cd0000 - 0x00007ffcd2cf7000 	C:\Windows\SYSTEM32\WINMM.dll
0x00007ffce3140000 - 0x00007ffce31ab000 	C:\Windows\System32\WS2_32.dll
0x00007ffcde9a0000 - 0x00007ffcde9b2000 	C:\Windows\SYSTEM32\kernel.appcore.dll
0x00007ffcd9d40000 - 0x00007ffcd9d51000 	C:\Program Files\Android\Android Studio\jre\bin\verify.dll
0x00007ffcd0db0000 - 0x00007ffcd0f94000 	C:\Windows\SYSTEM32\DBGHELP.DLL
0x00007ffcd0cc0000 - 0x00007ffcd0cec000 	C:\Windows\SYSTEM32\dbgcore.DLL
0x00007ffce11a0000 - 0x00007ffce1223000 	C:\Windows\System32\bcryptPrimitives.dll
0x00007ffcd9d10000 - 0x00007ffcd9d39000 	C:\Program Files\Android\Android Studio\jre\bin\java.dll
0x00007ffcd9d00000 - 0x00007ffcd9d0b000 	C:\Program Files\Android\Android Studio\jre\bin\jimage.dll
0x00007ffcd99c0000 - 0x00007ffcd99d8000 	C:\Program Files\Android\Android Studio\jre\bin\zip.dll
0x00007ffce2830000 - 0x00007ffce2f74000 	C:\Windows\System32\SHELL32.dll
0x00007ffcdeba0000 - 0x00007ffcdf334000 	C:\Windows\SYSTEM32\windows.storage.dll
0x00007ffce1750000 - 0x00007ffce1aa5000 	C:\Windows\System32\combase.dll
0x00007ffce0280000 - 0x00007ffce02ae000 	C:\Windows\SYSTEM32\Wldp.dll
0x00007ffce13b0000 - 0x00007ffce145d000 	C:\Windows\System32\SHCORE.dll
0x00007ffce2550000 - 0x00007ffce25a5000 	C:\Windows\System32\shlwapi.dll
0x00007ffce0840000 - 0x00007ffce085f000 	C:\Windows\SYSTEM32\profapi.dll
0x00007ffcd99a0000 - 0x00007ffcd99ba000 	C:\Program Files\Android\Android Studio\jre\bin\net.dll
0x00007ffcd8260000 - 0x00007ffcd836c000 	C:\Windows\SYSTEM32\WINHTTP.dll
0x00007ffcdffe0000 - 0x00007ffce004a000 	C:\Windows\system32\mswsock.dll
0x00007ffcd9980000 - 0x00007ffcd9994000 	C:\Program Files\Android\Android Studio\jre\bin\nio.dll
0x00007ffcc6b80000 - 0x00007ffcc6ba7000 	D:\gradle_path\native\e1d6ef7f7dcc3fd88c89a11ec53ec762bb8ba0a96d01ffa2cd45eb1d1d8dd5c5\windows-amd64\native-platform.dll
0x00007ffc947a0000 - 0x00007ffc948e4000 	D:\gradle_path\native\0d407fdbe67a94daf76414ababcb853783967236a71b16ec16e742cd7a986fd3\windows-amd64\native-platform-file-events.dll
0x00007ffcd9970000 - 0x00007ffcd997a000 	C:\Program Files\Android\Android Studio\jre\bin\management.dll
0x00007ffcd9960000 - 0x00007ffcd996d000 	C:\Program Files\Android\Android Studio\jre\bin\management_ext.dll
0x00007ffce01d0000 - 0x00007ffce01e8000 	C:\Windows\SYSTEM32\CRYPTSP.dll
0x00007ffcdfb10000 - 0x00007ffcdfb44000 	C:\Windows\system32\rsaenh.dll
0x00007ffce0900000 - 0x00007ffce0927000 	C:\Windows\System32\bcrypt.dll
0x00007ffce07b0000 - 0x00007ffce07de000 	C:\Windows\SYSTEM32\USERENV.dll
0x00007ffce01f0000 - 0x00007ffce01fc000 	C:\Windows\SYSTEM32\CRYPTBASE.dll
0x00007ffcdfcd0000 - 0x00007ffcdfd0b000 	C:\Windows\SYSTEM32\IPHLPAPI.DLL
0x00007ffce2420000 - 0x00007ffce2428000 	C:\Windows\System32\NSI.dll
0x00007ffcd9b40000 - 0x00007ffcd9b57000 	C:\Windows\SYSTEM32\dhcpcsvc6.DLL
0x00007ffcd9b20000 - 0x00007ffcd9b3d000 	C:\Windows\SYSTEM32\dhcpcsvc.DLL
0x00007ffcdfd10000 - 0x00007ffcdfddb000 	C:\Windows\SYSTEM32\DNSAPI.dll

dbghelp: loaded successfully - version: 4.0.5 - missing functions: none
symbol engine: initialized successfully - sym options: 0x614 - pdb path: .;C:\Program Files\Android\Android Studio\jre\bin;C:\Windows\SYSTEM32;C:\Program Files\Avast Software\Avast;C:\Windows\WinSxS\amd64_microsoft.windows.common-controls_6595b64144ccf1df_6.0.19041.1110_none_60b5254171f9507e;C:\Program Files\Android\Android Studio\jre\bin\server;D:\gradle_path\native\e1d6ef7f7dcc3fd88c89a11ec53ec762bb8ba0a96d01ffa2cd45eb1d1d8dd5c5\windows-amd64;D:\gradle_path\native\0d407fdbe67a94daf76414ababcb853783967236a71b16ec16e742cd7a986fd3\windows-amd64

VM Arguments:
jvm_args: --add-opens=java.base/java.util=ALL-UNNAMED --add-opens=java.base/java.lang=ALL-UNNAMED --add-opens=java.base/java.lang.invoke=ALL-UNNAMED --add-opens=java.base/java.util=ALL-UNNAMED --add-opens=java.prefs/java.util.prefs=ALL-UNNAMED --add-opens=java.prefs/java.util.prefs=ALL-UNNAMED --add-opens=java.base/java.nio.charset=ALL-UNNAMED --add-opens=java.base/java.net=ALL-UNNAMED --add-opens=java.base/java.util.concurrent.atomic=ALL-UNNAMED -Xmx2048m -Dfile.encoding=UTF-8 -Duser.country=US -Duser.language=en -Duser.variant 
java_command: org.gradle.launcher.daemon.bootstrap.GradleDaemon 7.4
java_class_path (initial): D:\gradle_path\wrapper\dists\gradle-7.4-bin\c0gwcg53nkjbqw7r0h0umtfvt\gradle-7.4\lib\gradle-launcher-7.4.jar
Launcher Type: SUN_STANDARD

[Global flags]
     intx CICompilerCount                          = 3                                         {product} {ergonomic}
     uint ConcGCThreads                            = 1                                         {product} {ergonomic}
     uint G1ConcRefinementThreads                  = 4                                         {product} {ergonomic}
   size_t G1HeapRegionSize                         = 1048576                                   {product} {ergonomic}
    uintx GCDrainStackTargetSize                   = 64                                        {product} {ergonomic}
   size_t InitialHeapSize                          = 130023424                                 {product} {ergonomic}
   size_t MarkStackSize                            = 4194304                                   {product} {ergonomic}
   size_t MaxHeapSize                              = 2147483648                                {product} {command line}
   size_t MaxNewSize                               = 1287651328                                {product} {ergonomic}
   size_t MinHeapDeltaBytes                        = 1048576                                   {product} {ergonomic}
    uintx NonNMethodCodeHeapSize                   = 5830732                                {pd product} {ergonomic}
    uintx NonProfiledCodeHeapSize                  = 122913754                              {pd product} {ergonomic}
    uintx ProfiledCodeHeapSize                     = 122913754                              {pd product} {ergonomic}
    uintx ReservedCodeCacheSize                    = 251658240                              {pd product} {ergonomic}
     bool SegmentedCodeCache                       = true                                      {product} {ergonomic}
     bool UseCompressedClassPointers               = true                                 {lp64_product} {ergonomic}
     bool UseCompressedOops                        = true                                 {lp64_product} {ergonomic}
     bool UseG1GC                                  = true                                      {product} {ergonomic}
     bool UseLargePagesIndividualAllocation        = false                                  {pd product} {ergonomic}

Logging:
Log output configuration:
 #0: stdout all=warning uptime,level,tags
 #1: stderr all=off uptime,level,tags

Environment Variables:
PATH=C:\Program Files\Common Files\Oracle\Java\javapath;C:\Program Files (x86)\Common Files\Oracle\Java\javapath;C:\Windows\system32;C:\Windows;C:\Windows\System32\Wbem;C:\Windows\System32\WindowsPowerShell\v1.0\;C:\Windows\System32\OpenSSH\;C:\Program Files\Intel\WiFi\bin\;C:\Program Files\Common Files\Intel\WirelessCommon\;C:\Program Files\Git\cmd;D:\xampp\php;C:\ProgramData\ComposerSetup\bin;C:\Users\rockerhead\AppData\Local\Microsoft\WindowsApps;C:\Program Files\Intel\WiFi\bin\;C:\Program Files\Common Files\Intel\WirelessCommon\;C:\MinGW\bin;C:\Users\rockerhead\AppData\Roaming\Composer\vendor\bin
USERNAME=rockerhead
OS=Windows_NT
PROCESSOR_IDENTIFIER=Intel64 Family 6 Model 69 Stepping 1, GenuineIntel



---------------  S Y S T E M  ---------------

OS: Windows 10 , 64 bit Build 19041 (10.0.19041.1348)
OS uptime: 0 days 4:50 hours

CPU:total 4 (initial active 4) (2 cores per cpu, 2 threads per core) family 6 model 69 stepping 1 microcode 0x25, cmov, cx8, fxsr, mmx, sse, sse2, sse3, ssse3, sse4.1, sse4.2, popcnt, avx, avx2, aes, clmul, erms, lzcnt, ht, tsc, tscinvbit, bmi1, bmi2, fma

Memory: 4k page, system-wide physical 7894M (315M free)
TotalPageFile size 7894M (AvailPageFile size 18M)
current process WorkingSet (physical memory assigned to process): 394M, peak: 395M
current process commit charge ("private bytes"): 438M, peak: 474M

vm_info: OpenJDK 64-Bit Server VM (11.0.13+0-b1751.21-8125866) for windows-amd64 JRE (11.0.13+0-b1751.21-8125866), built on Feb  2 2022 03:00:22 by "builder" with MS VC++ 14.0 (VS2015)

END.
