#
# There is insufficient memory for the Java Runtime Environment to continue.
# Native memory allocation (malloc) failed to allocate 1776496 bytes for Chunk::new
# Possible reasons:
#   The system is out of physical RAM or swap space
#   The process is running with CompressedOops enabled, and the Java Heap may be blocking the growth of the native heap
# Possible solutions:
#   Reduce memory load on the system
#   Increase physical memory or swap space
#   Check if swap backing store is full
#   Decrease Java heap size (-Xmx/-Xms)
#   Decrease number of Java threads
#   Decrease Java thread stack sizes (-Xss)
#   Set larger code cache with -XX:ReservedCodeCacheSize=
#   JVM is running with Unscaled Compressed Oops mode in which the Java heap is
#     placed in the first 4GB address space. The Java Heap base address is the
#     maximum limit for the native heap growth. Please use -XX:HeapBaseMinAddress
#     to set the Java Heap base and to place the Java Heap above 4GB virtual address.
# This output file may be truncated or incomplete.
#
#  Out of Memory Error (./src/hotspot/share/memory/arena.cpp:197), pid=2944, tid=9440
#
# JRE version: OpenJDK Runtime Environment (11.0.13) (build 11.0.13+0-b1751.21-8125866)
# Java VM: OpenJDK 64-Bit Server VM (11.0.13+0-b1751.21-8125866, mixed mode, tiered, compressed oops, g1 gc, windows-amd64)
# No core dump will be written. Minidumps are not enabled by default on client versions of Windows
#

---------------  S U M M A R Y ------------

Command Line: --add-opens=java.base/java.util=ALL-UNNAMED --add-opens=java.base/java.lang=ALL-UNNAMED --add-opens=java.base/java.lang.invoke=ALL-UNNAMED --add-opens=java.base/java.util=ALL-UNNAMED --add-opens=java.prefs/java.util.prefs=ALL-UNNAMED --add-opens=java.prefs/java.util.prefs=ALL-UNNAMED --add-opens=java.base/java.nio.charset=ALL-UNNAMED --add-opens=java.base/java.net=ALL-UNNAMED --add-opens=java.base/java.util.concurrent.atomic=ALL-UNNAMED -Xmx2048m -Dfile.encoding=UTF-8 -Duser.country=US -Duser.language=en -Duser.variant org.gradle.launcher.daemon.bootstrap.GradleDaemon 7.4

Host: Intel(R) Core(TM) i7-4510U CPU @ 2.00GHz, 4 cores, 7G,  Windows 10 , 64 bit Build 19041 (10.0.19041.1348)
Time: Thu Sep  7 12:04:48 2023 SE Asia Standard Time elapsed time: 28.444254 seconds (0d 0h 0m 28s)

---------------  T H R E A D  ---------------

Current thread (0x000001cc56126000):  JavaThread "C2 CompilerThread0" daemon [_thread_in_native, id=9440, stack(0x000000bca2b00000,0x000000bca2c00000)]


Current CompileTask:
C2:  28445 10099       4       org.gradle.api.internal.tasks.compile.incremental.serialization.HierarchicalNameSerializer::readName (51 bytes)

Stack: [0x000000bca2b00000,0x000000bca2c00000]
Native frames: (J=compiled Java code, j=interpreted, Vv=VM code, C=native code)
V  [jvm.dll+0x6100fa]
V  [jvm.dll+0x747090]
V  [jvm.dll+0x7486ad]
V  [jvm.dll+0x748d83]
V  [jvm.dll+0x24ab48]
V  [jvm.dll+0xc04dc]
V  [jvm.dll+0xc0a0c]
V  [jvm.dll+0x35eb9d]
V  [jvm.dll+0x32b833]
V  [jvm.dll+0x32ad2a]
V  [jvm.dll+0x2032b2]
V  [jvm.dll+0x202437]
V  [jvm.dll+0x188e01]
V  [jvm.dll+0x21106b]
V  [jvm.dll+0x20f8c1]
V  [jvm.dll+0x70de0f]
V  [jvm.dll+0x706a75]
V  [jvm.dll+0x60ed66]
C  [ucrtbase.dll+0x21bb2]
C  [KERNEL32.DLL+0x17034]
C  [ntdll.dll+0x52651]


---------------  P R O C E S S  ---------------

Threads class SMR info:
_java_thread_list=0x000001cc5cd82a20, length=89, elements={
0x000001cc3a5e1800, 0x000001cc560ff800, 0x000001cc5610d000, 0x000001cc5611a000,
0x000001cc5611d000, 0x000001cc5611f800, 0x000001cc56126000, 0x000001cc5612b000,
0x000001cc5613a000, 0x000001cc56bc6000, 0x000001cc59206000, 0x000001cc5910f800,
0x000001cc56cdc800, 0x000001cc58f8f000, 0x000001cc57e54000, 0x000001cc597be800,
0x000001cc57e6e000, 0x000001cc5847d800, 0x000001cc5847e800, 0x000001cc58ba2000,
0x000001cc58ba5800, 0x000001cc58ba4800, 0x000001cc58ba6800, 0x000001cc58ba8000,
0x000001cc58ba7000, 0x000001cc58ba8800, 0x000001cc58ba3000, 0x000001cc58ba4000,
0x000001cc56d74800, 0x000001cc56d75800, 0x000001cc56d78800, 0x000001cc56d7a000,
0x000001cc56d7b000, 0x000001cc56d76000, 0x000001cc56d77000, 0x000001cc56d7c800,
0x000001cc56d7d800, 0x000001cc56d77800, 0x000001cc56d7e800, 0x000001cc56d7f000,
0x000001cc56d79800, 0x000001cc56d80000, 0x000001cc56d82800, 0x000001cc56d80800,
0x000001cc56d81800, 0x000001cc56d83000, 0x000001cc5a2db000, 0x000001cc5a2dd000,
0x000001cc5a2dd800, 0x000001cc5a2e1000, 0x000001cc5a2e0000, 0x000001cc5a2de800,
0x000001cc5a2e1800, 0x000001cc5a2dc000, 0x000001cc5a2e2800, 0x000001cc5a2e3800,
0x000001cc5a2e4000, 0x000001cc5a2e5000, 0x000001cc5a2df000, 0x000001cc5a2e9000,
0x000001cc5a2ea000, 0x000001cc5a2e6000, 0x000001cc5a2e6800, 0x000001cc5a2e7800,
0x000001cc5a2e8000, 0x000001cc5a2ed000, 0x000001cc5a2eb000, 0x000001cc5a2f1000,
0x000001cc5a2ed800, 0x000001cc5a2f1800, 0x000001cc5a2ec000, 0x000001cc5a2ee800,
0x000001cc5a2ef000, 0x000001cc5a2f0000, 0x000001cc5a7df800, 0x000001cc5a7e4800,
0x000001cc5a7e1000, 0x000001cc5a7e0800, 0x000001cc5a7de800, 0x000001cc5a7e3800,
0x000001cc5a7e2000, 0x000001cc5a7e7000, 0x000001cc5a7e7800, 0x000001cc5a7e5000,
0x000001cc5a7e6000, 0x000001cc5a7e8800, 0x000001cc5a7e2800, 0x000001cc5a7ed800,
0x000001cc5a7e9800
}

Java Threads: ( => current thread )
  0x000001cc3a5e1800 JavaThread "main" [_thread_blocked, id=9728, stack(0x000000bca1f00000,0x000000bca2000000)]
  0x000001cc560ff800 JavaThread "Reference Handler" daemon [_thread_blocked, id=11156, stack(0x000000bca2600000,0x000000bca2700000)]
  0x000001cc5610d000 JavaThread "Finalizer" daemon [_thread_blocked, id=9324, stack(0x000000bca2700000,0x000000bca2800000)]
  0x000001cc5611a000 JavaThread "Signal Dispatcher" daemon [_thread_blocked, id=9000, stack(0x000000bca2800000,0x000000bca2900000)]
  0x000001cc5611d000 JavaThread "Attach Listener" daemon [_thread_blocked, id=5148, stack(0x000000bca2900000,0x000000bca2a00000)]
  0x000001cc5611f800 JavaThread "Service Thread" daemon [_thread_blocked, id=3568, stack(0x000000bca2a00000,0x000000bca2b00000)]
=>0x000001cc56126000 JavaThread "C2 CompilerThread0" daemon [_thread_in_native, id=9440, stack(0x000000bca2b00000,0x000000bca2c00000)]
  0x000001cc5612b000 JavaThread "C1 CompilerThread0" daemon [_thread_in_native, id=1328, stack(0x000000bca2c00000,0x000000bca2d00000)]
  0x000001cc5613a000 JavaThread "Sweeper thread" daemon [_thread_blocked, id=6384, stack(0x000000bca2d00000,0x000000bca2e00000)]
  0x000001cc56bc6000 JavaThread "Common-Cleaner" daemon [_thread_blocked, id=2428, stack(0x000000bca2e00000,0x000000bca2f00000)]
  0x000001cc59206000 JavaThread "Daemon health stats" [_thread_blocked, id=6204, stack(0x000000bca3200000,0x000000bca3300000)]
  0x000001cc5910f800 JavaThread "Incoming local TCP Connector on port 56322" [_thread_in_native, id=10448, stack(0x000000bca3000000,0x000000bca3100000)]
  0x000001cc56cdc800 JavaThread "Daemon periodic checks" [_thread_blocked, id=2812, stack(0x000000bca3300000,0x000000bca3400000)]
  0x000001cc58f8f000 JavaThread "Daemon" [_thread_blocked, id=9372, stack(0x000000bca3400000,0x000000bca3500000)]
  0x000001cc57e54000 JavaThread "Handler for socket connection from /127.0.0.1:56322 to /127.0.0.1:56323" [_thread_in_native, id=6176, stack(0x000000bca3500000,0x000000bca3600000)]
  0x000001cc597be800 JavaThread "Cancel handler" [_thread_blocked, id=6304, stack(0x000000bca3600000,0x000000bca3700000)]
  0x000001cc57e6e000 JavaThread "Daemon worker" [_thread_blocked, id=6100, stack(0x000000bca3700000,0x000000bca3800000)]
  0x000001cc5847d800 JavaThread "Asynchronous log dispatcher for DefaultDaemonConnection: socket connection from /127.0.0.1:56322 to /127.0.0.1:56323" [_thread_blocked, id=10632, stack(0x000000bca3900000,0x000000bca3a00000)]
  0x000001cc5847e800 JavaThread "Stdin handler" [_thread_blocked, id=8200, stack(0x000000bca3a00000,0x000000bca3b00000)]
  0x000001cc58ba2000 JavaThread "Daemon client event forwarder" [_thread_blocked, id=11088, stack(0x000000bca3b00000,0x000000bca3c00000)]
  0x000001cc58ba5800 JavaThread "Cache worker for journal cache (D:\gradle_path\caches\journal-1)" [_thread_blocked, id=10000, stack(0x000000bca3d00000,0x000000bca3e00000)]
  0x000001cc58ba4800 JavaThread "File lock request listener" [_thread_in_native, id=10940, stack(0x000000bca3e00000,0x000000bca3f00000)]
  0x000001cc58ba6800 JavaThread "Cache worker for file hash cache (D:\gradle_path\caches\7.4\fileHashes)" [_thread_blocked, id=10936, stack(0x000000bca3f00000,0x000000bca4000000)]
  0x000001cc58ba8000 JavaThread "File watcher server" daemon [_thread_in_native, id=9820, stack(0x000000bca4000000,0x000000bca4100000)]
  0x000001cc58ba7000 JavaThread "File watcher consumer" daemon [_thread_blocked, id=1740, stack(0x000000bca4100000,0x000000bca4200000)]
  0x000001cc58ba8800 JavaThread "Cache worker for checksums cache (D:\android_other_project\ISO8583Server\.gradle\7.4\checksums)" [_thread_blocked, id=9084, stack(0x000000bca4200000,0x000000bca4300000)]
  0x000001cc58ba3000 JavaThread "Cache worker for cache directory md-rule (D:\gradle_path\caches\7.4\md-rule)" [_thread_blocked, id=2024, stack(0x000000bca4300000,0x000000bca4400000)]
  0x000001cc58ba4000 JavaThread "Cache worker for file hash cache (D:\android_other_project\ISO8583Server\.gradle\7.4\fileHashes)" [_thread_blocked, id=6232, stack(0x000000bca4400000,0x000000bca4500000)]
  0x000001cc56d74800 JavaThread "Cache worker for cache directory md-supplier (D:\gradle_path\caches\7.4\md-supplier)" [_thread_blocked, id=5180, stack(0x000000bca4500000,0x000000bca4600000)]
  0x000001cc56d75800 JavaThread "Cache worker for execution history cache (D:\gradle_path\caches\7.4\executionHistory)" [_thread_blocked, id=9360, stack(0x000000bca4600000,0x000000bca4700000)]
  0x000001cc56d78800 JavaThread "jar transforms" [_thread_blocked, id=10620, stack(0x000000bca4700000,0x000000bca4800000)]
  0x000001cc56d7a000 JavaThread "Cache worker for file content cache (D:\gradle_path\caches\7.4\fileContent)" [_thread_blocked, id=9884, stack(0x000000bca4800000,0x000000bca4900000)]
  0x000001cc56d7b000 JavaThread "jar transforms Thread 2" [_thread_blocked, id=8724, stack(0x000000bca4900000,0x000000bca4a00000)]
  0x000001cc56d76000 JavaThread "Cache worker for dependencies-accessors (D:\android_other_project\ISO8583Server\.gradle\7.4\dependencies-accessors)" [_thread_blocked, id=10280, stack(0x000000bca4a00000,0x000000bca4b00000)]
  0x000001cc56d77000 JavaThread "jar transforms Thread 3" [_thread_blocked, id=6256, stack(0x000000bca4b00000,0x000000bca4c00000)]
  0x000001cc56d7c800 JavaThread "Cache worker for Build Output Cleanup Cache (D:\android_other_project\ISO8583Server\.gradle\buildOutputCleanup)" [_thread_blocked, id=8920, stack(0x000000bca4c00000,0x000000bca4d00000)]
  0x000001cc56d7d800 JavaThread "Unconstrained build operations" [_thread_blocked, id=10544, stack(0x000000bca4d00000,0x000000bca4e00000)]
  0x000001cc56d77800 JavaThread "Unconstrained build operations Thread 2" [_thread_blocked, id=7044, stack(0x000000bca4e00000,0x000000bca4f00000)]
  0x000001cc56d7e800 JavaThread "Unconstrained build operations Thread 3" [_thread_blocked, id=9544, stack(0x000000bca4f00000,0x000000bca5000000)]
  0x000001cc56d7f000 JavaThread "Unconstrained build operations Thread 4" [_thread_blocked, id=7816, stack(0x000000bca5000000,0x000000bca5100000)]
  0x000001cc56d79800 JavaThread "Unconstrained build operations Thread 5" [_thread_blocked, id=9892, stack(0x000000bca5100000,0x000000bca5200000)]
  0x000001cc56d80000 JavaThread "Unconstrained build operations Thread 6" [_thread_blocked, id=9512, stack(0x000000bca5200000,0x000000bca5300000)]
  0x000001cc56d82800 JavaThread "Unconstrained build operations Thread 7" [_thread_blocked, id=10556, stack(0x000000bca5300000,0x000000bca5400000)]
  0x000001cc56d80800 JavaThread "Unconstrained build operations Thread 8" [_thread_blocked, id=11136, stack(0x000000bca5400000,0x000000bca5500000)]
  0x000001cc56d81800 JavaThread "Unconstrained build operations Thread 9" [_thread_blocked, id=5564, stack(0x000000bca5500000,0x000000bca5600000)]
  0x000001cc56d83000 JavaThread "Unconstrained build operations Thread 10" [_thread_blocked, id=10316, stack(0x000000bca5600000,0x000000bca5700000)]
  0x000001cc5a2db000 JavaThread "Unconstrained build operations Thread 11" [_thread_blocked, id=9552, stack(0x000000bca5700000,0x000000bca5800000)]
  0x000001cc5a2dd000 JavaThread "Unconstrained build operations Thread 12" [_thread_blocked, id=7608, stack(0x000000bca5800000,0x000000bca5900000)]
  0x000001cc5a2dd800 JavaThread "Unconstrained build operations Thread 13" [_thread_blocked, id=6896, stack(0x000000bca5900000,0x000000bca5a00000)]
  0x000001cc5a2e1000 JavaThread "Unconstrained build operations Thread 14" [_thread_blocked, id=5908, stack(0x000000bca5a00000,0x000000bca5b00000)]
  0x000001cc5a2e0000 JavaThread "Unconstrained build operations Thread 15" [_thread_blocked, id=10488, stack(0x000000bca5b00000,0x000000bca5c00000)]
  0x000001cc5a2de800 JavaThread "Unconstrained build operations Thread 16" [_thread_blocked, id=11148, stack(0x000000bca5c00000,0x000000bca5d00000)]
  0x000001cc5a2e1800 JavaThread "Unconstrained build operations Thread 17" [_thread_blocked, id=604, stack(0x000000bca5d00000,0x000000bca5e00000)]
  0x000001cc5a2dc000 JavaThread "Unconstrained build operations Thread 18" [_thread_blocked, id=588, stack(0x000000bca5e00000,0x000000bca5f00000)]
  0x000001cc5a2e2800 JavaThread "Unconstrained build operations Thread 19" [_thread_blocked, id=7888, stack(0x000000bca5f00000,0x000000bca6000000)]
  0x000001cc5a2e3800 JavaThread "Unconstrained build operations Thread 20" [_thread_blocked, id=9860, stack(0x000000bca6000000,0x000000bca6100000)]
  0x000001cc5a2e4000 JavaThread "Unconstrained build operations Thread 21" [_thread_blocked, id=7904, stack(0x000000bca6100000,0x000000bca6200000)]
  0x000001cc5a2e5000 JavaThread "Unconstrained build operations Thread 22" [_thread_blocked, id=5364, stack(0x000000bca6200000,0x000000bca6300000)]
  0x000001cc5a2df000 JavaThread "Unconstrained build operations Thread 23" [_thread_blocked, id=10836, stack(0x000000bca6300000,0x000000bca6400000)]
  0x000001cc5a2e9000 JavaThread "Unconstrained build operations Thread 24" [_thread_blocked, id=8560, stack(0x000000bca6400000,0x000000bca6500000)]
  0x000001cc5a2ea000 JavaThread "Unconstrained build operations Thread 25" [_thread_blocked, id=5344, stack(0x000000bca6500000,0x000000bca6600000)]
  0x000001cc5a2e6000 JavaThread "Unconstrained build operations Thread 26" [_thread_blocked, id=9400, stack(0x000000bca6600000,0x000000bca6700000)]
  0x000001cc5a2e6800 JavaThread "Unconstrained build operations Thread 27" [_thread_blocked, id=9068, stack(0x000000bca6700000,0x000000bca6800000)]
  0x000001cc5a2e7800 JavaThread "Unconstrained build operations Thread 28" [_thread_blocked, id=8864, stack(0x000000bca6800000,0x000000bca6900000)]
  0x000001cc5a2e8000 JavaThread "Unconstrained build operations Thread 29" [_thread_blocked, id=2120, stack(0x000000bca6900000,0x000000bca6a00000)]
  0x000001cc5a2ed000 JavaThread "Unconstrained build operations Thread 30" [_thread_blocked, id=7300, stack(0x000000bca6a00000,0x000000bca6b00000)]
  0x000001cc5a2eb000 JavaThread "Unconstrained build operations Thread 31" [_thread_blocked, id=6200, stack(0x000000bca6b00000,0x000000bca6c00000)]
  0x000001cc5a2f1000 JavaThread "Unconstrained build operations Thread 32" [_thread_blocked, id=4496, stack(0x000000bca6c00000,0x000000bca6d00000)]
  0x000001cc5a2ed800 JavaThread "Unconstrained build operations Thread 33" [_thread_blocked, id=8496, stack(0x000000bca6d00000,0x000000bca6e00000)]
  0x000001cc5a2f1800 JavaThread "Unconstrained build operations Thread 34" [_thread_blocked, id=11040, stack(0x000000bca6e00000,0x000000bca6f00000)]
  0x000001cc5a2ec000 JavaThread "Unconstrained build operations Thread 35" [_thread_blocked, id=6820, stack(0x000000bca6f00000,0x000000bca7000000)]
  0x000001cc5a2ee800 JavaThread "Unconstrained build operations Thread 36" [_thread_blocked, id=9188, stack(0x000000bca7000000,0x000000bca7100000)]
  0x000001cc5a2ef000 JavaThread "Unconstrained build operations Thread 37" [_thread_blocked, id=2580, stack(0x000000bca7100000,0x000000bca7200000)]
  0x000001cc5a2f0000 JavaThread "Unconstrained build operations Thread 38" [_thread_blocked, id=8836, stack(0x000000bca7200000,0x000000bca7300000)]
  0x000001cc5a7df800 JavaThread "Unconstrained build operations Thread 39" [_thread_blocked, id=3528, stack(0x000000bca7300000,0x000000bca7400000)]
  0x000001cc5a7e4800 JavaThread "Unconstrained build operations Thread 40" [_thread_blocked, id=8952, stack(0x000000bca7400000,0x000000bca7500000)]
  0x000001cc5a7e1000 JavaThread "jar transforms Thread 4" [_thread_blocked, id=2440, stack(0x000000bca7500000,0x000000bca7600000)]
  0x000001cc5a7e0800 JavaThread "Memory manager" [_thread_blocked, id=1244, stack(0x000000bca7600000,0x000000bca7700000)]
  0x000001cc5a7de800 JavaThread "build event listener" [_thread_blocked, id=4476, stack(0x000000bca7700000,0x000000bca7800000)]
  0x000001cc5a7e3800 JavaThread "included builds" [_thread_in_vm, id=352, stack(0x000000bca7800000,0x000000bca7900000)]
  0x000001cc5a7e2000 JavaThread "Execution worker for ':'" [_thread_blocked, id=596, stack(0x000000bca7900000,0x000000bca7a00000)]
  0x000001cc5a7e7000 JavaThread "Execution worker for ':' Thread 2" [_thread_blocked, id=4980, stack(0x000000bca7a00000,0x000000bca7b00000)]
  0x000001cc5a7e7800 JavaThread "Execution worker for ':' Thread 3" [_thread_blocked, id=10268, stack(0x000000bca7b00000,0x000000bca7c00000)]
  0x000001cc5a7e5000 JavaThread "Cache worker for execution history cache (D:\android_other_project\ISO8583Server\.gradle\7.4\executionHistory)" [_thread_blocked, id=10684, stack(0x000000bca7c00000,0x000000bca7d00000)]
  0x000001cc5a7e6000 JavaThread "Cache worker for Java compile cache (D:\gradle_path\caches\7.4\javaCompile)" [_thread_blocked, id=9268, stack(0x000000bca7d00000,0x000000bca7e00000)]
  0x000001cc5a7e8800 JavaThread "Build operations" [_thread_blocked, id=9928, stack(0x000000bca7e00000,0x000000bca7f00000)]
  0x000001cc5a7e2800 JavaThread "Build operations Thread 2" [_thread_blocked, id=3360, stack(0x000000bca7f00000,0x000000bca8000000)]
  0x000001cc5a7ed800 JavaThread "Build operations Thread 3" [_thread_blocked, id=5316, stack(0x000000bca8000000,0x000000bca8100000)]
  0x000001cc5a7e9800 JavaThread "Build operations Thread 4" [_thread_blocked, id=10588, stack(0x000000bca8100000,0x000000bca8200000)]

Other Threads:
  0x000001cc560fa000 VMThread "VM Thread" [stack: 0x000000bca2500000,0x000000bca2600000] [id=1000]
  0x000001cc56c1d800 WatcherThread [stack: 0x000000bca2f00000,0x000000bca3000000] [id=7688]
  0x000001cc3a5fa000 GCTaskThread "GC Thread#0" [stack: 0x000000bca2000000,0x000000bca2100000] [id=752]
  0x000001cc57275800 GCTaskThread "GC Thread#1" [stack: 0x000000bca3100000,0x000000bca3200000] [id=9756]
  0x000001cc59158000 GCTaskThread "GC Thread#2" [stack: 0x000000bca3800000,0x000000bca3900000] [id=5808]
  0x000001cc57768000 GCTaskThread "GC Thread#3" [stack: 0x000000bca3c00000,0x000000bca3d00000] [id=9816]
  0x000001cc3a62e000 ConcurrentGCThread "G1 Main Marker" [stack: 0x000000bca2100000,0x000000bca2200000] [id=5696]
  0x000001cc3a62f800 ConcurrentGCThread "G1 Conc#0" [stack: 0x000000bca2200000,0x000000bca2300000] [id=9436]
  0x000001cc3a6ba800 ConcurrentGCThread "G1 Refine#0" [stack: 0x000000bca2300000,0x000000bca2400000] [id=10664]
  0x000001cc3a6bb800 ConcurrentGCThread "G1 Young RemSet Sampling" [stack: 0x000000bca2400000,0x000000bca2500000] [id=9548]

Threads with active compile tasks:
C2 CompilerThread0  28530 10099       4       org.gradle.api.internal.tasks.compile.incremental.serialization.HierarchicalNameSerializer::readName (51 bytes)
C1 CompilerThread0  28530 10193       2       java.nio.ByteBuffer::get (9 bytes)

VM state:not at safepoint (normal execution)

VM Mutex/Monitor currently owned by a thread: None

Heap address: 0x0000000080000000, size: 2048 MB, Compressed Oops mode: 32-bit
Narrow klass base: 0x0000000000000000, Narrow klass shift: 3
Compressed class space size: 1073741824 Address: 0x0000000100000000

Heap:
 garbage-first heap   total 187392K, used 112583K [0x0000000080000000, 0x0000000100000000)
  region size 1024K, 49 young (50176K), 10 survivors (10240K)
 Metaspace       used 85703K, capacity 87809K, committed 88144K, reserved 1126400K
  class space    used 11078K, capacity 11916K, committed 12032K, reserved 1048576K
Heap Regions: E=young(eden), S=young(survivor), O=old, HS=humongous(starts), HC=humongous(continues), CS=collection set, F=free, A=archive, TAMS=top-at-mark-start (previous, next)
|   0|0x0000000080000000, 0x0000000080100000, 0x0000000080100000|100%|HS|  |TAMS 0x0000000080100000, 0x0000000080000000| Complete 
|   1|0x0000000080100000, 0x0000000080200000, 0x0000000080200000|100%|HC|  |TAMS 0x0000000080200000, 0x0000000080100000| Complete 
|   2|0x0000000080200000, 0x0000000080300000, 0x0000000080300000|100%|HC|  |TAMS 0x0000000080300000, 0x0000000080200000| Complete 
|   3|0x0000000080300000, 0x0000000080400000, 0x0000000080400000|100%| O|  |TAMS 0x0000000080400000, 0x0000000080300000| Untracked 
|   4|0x0000000080400000, 0x0000000080500000, 0x0000000080500000|100%| O|  |TAMS 0x0000000080500000, 0x0000000080400000| Untracked 
|   5|0x0000000080500000, 0x0000000080600000, 0x0000000080600000|100%| O|  |TAMS 0x0000000080600000, 0x0000000080500000| Untracked 
|   6|0x0000000080600000, 0x0000000080700000, 0x0000000080700000|100%| O|  |TAMS 0x0000000080700000, 0x0000000080600000| Untracked 
|   7|0x0000000080700000, 0x0000000080800000, 0x0000000080800000|100%| O|  |TAMS 0x0000000080800000, 0x0000000080700000| Untracked 
|   8|0x0000000080800000, 0x0000000080900000, 0x0000000080900000|100%| O|  |TAMS 0x0000000080900000, 0x0000000080800000| Untracked 
|   9|0x0000000080900000, 0x0000000080a00000, 0x0000000080a00000|100%| O|  |TAMS 0x0000000080a00000, 0x0000000080900000| Untracked 
|  10|0x0000000080a00000, 0x0000000080b00000, 0x0000000080b00000|100%| O|  |TAMS 0x0000000080b00000, 0x0000000080a00000| Untracked 
|  11|0x0000000080b00000, 0x0000000080c00000, 0x0000000080c00000|100%| O|  |TAMS 0x0000000080c00000, 0x0000000080b00000| Untracked 
|  12|0x0000000080c00000, 0x0000000080d00000, 0x0000000080d00000|100%| O|  |TAMS 0x0000000080d00000, 0x0000000080c00000| Untracked 
|  13|0x0000000080d00000, 0x0000000080e00000, 0x0000000080e00000|100%| O|  |TAMS 0x0000000080e00000, 0x0000000080d00000| Untracked 
|  14|0x0000000080e00000, 0x0000000080f00000, 0x0000000080f00000|100%| O|  |TAMS 0x0000000080f00000, 0x0000000080e00000| Untracked 
|  15|0x0000000080f00000, 0x0000000081000000, 0x0000000081000000|100%| O|  |TAMS 0x0000000081000000, 0x0000000080f00000| Untracked 
|  16|0x0000000081000000, 0x0000000081100000, 0x0000000081100000|100%| O|  |TAMS 0x0000000081100000, 0x0000000081000000| Untracked 
|  17|0x0000000081100000, 0x0000000081200000, 0x0000000081200000|100%|HS|  |TAMS 0x0000000081200000, 0x0000000081100000| Complete 
|  18|0x0000000081200000, 0x0000000081300000, 0x0000000081300000|100%| O|  |TAMS 0x0000000081300000, 0x0000000081200000| Untracked 
|  19|0x0000000081300000, 0x0000000081400000, 0x0000000081400000|100%| O|  |TAMS 0x0000000081400000, 0x0000000081300000| Untracked 
|  20|0x0000000081400000, 0x0000000081500000, 0x0000000081500000|100%| O|  |TAMS 0x0000000081500000, 0x0000000081400000| Untracked 
|  21|0x0000000081500000, 0x0000000081600000, 0x0000000081600000|100%| O|  |TAMS 0x0000000081600000, 0x0000000081500000| Untracked 
|  22|0x0000000081600000, 0x0000000081700000, 0x0000000081700000|100%| O|  |TAMS 0x0000000081700000, 0x0000000081600000| Untracked 
|  23|0x0000000081700000, 0x0000000081800000, 0x0000000081800000|100%|HS|  |TAMS 0x0000000081800000, 0x0000000081700000| Complete 
|  24|0x0000000081800000, 0x0000000081900000, 0x0000000081900000|100%| O|  |TAMS 0x0000000081900000, 0x0000000081800000| Untracked 
|  25|0x0000000081900000, 0x0000000081a00000, 0x0000000081a00000|100%|HS|  |TAMS 0x0000000081a00000, 0x0000000081900000| Complete 
|  26|0x0000000081a00000, 0x0000000081b00000, 0x0000000081b00000|100%|HC|  |TAMS 0x0000000081b00000, 0x0000000081a00000| Complete 
|  27|0x0000000081b00000, 0x0000000081c00000, 0x0000000081c00000|100%| O|  |TAMS 0x0000000081c00000, 0x0000000081b00000| Untracked 
|  28|0x0000000081c00000, 0x0000000081d00000, 0x0000000081d00000|100%| O|  |TAMS 0x0000000081d00000, 0x0000000081c00000| Untracked 
|  29|0x0000000081d00000, 0x0000000081e00000, 0x0000000081e00000|100%| O|  |TAMS 0x0000000081e00000, 0x0000000081d00000| Untracked 
|  30|0x0000000081e00000, 0x0000000081f00000, 0x0000000081f00000|100%| O|  |TAMS 0x0000000081f00000, 0x0000000081e00000| Untracked 
|  31|0x0000000081f00000, 0x0000000082000000, 0x0000000082000000|100%| O|  |TAMS 0x0000000082000000, 0x0000000081f00000| Untracked 
|  32|0x0000000082000000, 0x0000000082100000, 0x0000000082100000|100%| O|  |TAMS 0x0000000082100000, 0x0000000082000000| Untracked 
|  33|0x0000000082100000, 0x0000000082200000, 0x0000000082200000|100%| O|  |TAMS 0x0000000082200000, 0x0000000082100000| Untracked 
|  34|0x0000000082200000, 0x0000000082300000, 0x0000000082300000|100%| O|  |TAMS 0x0000000082300000, 0x0000000082200000| Untracked 
|  35|0x0000000082300000, 0x0000000082400000, 0x0000000082400000|100%| O|  |TAMS 0x0000000082400000, 0x0000000082300000| Untracked 
|  36|0x0000000082400000, 0x0000000082500000, 0x0000000082500000|100%| O|  |TAMS 0x0000000082500000, 0x0000000082400000| Untracked 
|  37|0x0000000082500000, 0x0000000082600000, 0x0000000082600000|100%| O|  |TAMS 0x0000000082600000, 0x0000000082500000| Untracked 
|  38|0x0000000082600000, 0x0000000082700000, 0x0000000082700000|100%| O|  |TAMS 0x0000000082700000, 0x0000000082600000| Untracked 
|  39|0x0000000082700000, 0x0000000082800000, 0x0000000082800000|100%| O|  |TAMS 0x0000000082800000, 0x0000000082700000| Untracked 
|  40|0x0000000082800000, 0x0000000082900000, 0x0000000082900000|100%| O|  |TAMS 0x0000000082900000, 0x0000000082800000| Untracked 
|  41|0x0000000082900000, 0x0000000082a00000, 0x0000000082a00000|100%| O|  |TAMS 0x0000000082a00000, 0x0000000082900000| Untracked 
|  42|0x0000000082a00000, 0x0000000082b00000, 0x0000000082b00000|100%| O|  |TAMS 0x0000000082af3a00, 0x0000000082a00000| Untracked 
|  43|0x0000000082b00000, 0x0000000082c00000, 0x0000000082c00000|100%| O|  |TAMS 0x0000000082b00000, 0x0000000082b00000| Untracked 
|  44|0x0000000082c00000, 0x0000000082d00000, 0x0000000082d00000|100%| O|  |TAMS 0x0000000082c00000, 0x0000000082c00000| Untracked 
|  45|0x0000000082d00000, 0x0000000082e00000, 0x0000000082e00000|100%| O|  |TAMS 0x0000000082d00000, 0x0000000082d00000| Untracked 
|  46|0x0000000082e00000, 0x0000000082f00000, 0x0000000082f00000|100%| O|  |TAMS 0x0000000082e00000, 0x0000000082e00000| Untracked 
|  47|0x0000000082f00000, 0x0000000083000000, 0x0000000083000000|100%| O|  |TAMS 0x0000000082f00000, 0x0000000082f00000| Untracked 
|  48|0x0000000083000000, 0x0000000083100000, 0x0000000083100000|100%| O|  |TAMS 0x0000000083000000, 0x0000000083000000| Untracked 
|  49|0x0000000083100000, 0x0000000083200000, 0x0000000083200000|100%| O|  |TAMS 0x0000000083100000, 0x0000000083100000| Untracked 
|  50|0x0000000083200000, 0x0000000083300000, 0x0000000083300000|100%| O|  |TAMS 0x0000000083200000, 0x0000000083200000| Untracked 
|  51|0x0000000083300000, 0x0000000083400000, 0x0000000083400000|100%| O|  |TAMS 0x0000000083300000, 0x0000000083300000| Untracked 
|  52|0x0000000083400000, 0x0000000083500000, 0x0000000083500000|100%| O|  |TAMS 0x0000000083400000, 0x0000000083400000| Untracked 
|  53|0x0000000083500000, 0x0000000083600000, 0x0000000083600000|100%| O|  |TAMS 0x0000000083500000, 0x0000000083500000| Untracked 
|  54|0x0000000083600000, 0x0000000083700000, 0x0000000083700000|100%| O|  |TAMS 0x0000000083600000, 0x0000000083600000| Untracked 
|  55|0x0000000083700000, 0x0000000083800000, 0x0000000083800000|100%| O|  |TAMS 0x0000000083700000, 0x0000000083700000| Untracked 
|  56|0x0000000083800000, 0x0000000083900000, 0x0000000083900000|100%| O|  |TAMS 0x0000000083800000, 0x0000000083800000| Untracked 
|  57|0x0000000083900000, 0x0000000083a00000, 0x0000000083a00000|100%| O|  |TAMS 0x0000000083900000, 0x0000000083900000| Untracked 
|  58|0x0000000083a00000, 0x0000000083b00000, 0x0000000083b00000|100%| O|  |TAMS 0x0000000083a00000, 0x0000000083a00000| Untracked 
|  59|0x0000000083b00000, 0x0000000083c00000, 0x0000000083c00000|100%| O|  |TAMS 0x0000000083b00000, 0x0000000083b00000| Untracked 
|  60|0x0000000083c00000, 0x0000000083d00000, 0x0000000083d00000|100%| O|  |TAMS 0x0000000083c00000, 0x0000000083c00000| Untracked 
|  61|0x0000000083d00000, 0x0000000083e00000, 0x0000000083e00000|100%| O|  |TAMS 0x0000000083d00000, 0x0000000083d00000| Untracked 
|  62|0x0000000083e00000, 0x0000000083ef1c00, 0x0000000083f00000| 94%| O|  |TAMS 0x0000000083e00000, 0x0000000083e00000| Untracked 
|  63|0x0000000083f00000, 0x0000000083f00000, 0x0000000084000000|  0%| F|  |TAMS 0x0000000083f00000, 0x0000000083f00000| Untracked 
|  64|0x0000000084000000, 0x0000000084000000, 0x0000000084100000|  0%| F|  |TAMS 0x0000000084000000, 0x0000000084000000| Untracked 
|  65|0x0000000084100000, 0x0000000084100000, 0x0000000084200000|  0%| F|  |TAMS 0x0000000084100000, 0x0000000084100000| Untracked 
|  66|0x0000000084200000, 0x0000000084200000, 0x0000000084300000|  0%| F|  |TAMS 0x0000000084200000, 0x0000000084200000| Untracked 
|  67|0x0000000084300000, 0x0000000084300000, 0x0000000084400000|  0%| F|  |TAMS 0x0000000084300000, 0x0000000084300000| Untracked 
|  68|0x0000000084400000, 0x0000000084400000, 0x0000000084500000|  0%| F|  |TAMS 0x0000000084400000, 0x0000000084400000| Untracked 
|  69|0x0000000084500000, 0x0000000084500000, 0x0000000084600000|  0%| F|  |TAMS 0x0000000084500000, 0x0000000084500000| Untracked 
|  70|0x0000000084600000, 0x0000000084600000, 0x0000000084700000|  0%| F|  |TAMS 0x0000000084600000, 0x0000000084600000| Untracked 
|  71|0x0000000084700000, 0x0000000084700000, 0x0000000084800000|  0%| F|  |TAMS 0x0000000084700000, 0x0000000084700000| Untracked 
|  72|0x0000000084800000, 0x0000000084800000, 0x0000000084900000|  0%| F|  |TAMS 0x0000000084800000, 0x0000000084800000| Untracked 
|  73|0x0000000084900000, 0x0000000084900000, 0x0000000084a00000|  0%| F|  |TAMS 0x0000000084900000, 0x0000000084900000| Untracked 
|  74|0x0000000084a00000, 0x0000000084a00000, 0x0000000084b00000|  0%| F|  |TAMS 0x0000000084a00000, 0x0000000084a00000| Untracked 
|  75|0x0000000084b00000, 0x0000000084b00000, 0x0000000084c00000|  0%| F|  |TAMS 0x0000000084b00000, 0x0000000084b00000| Untracked 
|  76|0x0000000084c00000, 0x0000000084c00000, 0x0000000084d00000|  0%| F|  |TAMS 0x0000000084c00000, 0x0000000084c00000| Untracked 
|  77|0x0000000084d00000, 0x0000000084d00000, 0x0000000084e00000|  0%| F|  |TAMS 0x0000000084d00000, 0x0000000084d00000| Untracked 
|  78|0x0000000084e00000, 0x0000000084e00000, 0x0000000084f00000|  0%| F|  |TAMS 0x0000000084e00000, 0x0000000084e00000| Untracked 
|  79|0x0000000084f00000, 0x0000000084f00000, 0x0000000085000000|  0%| F|  |TAMS 0x0000000084f00000, 0x0000000084f00000| Untracked 
|  80|0x0000000085000000, 0x0000000085000000, 0x0000000085100000|  0%| F|  |TAMS 0x0000000085000000, 0x0000000085000000| Untracked 
|  81|0x0000000085100000, 0x0000000085100000, 0x0000000085200000|  0%| F|  |TAMS 0x0000000085100000, 0x0000000085100000| Untracked 
|  82|0x0000000085200000, 0x0000000085200000, 0x0000000085300000|  0%| F|  |TAMS 0x0000000085200000, 0x0000000085200000| Untracked 
|  83|0x0000000085300000, 0x0000000085300000, 0x0000000085400000|  0%| F|  |TAMS 0x0000000085300000, 0x0000000085300000| Untracked 
|  84|0x0000000085400000, 0x0000000085400000, 0x0000000085500000|  0%| F|  |TAMS 0x0000000085400000, 0x0000000085400000| Untracked 
|  85|0x0000000085500000, 0x0000000085500000, 0x0000000085600000|  0%| F|  |TAMS 0x0000000085500000, 0x0000000085500000| Untracked 
|  86|0x0000000085600000, 0x0000000085600000, 0x0000000085700000|  0%| F|  |TAMS 0x0000000085600000, 0x0000000085600000| Untracked 
|  87|0x0000000085700000, 0x0000000085700000, 0x0000000085800000|  0%| F|  |TAMS 0x0000000085700000, 0x0000000085700000| Untracked 
|  88|0x0000000085800000, 0x0000000085800000, 0x0000000085900000|  0%| F|  |TAMS 0x0000000085800000, 0x0000000085800000| Untracked 
|  89|0x0000000085900000, 0x0000000085900000, 0x0000000085a00000|  0%| F|  |TAMS 0x0000000085900000, 0x0000000085900000| Untracked 
|  90|0x0000000085a00000, 0x0000000085a00000, 0x0000000085b00000|  0%| F|  |TAMS 0x0000000085a00000, 0x0000000085a00000| Untracked 
|  91|0x0000000085b00000, 0x0000000085b00000, 0x0000000085c00000|  0%| F|  |TAMS 0x0000000085b00000, 0x0000000085b00000| Untracked 
|  92|0x0000000085c00000, 0x0000000085c00000, 0x0000000085d00000|  0%| F|  |TAMS 0x0000000085c00000, 0x0000000085c00000| Untracked 
|  93|0x0000000085d00000, 0x0000000085d00000, 0x0000000085e00000|  0%| F|  |TAMS 0x0000000085d00000, 0x0000000085d00000| Untracked 
|  94|0x0000000085e00000, 0x0000000085e00000, 0x0000000085f00000|  0%| F|  |TAMS 0x0000000085e00000, 0x0000000085e00000| Untracked 
|  95|0x0000000085f00000, 0x0000000085f00000, 0x0000000086000000|  0%| F|  |TAMS 0x0000000085f00000, 0x0000000085f00000| Untracked 
|  96|0x0000000086000000, 0x0000000086000000, 0x0000000086100000|  0%| F|  |TAMS 0x0000000086000000, 0x0000000086000000| Untracked 
|  97|0x0000000086100000, 0x0000000086100000, 0x0000000086200000|  0%| F|  |TAMS 0x0000000086100000, 0x0000000086100000| Untracked 
|  98|0x0000000086200000, 0x0000000086200000, 0x0000000086300000|  0%| F|  |TAMS 0x0000000086200000, 0x0000000086200000| Untracked 
|  99|0x0000000086300000, 0x0000000086300000, 0x0000000086400000|  0%| F|  |TAMS 0x0000000086300000, 0x0000000086300000| Untracked 
| 100|0x0000000086400000, 0x0000000086400000, 0x0000000086500000|  0%| F|  |TAMS 0x0000000086400000, 0x0000000086400000| Untracked 
| 101|0x0000000086500000, 0x0000000086500000, 0x0000000086600000|  0%| F|  |TAMS 0x0000000086500000, 0x0000000086500000| Untracked 
| 102|0x0000000086600000, 0x0000000086600000, 0x0000000086700000|  0%| F|  |TAMS 0x0000000086600000, 0x0000000086600000| Untracked 
| 103|0x0000000086700000, 0x0000000086700000, 0x0000000086800000|  0%| F|  |TAMS 0x0000000086700000, 0x0000000086700000| Untracked 
| 104|0x0000000086800000, 0x0000000086900000, 0x0000000086900000|100%| S|CS|TAMS 0x0000000086800000, 0x0000000086800000| Complete 
| 105|0x0000000086900000, 0x0000000086a00000, 0x0000000086a00000|100%| S|CS|TAMS 0x0000000086900000, 0x0000000086900000| Complete 
| 106|0x0000000086a00000, 0x0000000086b00000, 0x0000000086b00000|100%| S|CS|TAMS 0x0000000086a00000, 0x0000000086a00000| Complete 
| 107|0x0000000086b00000, 0x0000000086c00000, 0x0000000086c00000|100%| S|CS|TAMS 0x0000000086b00000, 0x0000000086b00000| Complete 
| 108|0x0000000086c00000, 0x0000000086d00000, 0x0000000086d00000|100%| S|CS|TAMS 0x0000000086c00000, 0x0000000086c00000| Complete 
| 109|0x0000000086d00000, 0x0000000086e00000, 0x0000000086e00000|100%| S|CS|TAMS 0x0000000086d00000, 0x0000000086d00000| Complete 
| 110|0x0000000086e00000, 0x0000000086f00000, 0x0000000086f00000|100%| S|CS|TAMS 0x0000000086e00000, 0x0000000086e00000| Complete 
| 111|0x0000000086f00000, 0x0000000087000000, 0x0000000087000000|100%| S|CS|TAMS 0x0000000086f00000, 0x0000000086f00000| Complete 
| 112|0x0000000087000000, 0x0000000087100000, 0x0000000087100000|100%| S|CS|TAMS 0x0000000087000000, 0x0000000087000000| Complete 
| 113|0x0000000087100000, 0x0000000087200000, 0x0000000087200000|100%| S|CS|TAMS 0x0000000087100000, 0x0000000087100000| Complete 
| 114|0x0000000087200000, 0x0000000087200000, 0x0000000087300000|  0%| F|  |TAMS 0x0000000087200000, 0x0000000087200000| Untracked 
| 115|0x0000000087300000, 0x0000000087300000, 0x0000000087400000|  0%| F|  |TAMS 0x0000000087300000, 0x0000000087300000| Untracked 
| 116|0x0000000087400000, 0x0000000087400000, 0x0000000087500000|  0%| F|  |TAMS 0x0000000087400000, 0x0000000087400000| Untracked 
| 117|0x0000000087500000, 0x0000000087500000, 0x0000000087600000|  0%| F|  |TAMS 0x0000000087500000, 0x0000000087500000| Untracked 
| 118|0x0000000087600000, 0x0000000087600000, 0x0000000087700000|  0%| F|  |TAMS 0x0000000087600000, 0x0000000087600000| Untracked 
| 119|0x0000000087700000, 0x0000000087700000, 0x0000000087800000|  0%| F|  |TAMS 0x0000000087700000, 0x0000000087700000| Untracked 
| 120|0x0000000087800000, 0x0000000087800000, 0x0000000087900000|  0%| F|  |TAMS 0x0000000087800000, 0x0000000087800000| Untracked 
| 121|0x0000000087900000, 0x0000000087900000, 0x0000000087a00000|  0%| F|  |TAMS 0x0000000087900000, 0x0000000087900000| Untracked 
| 122|0x0000000087a00000, 0x0000000087a00000, 0x0000000087b00000|  0%| F|  |TAMS 0x0000000087a00000, 0x0000000087a00000| Untracked 
| 123|0x0000000087b00000, 0x0000000087b00000, 0x0000000087c00000|  0%| F|  |TAMS 0x0000000087b00000, 0x0000000087b00000| Untracked 
| 124|0x0000000087c00000, 0x0000000087c00000, 0x0000000087d00000|  0%| F|  |TAMS 0x0000000087c00000, 0x0000000087c00000| Untracked 
| 125|0x0000000087d00000, 0x0000000087d00000, 0x0000000087e00000|  0%| F|  |TAMS 0x0000000087d00000, 0x0000000087d00000| Untracked 
| 126|0x0000000087e00000, 0x0000000087e00000, 0x0000000087f00000|  0%| F|  |TAMS 0x0000000087e00000, 0x0000000087e00000| Untracked 
| 127|0x0000000087f00000, 0x0000000087f00000, 0x0000000088000000|  0%| F|  |TAMS 0x0000000087f00000, 0x0000000087f00000| Untracked 
| 128|0x0000000088000000, 0x0000000088000000, 0x0000000088100000|  0%| F|  |TAMS 0x0000000088000000, 0x0000000088000000| Untracked 
| 129|0x0000000088100000, 0x0000000088100000, 0x0000000088200000|  0%| F|  |TAMS 0x0000000088100000, 0x0000000088100000| Untracked 
| 130|0x0000000088200000, 0x0000000088200000, 0x0000000088300000|  0%| F|  |TAMS 0x0000000088200000, 0x0000000088200000| Untracked 
| 131|0x0000000088300000, 0x0000000088300000, 0x0000000088400000|  0%| F|  |TAMS 0x0000000088300000, 0x0000000088300000| Untracked 
| 132|0x0000000088400000, 0x0000000088400000, 0x0000000088500000|  0%| F|  |TAMS 0x0000000088400000, 0x0000000088400000| Untracked 
| 133|0x0000000088500000, 0x0000000088500000, 0x0000000088600000|  0%| F|  |TAMS 0x0000000088500000, 0x0000000088500000| Untracked 
| 134|0x0000000088600000, 0x0000000088600000, 0x0000000088700000|  0%| F|  |TAMS 0x0000000088600000, 0x0000000088600000| Untracked 
| 135|0x0000000088700000, 0x0000000088700000, 0x0000000088800000|  0%| F|  |TAMS 0x0000000088700000, 0x0000000088700000| Untracked 
| 136|0x0000000088800000, 0x0000000088800000, 0x0000000088900000|  0%| F|  |TAMS 0x0000000088800000, 0x0000000088800000| Untracked 
| 137|0x0000000088900000, 0x0000000088900000, 0x0000000088a00000|  0%| F|  |TAMS 0x0000000088900000, 0x0000000088900000| Untracked 
| 138|0x0000000088a00000, 0x0000000088a00000, 0x0000000088b00000|  0%| F|  |TAMS 0x0000000088a00000, 0x0000000088a00000| Untracked 
| 139|0x0000000088b00000, 0x0000000088b00000, 0x0000000088c00000|  0%| F|  |TAMS 0x0000000088b00000, 0x0000000088b00000| Untracked 
| 140|0x0000000088c00000, 0x0000000088c00000, 0x0000000088d00000|  0%| F|  |TAMS 0x0000000088c00000, 0x0000000088c00000| Untracked 
| 141|0x0000000088d00000, 0x0000000088d00000, 0x0000000088e00000|  0%| F|  |TAMS 0x0000000088d00000, 0x0000000088d00000| Untracked 
| 142|0x0000000088e00000, 0x0000000088e00000, 0x0000000088f00000|  0%| F|  |TAMS 0x0000000088e00000, 0x0000000088e00000| Untracked 
| 143|0x0000000088f00000, 0x0000000088f00000, 0x0000000089000000|  0%| F|  |TAMS 0x0000000088f00000, 0x0000000088f00000| Untracked 
| 144|0x0000000089000000, 0x0000000089100000, 0x0000000089100000|100%| E|  |TAMS 0x0000000089000000, 0x0000000089000000| Complete 
| 145|0x0000000089100000, 0x0000000089200000, 0x0000000089200000|100%| E|CS|TAMS 0x0000000089100000, 0x0000000089100000| Complete 
| 146|0x0000000089200000, 0x0000000089300000, 0x0000000089300000|100%| E|CS|TAMS 0x0000000089200000, 0x0000000089200000| Complete 
| 147|0x0000000089300000, 0x0000000089400000, 0x0000000089400000|100%| E|CS|TAMS 0x0000000089300000, 0x0000000089300000| Complete 
| 148|0x0000000089400000, 0x0000000089500000, 0x0000000089500000|100%| E|CS|TAMS 0x0000000089400000, 0x0000000089400000| Complete 
| 149|0x0000000089500000, 0x0000000089600000, 0x0000000089600000|100%| E|CS|TAMS 0x0000000089500000, 0x0000000089500000| Complete 
| 150|0x0000000089600000, 0x0000000089700000, 0x0000000089700000|100%| E|CS|TAMS 0x0000000089600000, 0x0000000089600000| Complete 
| 151|0x0000000089700000, 0x0000000089800000, 0x0000000089800000|100%| E|CS|TAMS 0x0000000089700000, 0x0000000089700000| Complete 
| 152|0x0000000089800000, 0x0000000089900000, 0x0000000089900000|100%| E|CS|TAMS 0x0000000089800000, 0x0000000089800000| Complete 
| 153|0x0000000089900000, 0x0000000089a00000, 0x0000000089a00000|100%| E|CS|TAMS 0x0000000089900000, 0x0000000089900000| Complete 
| 154|0x0000000089a00000, 0x0000000089b00000, 0x0000000089b00000|100%| E|CS|TAMS 0x0000000089a00000, 0x0000000089a00000| Complete 
| 155|0x0000000089b00000, 0x0000000089c00000, 0x0000000089c00000|100%| E|CS|TAMS 0x0000000089b00000, 0x0000000089b00000| Complete 
| 156|0x0000000089c00000, 0x0000000089d00000, 0x0000000089d00000|100%| E|CS|TAMS 0x0000000089c00000, 0x0000000089c00000| Complete 
| 157|0x0000000089d00000, 0x0000000089e00000, 0x0000000089e00000|100%| E|CS|TAMS 0x0000000089d00000, 0x0000000089d00000| Complete 
| 158|0x0000000089e00000, 0x0000000089f00000, 0x0000000089f00000|100%| E|CS|TAMS 0x0000000089e00000, 0x0000000089e00000| Complete 
| 159|0x0000000089f00000, 0x000000008a000000, 0x000000008a000000|100%| E|CS|TAMS 0x0000000089f00000, 0x0000000089f00000| Complete 
| 160|0x000000008a000000, 0x000000008a100000, 0x000000008a100000|100%| E|CS|TAMS 0x000000008a000000, 0x000000008a000000| Complete 
| 161|0x000000008a100000, 0x000000008a200000, 0x000000008a200000|100%| E|CS|TAMS 0x000000008a100000, 0x000000008a100000| Complete 
| 162|0x000000008a200000, 0x000000008a300000, 0x000000008a300000|100%| E|CS|TAMS 0x000000008a200000, 0x000000008a200000| Complete 
| 163|0x000000008a300000, 0x000000008a400000, 0x000000008a400000|100%| E|CS|TAMS 0x000000008a300000, 0x000000008a300000| Complete 
| 164|0x000000008a400000, 0x000000008a500000, 0x000000008a500000|100%| E|CS|TAMS 0x000000008a400000, 0x000000008a400000| Complete 
| 165|0x000000008a500000, 0x000000008a600000, 0x000000008a600000|100%| E|CS|TAMS 0x000000008a500000, 0x000000008a500000| Complete 
| 166|0x000000008a600000, 0x000000008a700000, 0x000000008a700000|100%| E|CS|TAMS 0x000000008a600000, 0x000000008a600000| Complete 
| 167|0x000000008a700000, 0x000000008a800000, 0x000000008a800000|100%| E|CS|TAMS 0x000000008a700000, 0x000000008a700000| Complete 
| 168|0x000000008a800000, 0x000000008a900000, 0x000000008a900000|100%| E|CS|TAMS 0x000000008a800000, 0x000000008a800000| Complete 
| 169|0x000000008a900000, 0x000000008aa00000, 0x000000008aa00000|100%| E|CS|TAMS 0x000000008a900000, 0x000000008a900000| Complete 
| 170|0x000000008aa00000, 0x000000008ab00000, 0x000000008ab00000|100%| E|CS|TAMS 0x000000008aa00000, 0x000000008aa00000| Complete 
| 171|0x000000008ab00000, 0x000000008ac00000, 0x000000008ac00000|100%| E|CS|TAMS 0x000000008ab00000, 0x000000008ab00000| Complete 
| 172|0x000000008ac00000, 0x000000008ad00000, 0x000000008ad00000|100%| E|CS|TAMS 0x000000008ac00000, 0x000000008ac00000| Complete 
| 173|0x000000008ad00000, 0x000000008ae00000, 0x000000008ae00000|100%| E|CS|TAMS 0x000000008ad00000, 0x000000008ad00000| Complete 
| 174|0x000000008ae00000, 0x000000008af00000, 0x000000008af00000|100%| E|CS|TAMS 0x000000008ae00000, 0x000000008ae00000| Complete 
| 175|0x000000008af00000, 0x000000008b000000, 0x000000008b000000|100%| E|CS|TAMS 0x000000008af00000, 0x000000008af00000| Complete 
| 176|0x000000008b000000, 0x000000008b100000, 0x000000008b100000|100%| E|  |TAMS 0x000000008b000000, 0x000000008b000000| Complete 
| 177|0x000000008b100000, 0x000000008b200000, 0x000000008b200000|100%| E|CS|TAMS 0x000000008b100000, 0x000000008b100000| Complete 
| 178|0x000000008b200000, 0x000000008b300000, 0x000000008b300000|100%| E|CS|TAMS 0x000000008b200000, 0x000000008b200000| Complete 
| 179|0x000000008b300000, 0x000000008b400000, 0x000000008b400000|100%| E|CS|TAMS 0x000000008b300000, 0x000000008b300000| Complete 
| 180|0x000000008b400000, 0x000000008b500000, 0x000000008b500000|100%| E|CS|TAMS 0x000000008b400000, 0x000000008b400000| Complete 
| 181|0x000000008b500000, 0x000000008b600000, 0x000000008b600000|100%| E|CS|TAMS 0x000000008b500000, 0x000000008b500000| Complete 
| 182|0x000000008b600000, 0x000000008b700000, 0x000000008b700000|100%| E|CS|TAMS 0x000000008b600000, 0x000000008b600000| Complete 

Card table byte_map: [0x000001cc4f310000,0x000001cc4f710000] _byte_map_base: 0x000001cc4ef10000

Marking Bits (Prev, Next): (CMBitMap*) 0x000001cc3a625610, (CMBitMap*) 0x000001cc3a6255d8
 Prev Bits: [0x000001cc51b10000, 0x000001cc53b10000)
 Next Bits: [0x000001cc4fb10000, 0x000001cc51b10000)

Polling page: 0x000001cc3a420000

Metaspace:

Usage:
  Non-class:     74.18 MB capacity,    72.93 MB ( 98%) used,     1.01 MB (  1%) free+waste,   252.13 KB ( <1%) overhead. 
      Class:     11.67 MB capacity,    10.83 MB ( 93%) used,   748.05 KB (  6%) free+waste,   113.56 KB ( <1%) overhead. 
       Both:     85.85 MB capacity,    83.75 MB ( 98%) used,     1.74 MB (  2%) free+waste,   365.69 KB ( <1%) overhead. 

Virtual space:
  Non-class space:       76.00 MB reserved,      74.33 MB ( 98%) committed 
      Class space:        1.00 GB reserved,      11.75 MB (  1%) committed 
             Both:        1.07 GB reserved,      86.08 MB (  8%) committed 

Chunk freelists:
   Non-Class:  22.00 KB
       Class:  18.00 KB
        Both:  40.00 KB

MaxMetaspaceSize: 17179869184.00 GB
CompressedClassSpaceSize: 1.00 GB
Initial GC threshold: 20.80 MB
Current GC threshold: 98.67 MB
CDS: off

CodeHeap 'non-profiled nmethods': size=120064Kb used=5121Kb max_used=5121Kb free=114942Kb
 bounds [0x000001cc473b0000, 0x000001cc478c0000, 0x000001cc4e8f0000]
CodeHeap 'profiled nmethods': size=120000Kb used=21061Kb max_used=21061Kb free=98938Kb
 bounds [0x000001cc3fe80000, 0x000001cc41320000, 0x000001cc473b0000]
CodeHeap 'non-nmethods': size=5696Kb used=2365Kb max_used=2409Kb free=3330Kb
 bounds [0x000001cc3f8f0000, 0x000001cc3fb60000, 0x000001cc3fe80000]
 total_blobs=10991 nmethods=10105 adapters=798
 compilation: enabled
              stopped_count=0, restarted_count=0
 full_count=0

Compilation events (20 events):
Event: 28.350 Thread 0x000001cc5612b000 10151       2       com.google.common.collect.ReverseNaturalOrdering::compare (20 bytes)
Event: 28.351 Thread 0x000001cc5612b000 nmethod 10151 0x000001cc41303110 code [0x000001cc413032e0, 0x000001cc413034d8]
Event: 28.352 Thread 0x000001cc5612b000 10152       2       java.io.File::compareTo (9 bytes)
Event: 28.352 Thread 0x000001cc5612b000 nmethod 10152 0x000001cc41303610 code [0x000001cc413037c0, 0x000001cc41303948]
Event: 28.354 Thread 0x000001cc5612b000 10153       1       org.gradle.internal.watch.registry.impl.DefaultFileWatcherRegistry::access$100 (5 bytes)
Event: 28.354 Thread 0x000001cc5612b000 nmethod 10153 0x000001cc478ad810 code [0x000001cc478ad9c0, 0x000001cc478ada58]
Event: 28.354 Thread 0x000001cc5612b000 10154       1       org.gradle.internal.watch.registry.impl.DefaultFileWatcherRegistry::access$200 (5 bytes)
Event: 28.354 Thread 0x000001cc5612b000 nmethod 10154 0x000001cc478adb10 code [0x000001cc478adcc0, 0x000001cc478add58]
Event: 28.354 Thread 0x000001cc5612b000 10155       1       org.gradle.internal.watch.vfs.impl.WatchingVirtualFileSystem::access$000 (5 bytes)
Event: 28.354 Thread 0x000001cc5612b000 nmethod 10155 0x000001cc478ade10 code [0x000001cc478adfc0, 0x000001cc478ae058]
Event: 28.355 Thread 0x000001cc5612b000 10156       2       java.io.File::normalizedList (86 bytes)
Event: 28.355 Thread 0x000001cc5612b000 nmethod 10156 0x000001cc41303a90 code [0x000001cc41303cc0, 0x000001cc41304238]
Event: 28.368 Thread 0x000001cc5612b000 10159       2       jdk.internal.org.objectweb.asm.ClassWriter::visitSource (36 bytes)
Event: 28.369 Thread 0x000001cc5612b000 nmethod 10159 0x000001cc41304510 code [0x000001cc413046e0, 0x000001cc413049f8]
Event: 28.369 Thread 0x000001cc5612b000 10163   !   2       java.lang.invoke.LambdaForm::lambdaName (49 bytes)
Event: 28.369 Thread 0x000001cc5612b000 nmethod 10163 0x000001cc41304b10 code [0x000001cc41304cc0, 0x000001cc41304db8]
Event: 28.369 Thread 0x000001cc5612b000 10165       2       java.lang.invoke.InvokerBytecodeGenerator::addMethod (685 bytes)
Event: 28.372 Thread 0x000001cc5612b000 nmethod 10165 0x000001cc41304e90 code [0x000001cc413052a0, 0x000001cc41306228]
Event: 28.372 Thread 0x000001cc5612b000 10164       2       java.lang.invoke.InvokerBytecodeGenerator::classFilePrologue (86 bytes)
Event: 28.373 Thread 0x000001cc5612b000 nmethod 10164 0x000001cc41306c90 code [0x000001cc41306f00, 0x000001cc413075e8]

GC Heap History (20 events):
Event: 10.797 GC heap before
{Heap before GC invocations=10 (full 0):
 garbage-first heap   total 155648K, used 103023K [0x0000000080000000, 0x0000000100000000)
  region size 1024K, 82 young (83968K), 9 survivors (9216K)
 Metaspace       used 47036K, capacity 48082K, committed 48208K, reserved 1091584K
  class space    used 5972K, capacity 6386K, committed 6400K, reserved 1048576K
}
Event: 10.817 GC heap after
{Heap after GC invocations=11 (full 0):
 garbage-first heap   total 155648K, used 30657K [0x0000000080000000, 0x0000000100000000)
  region size 1024K, 8 young (8192K), 8 survivors (8192K)
 Metaspace       used 47036K, capacity 48082K, committed 48208K, reserved 1091584K
  class space    used 5972K, capacity 6386K, committed 6400K, reserved 1048576K
}
Event: 15.910 GC heap before
{Heap before GC invocations=11 (full 0):
 garbage-first heap   total 155648K, used 114625K [0x0000000080000000, 0x0000000100000000)
  region size 1024K, 86 young (88064K), 8 survivors (8192K)
 Metaspace       used 52604K, capacity 53970K, committed 54096K, reserved 1095680K
  class space    used 6631K, capacity 7120K, committed 7168K, reserved 1048576K
}
Event: 15.931 GC heap after
{Heap after GC invocations=12 (full 0):
 garbage-first heap   total 155648K, used 43738K [0x0000000080000000, 0x0000000100000000)
  region size 1024K, 11 young (11264K), 11 survivors (11264K)
 Metaspace       used 52604K, capacity 53970K, committed 54096K, reserved 1095680K
  class space    used 6631K, capacity 7120K, committed 7168K, reserved 1048576K
}
Event: 17.060 GC heap before
{Heap before GC invocations=12 (full 0):
 garbage-first heap   total 155648K, used 84698K [0x0000000080000000, 0x0000000100000000)
  region size 1024K, 52 young (53248K), 11 survivors (11264K)
 Metaspace       used 58723K, capacity 60138K, committed 60240K, reserved 1101824K
  class space    used 7399K, capacity 7914K, committed 7936K, reserved 1048576K
}
Event: 17.082 GC heap after
{Heap after GC invocations=13 (full 0):
 garbage-first heap   total 155648K, used 46030K [0x0000000080000000, 0x0000000100000000)
  region size 1024K, 2 young (2048K), 2 survivors (2048K)
 Metaspace       used 58723K, capacity 60138K, committed 60240K, reserved 1101824K
  class space    used 7399K, capacity 7914K, committed 7936K, reserved 1048576K
}
Event: 18.197 GC heap before
{Heap before GC invocations=14 (full 0):
 garbage-first heap   total 155648K, used 111566K [0x0000000080000000, 0x0000000100000000)
  region size 1024K, 60 young (61440K), 2 survivors (2048K)
 Metaspace       used 63192K, capacity 64647K, committed 64720K, reserved 1105920K
  class space    used 7935K, capacity 8511K, committed 8576K, reserved 1048576K
}
Event: 18.211 GC heap after
{Heap after GC invocations=15 (full 0):
 garbage-first heap   total 187392K, used 51310K [0x0000000080000000, 0x0000000100000000)
  region size 1024K, 8 young (8192K), 8 survivors (8192K)
 Metaspace       used 63192K, capacity 64647K, committed 64720K, reserved 1105920K
  class space    used 7935K, capacity 8511K, committed 8576K, reserved 1048576K
}
Event: 18.979 GC heap before
{Heap before GC invocations=15 (full 0):
 garbage-first heap   total 187392K, used 81006K [0x0000000080000000, 0x0000000100000000)
  region size 1024K, 36 young (36864K), 8 survivors (8192K)
 Metaspace       used 65217K, capacity 66638K, committed 66768K, reserved 1107968K
  class space    used 8230K, capacity 8782K, committed 8832K, reserved 1048576K
}
Event: 18.992 GC heap after
{Heap after GC invocations=16 (full 0):
 garbage-first heap   total 187392K, used 53042K [0x0000000080000000, 0x0000000100000000)
  region size 1024K, 2 young (2048K), 2 survivors (2048K)
 Metaspace       used 65217K, capacity 66638K, committed 66768K, reserved 1107968K
  class space    used 8230K, capacity 8782K, committed 8832K, reserved 1048576K
}
Event: 19.552 GC heap before
{Heap before GC invocations=16 (full 0):
 garbage-first heap   total 187392K, used 106290K [0x0000000080000000, 0x0000000100000000)
  region size 1024K, 54 young (55296K), 2 survivors (2048K)
 Metaspace       used 67156K, capacity 68735K, committed 68816K, reserved 1110016K
  class space    used 8479K, capacity 9075K, committed 9088K, reserved 1048576K
}
Event: 19.561 GC heap after
{Heap after GC invocations=17 (full 0):
 garbage-first heap   total 187392K, used 56250K [0x0000000080000000, 0x0000000100000000)
  region size 1024K, 6 young (6144K), 6 survivors (6144K)
 Metaspace       used 67156K, capacity 68735K, committed 68816K, reserved 1110016K
  class space    used 8479K, capacity 9075K, committed 9088K, reserved 1048576K
}
Event: 21.216 GC heap before
{Heap before GC invocations=17 (full 0):
 garbage-first heap   total 187392K, used 113594K [0x0000000080000000, 0x0000000100000000)
  region size 1024K, 62 young (63488K), 6 survivors (6144K)
 Metaspace       used 73156K, capacity 74829K, committed 74960K, reserved 1114112K
  class space    used 9465K, capacity 10106K, committed 10112K, reserved 1048576K
}
Event: 21.232 GC heap after
{Heap after GC invocations=18 (full 0):
 garbage-first heap   total 187392K, used 59947K [0x0000000080000000, 0x0000000100000000)
  region size 1024K, 7 young (7168K), 7 survivors (7168K)
 Metaspace       used 73156K, capacity 74829K, committed 74960K, reserved 1114112K
  class space    used 9465K, capacity 10106K, committed 10112K, reserved 1048576K
}
Event: 22.789 GC heap before
{Heap before GC invocations=18 (full 0):
 garbage-first heap   total 187392K, used 125483K [0x0000000080000000, 0x0000000100000000)
  region size 1024K, 71 young (72704K), 7 survivors (7168K)
 Metaspace       used 79702K, capacity 81481K, committed 81616K, reserved 1120256K
  class space    used 10371K, capacity 11026K, committed 11136K, reserved 1048576K
}
Event: 22.807 GC heap after
{Heap after GC invocations=19 (full 0):
 garbage-first heap   total 187392K, used 64416K [0x0000000080000000, 0x0000000100000000)
  region size 1024K, 8 young (8192K), 8 survivors (8192K)
 Metaspace       used 79702K, capacity 81481K, committed 81616K, reserved 1120256K
  class space    used 10371K, capacity 11026K, committed 11136K, reserved 1048576K
}
Event: 25.260 GC heap before
{Heap before GC invocations=19 (full 0):
 garbage-first heap   total 187392K, used 136096K [0x0000000080000000, 0x0000000100000000)
  region size 1024K, 79 young (80896K), 8 survivors (8192K)
 Metaspace       used 82112K, capacity 84161K, committed 84304K, reserved 1122304K
  class space    used 10714K, capacity 11507K, committed 11520K, reserved 1048576K
}
Event: 25.282 GC heap after
{Heap after GC invocations=20 (full 0):
 garbage-first heap   total 187392K, used 69904K [0x0000000080000000, 0x0000000100000000)
  region size 1024K, 10 young (10240K), 10 survivors (10240K)
 Metaspace       used 82112K, capacity 84161K, committed 84304K, reserved 1122304K
  class space    used 10714K, capacity 11507K, committed 11520K, reserved 1048576K
}
Event: 27.804 GC heap before
{Heap before GC invocations=20 (full 0):
 garbage-first heap   total 187392K, used 139536K [0x0000000080000000, 0x0000000100000000)
  region size 1024K, 79 young (80896K), 10 survivors (10240K)
 Metaspace       used 83101K, capacity 85234K, committed 85456K, reserved 1124352K
  class space    used 10786K, capacity 11611K, committed 11648K, reserved 1048576K
}
Event: 27.827 GC heap after
{Heap after GC invocations=21 (full 0):
 garbage-first heap   total 187392K, used 74695K [0x0000000080000000, 0x0000000100000000)
  region size 1024K, 10 young (10240K), 10 survivors (10240K)
 Metaspace       used 83101K, capacity 85234K, committed 85456K, reserved 1124352K
  class space    used 10786K, capacity 11611K, committed 11648K, reserved 1048576K
}

Deoptimization events (20 events):
Event: 27.788 Thread 0x000001cc5a2f1000 Uncommon trap: trap_request=0xffffffd6 fr.pc=0x000001cc47898a0c relative=0x00000000000006cc
Event: 27.788 Thread 0x000001cc5a2f1000 Uncommon trap: reason=array_check action=maybe_recompile pc=0x000001cc47898a0c method=java.util.TimSort.binarySort([Ljava/lang/Object;IIILjava/util/Comparator;)V @ 215 c2
Event: 27.788 Thread 0x000001cc5a2f1000 DEOPT PACKING pc=0x000001cc47898a0c sp=0x000000bca6cfd6b0
Event: 27.788 Thread 0x000001cc5a2f1000 DEOPT UNPACKING pc=0x000001cc3f93a1af sp=0x000000bca6cfd658 mode 2
Event: 27.800 Thread 0x000001cc5a2ec000 Uncommon trap: trap_request=0xffffffd6 fr.pc=0x000001cc47898a0c relative=0x00000000000006cc
Event: 27.800 Thread 0x000001cc5a2ec000 Uncommon trap: reason=array_check action=maybe_recompile pc=0x000001cc47898a0c method=java.util.TimSort.binarySort([Ljava/lang/Object;IIILjava/util/Comparator;)V @ 215 c2
Event: 27.800 Thread 0x000001cc5a2ec000 DEOPT PACKING pc=0x000001cc47898a0c sp=0x000000bca6ffd850
Event: 27.800 Thread 0x000001cc5a2ec000 DEOPT UNPACKING pc=0x000001cc3f93a1af sp=0x000000bca6ffd7f8 mode 2
Event: 27.910 Thread 0x000001cc5a7e3800 Uncommon trap: trap_request=0xffffff4d fr.pc=0x000001cc4780f7b0 relative=0x0000000000000070
Event: 27.910 Thread 0x000001cc5a7e3800 Uncommon trap: reason=unstable_if action=reinterpret pc=0x000001cc4780f7b0 method=org.gradle.internal.logging.slf4j.OutputEventListenerBackedLogger.isLevelAtMost(Lorg/gradle/api/logging/LogLevel;)Z @ 11 c2
Event: 27.910 Thread 0x000001cc5a7e3800 DEOPT PACKING pc=0x000001cc4780f7b0 sp=0x000000bca78fa280
Event: 27.910 Thread 0x000001cc5a7e3800 DEOPT UNPACKING pc=0x000001cc3f93a1af sp=0x000000bca78fa220 mode 2
Event: 28.165 Thread 0x000001cc5a7e3800 Uncommon trap: trap_request=0xffffffd6 fr.pc=0x000001cc47899e34 relative=0x0000000000000af4
Event: 28.165 Thread 0x000001cc5a7e3800 Uncommon trap: reason=array_check action=maybe_recompile pc=0x000001cc47899e34 method=com.google.common.collect.RegularImmutableMap.fromEntryArray(I[Ljava/util/Map$Entry;)Lcom/google/common/collect/ImmutableMap; @ 157 c2
Event: 28.165 Thread 0x000001cc5a7e3800 DEOPT PACKING pc=0x000001cc47899e34 sp=0x000000bca78f8d10
Event: 28.165 Thread 0x000001cc5a7e3800 DEOPT UNPACKING pc=0x000001cc3f93a1af sp=0x000000bca78f8cc0 mode 2
Event: 28.324 Thread 0x000001cc58ba7000 Uncommon trap: trap_request=0xffffff4d fr.pc=0x000001cc4787b92c relative=0x00000000000006ac
Event: 28.324 Thread 0x000001cc58ba7000 Uncommon trap: reason=unstable_if action=reinterpret pc=0x000001cc4787b92c method=org.gradle.internal.file.FileHierarchySet$Node.contains(Ljava/lang/String;I)Z @ 91 c2
Event: 28.324 Thread 0x000001cc58ba7000 DEOPT PACKING pc=0x000001cc4787b92c sp=0x000000bca41feb60
Event: 28.324 Thread 0x000001cc58ba7000 DEOPT UNPACKING pc=0x000001cc3f93a1af sp=0x000000bca41feb20 mode 2

Classes redefined (0 events):
No events

Internal exceptions (20 events):
Event: 23.037 Thread 0x000001cc58ba2000 Exception <a 'java/lang/NoSuchMethodError'{0x000000008afe4868}: <clinit>> (0x000000008afe4868) thrown at [./src/hotspot/share/prims/jni.cpp, line 1366]
Event: 23.060 Thread 0x000001cc58ba2000 Exception <a 'java/lang/NoSuchMethodError'{0x000000008ad74e58}: <clinit>> (0x000000008ad74e58) thrown at [./src/hotspot/share/prims/jni.cpp, line 1366]
Event: 23.101 Thread 0x000001cc5a7e3800 Exception <a 'java/lang/NoSuchMethodError'{0x000000008ac39df0}: 'int java.lang.invoke.DirectMethodHandle$Holder.invokeSpecial(java.lang.Object, java.lang.Object, java.lang.Object, java.lang.Object, java.lang.Object)'> (0x000000008ac39df0) thrown at [./src/hotspot/share/interpreter/linkResolver.cpp, line 773]
Event: 23.112 Thread 0x000001cc5a7de800 Exception <a 'java/lang/NoSuchMethodError'{0x000000008aba0000}: <clinit>> (0x000000008aba0000) thrown at [./src/hotspot/share/prims/jni.cpp, line 1366]
Event: 23.114 Thread 0x000001cc5a7de800 Exception <a 'java/lang/NoSuchMethodError'{0x000000008abcce50}: <clinit>> (0x000000008abcce50) thrown at [./src/hotspot/share/prims/jni.cpp, line 1366]
Event: 23.118 Thread 0x000001cc5a7de800 Exception <a 'java/lang/NoSuchMethodError'{0x000000008aa06b10}: <clinit>> (0x000000008aa06b10) thrown at [./src/hotspot/share/prims/jni.cpp, line 1366]
Event: 23.121 Thread 0x000001cc5a7de800 Exception <a 'java/lang/NoSuchMethodError'{0x000000008aa10d20}: 'void java.lang.invoke.DirectMethodHandle$Holder.invokeSpecial(java.lang.Object, java.lang.Object, java.lang.Object, int)'> (0x000000008aa10d20) thrown at [./src/hotspot/share/interpreter/linkResolver.cpp, line 773]
Event: 23.961 Thread 0x000001cc5a7e3800 Exception <a 'java/lang/NoSuchMethodError'{0x0000000089dbf830}: 'void java.lang.invoke.DirectMethodHandle$Holder.invokeStatic(java.lang.Object, java.lang.Object, java.lang.Object, java.lang.Object, int, java.lang.Object, java.lang.Object)'> (0x0000000089dbf830) thrown at [./src/hotspot/share/interpreter/linkResolver.cpp, line 773]
Event: 23.983 Thread 0x000001cc5a7e3800 Exception <a 'java/lang/NoSuchMethodError'{0x0000000089ba6550}: 'java.lang.Object java.lang.invoke.DirectMethodHandle$Holder.invokeSpecialIFC(java.lang.Object, java.lang.Object, java.lang.Object)'> (0x0000000089ba6550) thrown at [./src/hotspot/share/interpreter/linkResolver.cpp, line 773]
Event: 24.216 Thread 0x000001cc5a7e3800 Exception <a 'java/lang/NoSuchMethodError'{0x0000000089591148}: 'void java.lang.invoke.DirectMethodHandle$Holder.invokeVirtual(java.lang.Object, java.lang.Object)'> (0x0000000089591148) thrown at [./src/hotspot/share/interpreter/linkResolver.cpp, line 773]
Event: 25.326 Thread 0x000001cc5a2e9000 Implicit null exception at 0x000001cc47820f02 to 0x000001cc4782185f
Event: 25.478 Thread 0x000001cc5a7e3800 Exception <a 'java/lang/NoSuchMethodError'{0x000000008ab45048}: 'void java.lang.invoke.DirectMethodHandle$Holder.invokeInterface(java.lang.Object, java.lang.Object, java.lang.Object, java.lang.Object)'> (0x000000008ab45048) thrown at [./src/hotspot/share/interpreter/linkResolver.cpp, line 773]
Event: 26.044 Thread 0x000001cc5a2ef000 Implicit null exception at 0x000001cc4784d0a4 to 0x000001cc4784d244
Event: 26.796 Thread 0x000001cc5a7e3800 Exception <a 'java/lang/NoSuchMethodError'{0x000000008994c5b0}: <clinit>> (0x000000008994c5b0) thrown at [./src/hotspot/share/prims/jni.cpp, line 1366]
Event: 26.796 Thread 0x000001cc5a7e3800 Exception <a 'java/lang/NoSuchMethodError'{0x000000008994de60}: <clinit>> (0x000000008994de60) thrown at [./src/hotspot/share/prims/jni.cpp, line 1366]
Event: 26.796 Thread 0x000001cc5a7e3800 Exception <a 'java/lang/NoSuchMethodError'{0x0000000089950d08}: <clinit>> (0x0000000089950d08) thrown at [./src/hotspot/share/prims/jni.cpp, line 1366]
Event: 26.797 Thread 0x000001cc5a7e3800 Exception <a 'java/lang/NoSuchMethodError'{0x000000008996c3c8}: <clinit>> (0x000000008996c3c8) thrown at [./src/hotspot/share/prims/jni.cpp, line 1366]
Event: 26.798 Thread 0x000001cc5a7e3800 Exception <a 'java/lang/NoSuchMethodError'{0x000000008996d8a8}: <clinit>> (0x000000008996d8a8) thrown at [./src/hotspot/share/prims/jni.cpp, line 1366]
Event: 27.191 Thread 0x000001cc5a7e3800 Implicit null exception at 0x000001cc4783a11c to 0x000001cc4783a448
Event: 28.369 Thread 0x000001cc5a7e3800 Exception <a 'java/lang/NoSuchMethodError'{0x00000000895a2480}: 'java.lang.Object java.lang.invoke.DirectMethodHandle$Holder.invokeStatic(java.lang.Object, java.lang.Object, int, java.lang.Object, java.lang.Object, java.lang.Object, java.lang.Object)'> (0x00000000895a2480) thrown at [./src/hotspot/share/interpreter/linkResolver.cpp, line 773]

Events (20 events):
Event: 28.364 loading class org/gradle/api/internal/tasks/compile/AnnotationProcessorDiscoveringCompiler
Event: 28.364 loading class org/gradle/api/internal/tasks/compile/AnnotationProcessorDiscoveringCompiler done
Event: 28.365 loading class org/gradle/api/internal/tasks/compile/NormalizingJavaCompiler
Event: 28.365 loading class org/gradle/api/internal/tasks/compile/NormalizingJavaCompiler done
Event: 28.366 loading class org/gradle/cache/internal/DefaultFileContentCacheFactory$DefaultFileContentCache
Event: 28.366 loading class org/gradle/cache/internal/DefaultFileContentCacheFactory$DefaultFileContentCache done
Event: 28.367 loading class org/gradle/internal/hash/HashCode
Event: 28.367 loading class org/gradle/internal/hash/HashCode done
Event: 28.367 loading class org/gradle/cache/internal/DefaultFileContentCacheFactory$DefaultFileContentCache
Event: 28.367 loading class org/gradle/cache/internal/DefaultFileContentCacheFactory$DefaultFileContentCache done
Event: 28.367 loading class org/gradle/internal/snapshot/MetadataSnapshot
Event: 28.367 loading class org/gradle/internal/snapshot/MetadataSnapshot done
Event: 28.367 loading class org/gradle/internal/snapshot/MetadataSnapshot
Event: 28.367 loading class org/gradle/internal/snapshot/MetadataSnapshot done
Event: 28.367 loading class org/gradle/internal/vfs/impl/DefaultFileSystemAccess
Event: 28.367 loading class org/gradle/internal/vfs/impl/DefaultFileSystemAccess done
Event: 28.368 loading class org/gradle/cache/internal/DefaultFileContentCacheFactory$DefaultFileContentCache
Event: 28.368 loading class org/gradle/cache/internal/DefaultFileContentCacheFactory$DefaultFileContentCache done
Event: 28.368 loading class org/gradle/cache/internal/InMemoryDecoratedCache
Event: 28.368 loading class org/gradle/cache/internal/InMemoryDecoratedCache done


Dynamic libraries:
0x00007ff7192b0000 - 0x00007ff7192ba000 	C:\Program Files\Android\Android Studio\jre\bin\java.exe
0x00007ffce31f0000 - 0x00007ffce33e5000 	C:\Windows\SYSTEM32\ntdll.dll
0x00007ffcd2a10000 - 0x00007ffcd2a29000 	C:\Program Files\Avast Software\Avast\aswhook.dll
0x00007ffce2300000 - 0x00007ffce23be000 	C:\Windows\System32\KERNEL32.DLL
0x00007ffce0b20000 - 0x00007ffce0de8000 	C:\Windows\System32\KERNELBASE.dll
0x00007ffce0f50000 - 0x00007ffce1050000 	C:\Windows\System32\ucrtbase.dll
0x00007ffcc66b0000 - 0x00007ffcc66c9000 	C:\Program Files\Android\Android Studio\jre\bin\jli.dll
0x00007ffce2650000 - 0x00007ffce27f1000 	C:\Windows\System32\USER32.dll
0x00007ffce0990000 - 0x00007ffce09b2000 	C:\Windows\System32\win32u.dll
0x00007ffce2270000 - 0x00007ffce229b000 	C:\Windows\System32\GDI32.dll
0x00007ffce0a10000 - 0x00007ffce0b1d000 	C:\Windows\System32\gdi32full.dll
0x00007ffce1050000 - 0x00007ffce10ed000 	C:\Windows\System32\msvcp_win.dll
0x00007ffcd2a30000 - 0x00007ffcd2cca000 	C:\Windows\WinSxS\amd64_microsoft.windows.common-controls_6595b64144ccf1df_6.0.19041.1110_none_60b5254171f9507e\COMCTL32.dll
0x00007ffce1460000 - 0x00007ffce14fe000 	C:\Windows\System32\msvcrt.dll
0x00007ffcc9670000 - 0x00007ffcc9687000 	C:\Program Files\Android\Android Studio\jre\bin\VCRUNTIME140.dll
0x00007ffce2800000 - 0x00007ffce2830000 	C:\Windows\System32\IMM32.DLL
0x00007ffc97d80000 - 0x00007ffc97e1d000 	C:\Program Files\Android\Android Studio\jre\bin\msvcp140.dll
0x00007ffc836c0000 - 0x00007ffc841c2000 	C:\Program Files\Android\Android Studio\jre\bin\server\jvm.dll
0x00007ffce3030000 - 0x00007ffce30dc000 	C:\Windows\System32\ADVAPI32.dll
0x00007ffce25b0000 - 0x00007ffce264b000 	C:\Windows\System32\sechost.dll
0x00007ffce1b90000 - 0x00007ffce1cba000 	C:\Windows\System32\RPCRT4.dll
0x00007ffce13a0000 - 0x00007ffce13a8000 	C:\Windows\System32\PSAPI.DLL
0x00007ffcce430000 - 0x00007ffcce439000 	C:\Windows\SYSTEM32\WSOCK32.dll
0x00007ffce3140000 - 0x00007ffce31ab000 	C:\Windows\System32\WS2_32.dll
0x00007ffcd2cd0000 - 0x00007ffcd2cf7000 	C:\Windows\SYSTEM32\WINMM.dll
0x00007ffcd6ba0000 - 0x00007ffcd6baa000 	C:\Windows\SYSTEM32\VERSION.dll
0x00007ffcde9a0000 - 0x00007ffcde9b2000 	C:\Windows\SYSTEM32\kernel.appcore.dll
0x00007ffcd9d40000 - 0x00007ffcd9d51000 	C:\Program Files\Android\Android Studio\jre\bin\verify.dll
0x00007ffcd0db0000 - 0x00007ffcd0f94000 	C:\Windows\SYSTEM32\DBGHELP.DLL
0x00007ffcd0cc0000 - 0x00007ffcd0cec000 	C:\Windows\SYSTEM32\dbgcore.DLL
0x00007ffce11a0000 - 0x00007ffce1223000 	C:\Windows\System32\bcryptPrimitives.dll
0x00007ffcd9d10000 - 0x00007ffcd9d39000 	C:\Program Files\Android\Android Studio\jre\bin\java.dll
0x00007ffcd9d00000 - 0x00007ffcd9d0b000 	C:\Program Files\Android\Android Studio\jre\bin\jimage.dll
0x00007ffcd99c0000 - 0x00007ffcd99d8000 	C:\Program Files\Android\Android Studio\jre\bin\zip.dll
0x00007ffce2830000 - 0x00007ffce2f74000 	C:\Windows\System32\SHELL32.dll
0x00007ffcdeba0000 - 0x00007ffcdf334000 	C:\Windows\SYSTEM32\windows.storage.dll
0x00007ffce1750000 - 0x00007ffce1aa5000 	C:\Windows\System32\combase.dll
0x00007ffce0280000 - 0x00007ffce02ae000 	C:\Windows\SYSTEM32\Wldp.dll
0x00007ffce13b0000 - 0x00007ffce145d000 	C:\Windows\System32\SHCORE.dll
0x00007ffce2550000 - 0x00007ffce25a5000 	C:\Windows\System32\shlwapi.dll
0x00007ffce0840000 - 0x00007ffce085f000 	C:\Windows\SYSTEM32\profapi.dll
0x00007ffcd99a0000 - 0x00007ffcd99ba000 	C:\Program Files\Android\Android Studio\jre\bin\net.dll
0x00007ffcd8260000 - 0x00007ffcd836c000 	C:\Windows\SYSTEM32\WINHTTP.dll
0x00007ffcdffe0000 - 0x00007ffce004a000 	C:\Windows\system32\mswsock.dll
0x00007ffcd9980000 - 0x00007ffcd9994000 	C:\Program Files\Android\Android Studio\jre\bin\nio.dll
0x00007ffcc6b80000 - 0x00007ffcc6ba7000 	D:\gradle_path\native\e1d6ef7f7dcc3fd88c89a11ec53ec762bb8ba0a96d01ffa2cd45eb1d1d8dd5c5\windows-amd64\native-platform.dll
0x00007ffc947a0000 - 0x00007ffc948e4000 	D:\gradle_path\native\0d407fdbe67a94daf76414ababcb853783967236a71b16ec16e742cd7a986fd3\windows-amd64\native-platform-file-events.dll
0x00007ffcd9970000 - 0x00007ffcd997a000 	C:\Program Files\Android\Android Studio\jre\bin\management.dll
0x00007ffcd9960000 - 0x00007ffcd996d000 	C:\Program Files\Android\Android Studio\jre\bin\management_ext.dll
0x00007ffce01d0000 - 0x00007ffce01e8000 	C:\Windows\SYSTEM32\CRYPTSP.dll
0x00007ffcdfb10000 - 0x00007ffcdfb44000 	C:\Windows\system32\rsaenh.dll
0x00007ffce0900000 - 0x00007ffce0927000 	C:\Windows\System32\bcrypt.dll
0x00007ffce07b0000 - 0x00007ffce07de000 	C:\Windows\SYSTEM32\USERENV.dll
0x00007ffce01f0000 - 0x00007ffce01fc000 	C:\Windows\SYSTEM32\CRYPTBASE.dll
0x00007ffcdfcd0000 - 0x00007ffcdfd0b000 	C:\Windows\SYSTEM32\IPHLPAPI.DLL
0x00007ffce2420000 - 0x00007ffce2428000 	C:\Windows\System32\NSI.dll
0x00007ffcd9b40000 - 0x00007ffcd9b57000 	C:\Windows\SYSTEM32\dhcpcsvc6.DLL
0x00007ffcd9b20000 - 0x00007ffcd9b3d000 	C:\Windows\SYSTEM32\dhcpcsvc.DLL
0x00007ffcdfd10000 - 0x00007ffcdfddb000 	C:\Windows\SYSTEM32\DNSAPI.dll

dbghelp: loaded successfully - version: 4.0.5 - missing functions: none
symbol engine: initialized successfully - sym options: 0x614 - pdb path: .;C:\Program Files\Android\Android Studio\jre\bin;C:\Windows\SYSTEM32;C:\Program Files\Avast Software\Avast;C:\Windows\WinSxS\amd64_microsoft.windows.common-controls_6595b64144ccf1df_6.0.19041.1110_none_60b5254171f9507e;C:\Program Files\Android\Android Studio\jre\bin\server;D:\gradle_path\native\e1d6ef7f7dcc3fd88c89a11ec53ec762bb8ba0a96d01ffa2cd45eb1d1d8dd5c5\windows-amd64;D:\gradle_path\native\0d407fdbe67a94daf76414ababcb853783967236a71b16ec16e742cd7a986fd3\windows-amd64

VM Arguments:
jvm_args: --add-opens=java.base/java.util=ALL-UNNAMED --add-opens=java.base/java.lang=ALL-UNNAMED --add-opens=java.base/java.lang.invoke=ALL-UNNAMED --add-opens=java.base/java.util=ALL-UNNAMED --add-opens=java.prefs/java.util.prefs=ALL-UNNAMED --add-opens=java.prefs/java.util.prefs=ALL-UNNAMED --add-opens=java.base/java.nio.charset=ALL-UNNAMED --add-opens=java.base/java.net=ALL-UNNAMED --add-opens=java.base/java.util.concurrent.atomic=ALL-UNNAMED -Xmx2048m -Dfile.encoding=UTF-8 -Duser.country=US -Duser.language=en -Duser.variant 
java_command: org.gradle.launcher.daemon.bootstrap.GradleDaemon 7.4
java_class_path (initial): D:\gradle_path\wrapper\dists\gradle-7.4-bin\c0gwcg53nkjbqw7r0h0umtfvt\gradle-7.4\lib\gradle-launcher-7.4.jar
Launcher Type: SUN_STANDARD

[Global flags]
     intx CICompilerCount                          = 3                                         {product} {ergonomic}
     uint ConcGCThreads                            = 1                                         {product} {ergonomic}
     uint G1ConcRefinementThreads                  = 4                                         {product} {ergonomic}
   size_t G1HeapRegionSize                         = 1048576                                   {product} {ergonomic}
    uintx GCDrainStackTargetSize                   = 64                                        {product} {ergonomic}
   size_t InitialHeapSize                          = 130023424                                 {product} {ergonomic}
   size_t MarkStackSize                            = 4194304                                   {product} {ergonomic}
   size_t MaxHeapSize                              = 2147483648                                {product} {command line}
   size_t MaxNewSize                               = 1287651328                                {product} {ergonomic}
   size_t MinHeapDeltaBytes                        = 1048576                                   {product} {ergonomic}
    uintx NonNMethodCodeHeapSize                   = 5830732                                {pd product} {ergonomic}
    uintx NonProfiledCodeHeapSize                  = 122913754                              {pd product} {ergonomic}
    uintx ProfiledCodeHeapSize                     = 122913754                              {pd product} {ergonomic}
    uintx ReservedCodeCacheSize                    = 251658240                              {pd product} {ergonomic}
     bool SegmentedCodeCache                       = true                                      {product} {ergonomic}
     bool UseCompressedClassPointers               = true                                 {lp64_product} {ergonomic}
     bool UseCompressedOops                        = true                                 {lp64_product} {ergonomic}
     bool UseG1GC                                  = true                                      {product} {ergonomic}
     bool UseLargePagesIndividualAllocation        = false                                  {pd product} {ergonomic}

Logging:
Log output configuration:
 #0: stdout all=warning uptime,level,tags
 #1: stderr all=off uptime,level,tags

Environment Variables:
PATH=C:\Program Files\Common Files\Oracle\Java\javapath;C:\Program Files (x86)\Common Files\Oracle\Java\javapath;C:\Windows\system32;C:\Windows;C:\Windows\System32\Wbem;C:\Windows\System32\WindowsPowerShell\v1.0\;C:\Windows\System32\OpenSSH\;C:\Program Files\Intel\WiFi\bin\;C:\Program Files\Common Files\Intel\WirelessCommon\;C:\Program Files\Git\cmd;D:\xampp\php;C:\ProgramData\ComposerSetup\bin;C:\Users\rockerhead\AppData\Local\Microsoft\WindowsApps;C:\Program Files\Intel\WiFi\bin\;C:\Program Files\Common Files\Intel\WirelessCommon\;C:\MinGW\bin;C:\Users\rockerhead\AppData\Roaming\Composer\vendor\bin
USERNAME=rockerhead
OS=Windows_NT
PROCESSOR_IDENTIFIER=Intel64 Family 6 Model 69 Stepping 1, GenuineIntel



---------------  S Y S T E M  ---------------

OS: Windows 10 , 64 bit Build 19041 (10.0.19041.1348)
OS uptime: 0 days 4:50 hours

CPU:total 4 (initial active 4) (2 cores per cpu, 2 threads per core) family 6 model 69 stepping 1 microcode 0x25, cmov, cx8, fxsr, mmx, sse, sse2, sse3, ssse3, sse4.1, sse4.2, popcnt, avx, avx2, aes, clmul, erms, lzcnt, ht, tsc, tscinvbit, bmi1, bmi2, fma

Memory: 4k page, system-wide physical 7894M (271M free)
TotalPageFile size 7894M (AvailPageFile size 6M)
current process WorkingSet (physical memory assigned to process): 392M, peak: 393M
current process commit charge ("private bytes"): 450M, peak: 451M

vm_info: OpenJDK 64-Bit Server VM (11.0.13+0-b1751.21-8125866) for windows-amd64 JRE (11.0.13+0-b1751.21-8125866), built on Feb  2 2022 03:00:22 by "builder" with MS VC++ 14.0 (VS2015)

END.
