#
# There is insufficient memory for the Java Runtime Environment to continue.
# Native memory allocation (malloc) failed to allocate 1016176 bytes for Chunk::new
# Possible reasons:
#   The system is out of physical RAM or swap space
#   The process is running with CompressedOops enabled, and the Java Heap may be blocking the growth of the native heap
# Possible solutions:
#   Reduce memory load on the system
#   Increase physical memory or swap space
#   Check if swap backing store is full
#   Decrease Java heap size (-Xmx/-Xms)
#   Decrease number of Java threads
#   Decrease Java thread stack sizes (-Xss)
#   Set larger code cache with -XX:ReservedCodeCacheSize=
#   JVM is running with Unscaled Compressed Oops mode in which the Java heap is
#     placed in the first 4GB address space. The Java Heap base address is the
#     maximum limit for the native heap growth. Please use -XX:HeapBaseMinAddress
#     to set the Java Heap base and to place the Java Heap above 4GB virtual address.
# This output file may be truncated or incomplete.
#
#  Out of Memory Error (./src/hotspot/share/memory/arena.cpp:197), pid=5160, tid=9172
#
# JRE version: OpenJDK Runtime Environment (11.0.13) (build 11.0.13+0-b1751.21-8125866)
# Java VM: OpenJDK 64-Bit Server VM (11.0.13+0-b1751.21-8125866, mixed mode, tiered, compressed oops, g1 gc, windows-amd64)
# No core dump will be written. Minidumps are not enabled by default on client versions of Windows
#

---------------  S U M M A R Y ------------

Command Line: --add-opens=java.base/java.util=ALL-UNNAMED --add-opens=java.base/java.lang=ALL-UNNAMED --add-opens=java.base/java.lang.invoke=ALL-UNNAMED --add-opens=java.base/java.util=ALL-UNNAMED --add-opens=java.prefs/java.util.prefs=ALL-UNNAMED --add-opens=java.prefs/java.util.prefs=ALL-UNNAMED --add-opens=java.base/java.nio.charset=ALL-UNNAMED --add-opens=java.base/java.net=ALL-UNNAMED --add-opens=java.base/java.util.concurrent.atomic=ALL-UNNAMED -Xmx2048m -Dfile.encoding=UTF-8 -Duser.country=US -Duser.language=en -Duser.variant org.gradle.launcher.daemon.bootstrap.GradleDaemon 7.4

Host: Intel(R) Core(TM) i7-4510U CPU @ 2.00GHz, 4 cores, 7G,  Windows 10 , 64 bit Build 19041 (10.0.19041.1348)
Time: Fri Sep  1 11:29:14 2023 SE Asia Standard Time elapsed time: 2252.458719 seconds (0d 0h 37m 32s)

---------------  T H R E A D  ---------------

Current thread (0x0000020fd4e3f800):  JavaThread "C2 CompilerThread1" daemon [_thread_in_native, id=9172, stack(0x000000228ee00000,0x000000228ef00000)]


Current CompileTask:
C2:2252459 20884  s    4       org.gradle.internal.component.external.model.AbstractLazyModuleComponentResolveMetadata::getVariantsForGraphTraversal (20 bytes)

Stack: [0x000000228ee00000,0x000000228ef00000]
Native frames: (J=compiled Java code, j=interpreted, Vv=VM code, C=native code)
V  [jvm.dll+0x6100fa]
V  [jvm.dll+0x747090]
V  [jvm.dll+0x7486ad]
V  [jvm.dll+0x748d83]
V  [jvm.dll+0x24ab48]
V  [jvm.dll+0xc04dc]
V  [jvm.dll+0xc0a0c]
V  [jvm.dll+0x2bfab4]
V  [jvm.dll+0x524238]
V  [jvm.dll+0x20b193]
V  [jvm.dll+0x204ca0]
V  [jvm.dll+0x2023c2]
V  [jvm.dll+0x188e01]
V  [jvm.dll+0x21106b]
V  [jvm.dll+0x20f8c1]
V  [jvm.dll+0x70de0f]
V  [jvm.dll+0x706a75]
V  [jvm.dll+0x60ed66]
C  [ucrtbase.dll+0x21bb2]
C  [KERNEL32.DLL+0x17034]
C  [ntdll.dll+0x52651]


---------------  P R O C E S S  ---------------

Threads class SMR info:
_java_thread_list=0x0000020fd16201e0, length=92, elements={
0x0000020fb4d32000, 0x0000020fce932800, 0x0000020fce935800, 0x0000020fcf2c3800,
0x0000020fce94c800, 0x0000020fce94e800, 0x0000020fce95f000, 0x0000020fce962800,
0x0000020fce966000, 0x0000020fcf3ff000, 0x0000020fd1513000, 0x0000020fcf598800,
0x0000020fd0d9a800, 0x0000020fd1647800, 0x0000020fd1646000, 0x0000020fd1641800,
0x0000020fd1648000, 0x0000020fd1642800, 0x0000020fd1da5000, 0x0000020fd1da1000,
0x0000020fd1da2800, 0x0000020fd1da6000, 0x0000020fd1da7800, 0x0000020fd472d000,
0x0000020fd4734000, 0x0000020fd249d800, 0x0000020fd672b000, 0x0000020fd04be800,
0x0000020fd04be000, 0x0000020fd04bf800, 0x0000020fd04b9800, 0x0000020fd04c0000,
0x0000020fd04bd000, 0x0000020fd04ba800, 0x0000020fd04c1000, 0x0000020fd04bb800,
0x0000020fd04c2000, 0x0000020fd04bc000, 0x0000020fd04c7000, 0x0000020fd04c4800,
0x0000020fd04c6000, 0x0000020fd4e3f800, 0x0000020fd04c7800, 0x0000020fd04c8800,
0x0000020fd04c3800, 0x0000020fd04c5000, 0x0000020fd04c2800, 0x0000020fd2498000,
0x0000020fd249a800, 0x0000020fd2498800, 0x0000020fd2499800, 0x0000020fd249f800,
0x0000020fd24a0000, 0x0000020fd24a1000, 0x0000020fd249c000, 0x0000020fd249b000,
0x0000020fd24a1800, 0x0000020fd24a2800, 0x0000020fd249d000, 0x0000020fd24a6000,
0x0000020fd24a3800, 0x0000020fd24a6800, 0x0000020fd24a4000, 0x0000020fd24a5000,
0x0000020fd4730800, 0x0000020fd472b800, 0x0000020fd472e000, 0x0000020fd472f000,
0x0000020fd472c800, 0x0000020fd472f800, 0x0000020fd472b000, 0x0000020fd4736000,
0x0000020fd4731800, 0x0000020fd4737000, 0x0000020fd4738000, 0x0000020fd4732000,
0x0000020fd4738800, 0x0000020fd4733000, 0x0000020fd1da4800, 0x0000020fd1da2000,
0x0000020fd1da8800, 0x0000020fd1dab000, 0x0000020fd1da9000, 0x0000020fd1dab800,
0x0000020fd1dac800, 0x0000020fd1daa000, 0x0000020fd1da7000, 0x0000020fd1dad800,
0x0000020fd1db0000, 0x0000020fd1daf000, 0x0000020fd1dae000, 0x0000020fd6733000
}

Java Threads: ( => current thread )
  0x0000020fb4d32000 JavaThread "main" [_thread_blocked, id=10236, stack(0x000000228c700000,0x000000228c800000)]
  0x0000020fce932800 JavaThread "Reference Handler" daemon [_thread_blocked, id=10164, stack(0x000000228ce00000,0x000000228cf00000)]
  0x0000020fce935800 JavaThread "Finalizer" daemon [_thread_blocked, id=8592, stack(0x000000228cf00000,0x000000228d000000)]
  0x0000020fcf2c3800 JavaThread "Signal Dispatcher" daemon [_thread_blocked, id=4664, stack(0x000000228d000000,0x000000228d100000)]
  0x0000020fce94c800 JavaThread "Attach Listener" daemon [_thread_blocked, id=9004, stack(0x000000228d100000,0x000000228d200000)]
  0x0000020fce94e800 JavaThread "Service Thread" daemon [_thread_blocked, id=6056, stack(0x000000228d200000,0x000000228d300000)]
  0x0000020fce95f000 JavaThread "C2 CompilerThread0" daemon [_thread_in_native, id=8236, stack(0x000000228d300000,0x000000228d400000)]
  0x0000020fce962800 JavaThread "C1 CompilerThread0" daemon [_thread_blocked, id=9264, stack(0x000000228d400000,0x000000228d500000)]
  0x0000020fce966000 JavaThread "Sweeper thread" daemon [_thread_blocked, id=2428, stack(0x000000228d500000,0x000000228d600000)]
  0x0000020fcf3ff000 JavaThread "Common-Cleaner" daemon [_thread_blocked, id=5156, stack(0x000000228d600000,0x000000228d700000)]
  0x0000020fd1513000 JavaThread "Daemon health stats" [_thread_blocked, id=9092, stack(0x000000228da00000,0x000000228db00000)]
  0x0000020fcf598800 JavaThread "Incoming local TCP Connector on port 60534" [_thread_in_native, id=9432, stack(0x000000228d800000,0x000000228d900000)]
  0x0000020fd0d9a800 JavaThread "Daemon periodic checks" [_thread_blocked, id=6648, stack(0x000000228db00000,0x000000228dc00000)]
  0x0000020fd1647800 JavaThread "Cache worker for journal cache (D:\gradle_path\caches\journal-1)" [_thread_blocked, id=2408, stack(0x000000228e600000,0x000000228e700000)]
  0x0000020fd1646000 JavaThread "File lock request listener" [_thread_in_native, id=3628, stack(0x000000228e700000,0x000000228e800000)]
  0x0000020fd1641800 JavaThread "Cache worker for file hash cache (D:\gradle_path\caches\7.4\fileHashes)" [_thread_blocked, id=9312, stack(0x000000228e800000,0x000000228e900000)]
  0x0000020fd1648000 JavaThread "File watcher server" daemon [_thread_in_native, id=9760, stack(0x000000228e900000,0x000000228ea00000)]
  0x0000020fd1642800 JavaThread "File watcher consumer" daemon [_thread_blocked, id=5196, stack(0x000000228ea00000,0x000000228eb00000)]
  0x0000020fd1da5000 JavaThread "Cache worker for execution history cache (D:\gradle_path\caches\7.4\executionHistory)" [_thread_blocked, id=8484, stack(0x000000228e200000,0x000000228e300000)]
  0x0000020fd1da1000 JavaThread "jar transforms" [_thread_blocked, id=7260, stack(0x000000228f000000,0x000000228f100000)]
  0x0000020fd1da2800 JavaThread "Cache worker for file content cache (D:\gradle_path\caches\7.4\fileContent)" [_thread_blocked, id=7900, stack(0x000000228f100000,0x000000228f200000)]
  0x0000020fd1da6000 JavaThread "jar transforms Thread 2" [_thread_blocked, id=8408, stack(0x000000228f200000,0x000000228f300000)]
  0x0000020fd1da7800 JavaThread "jar transforms Thread 3" [_thread_blocked, id=9980, stack(0x000000228f400000,0x000000228f500000)]
  0x0000020fd472d000 JavaThread "jar transforms Thread 4" [_thread_blocked, id=9848, stack(0x0000002291e00000,0x0000002291f00000)]
  0x0000020fd4734000 JavaThread "Memory manager" [_thread_blocked, id=3088, stack(0x0000002291f00000,0x0000002292000000)]
  0x0000020fd249d800 JavaThread "Cache worker for Java compile cache (D:\gradle_path\caches\7.4\javaCompile)" [_thread_blocked, id=7216, stack(0x0000002292600000,0x0000002292700000)]
  0x0000020fd672b000 JavaThread "ForkJoinPool.commonPool-worker-5" daemon [_thread_blocked, id=5588, stack(0x0000002292d00000,0x0000002292e00000)]
  0x0000020fd04be800 JavaThread "ForkJoinPool.commonPool-worker-1" daemon [_thread_blocked, id=184, stack(0x0000002292e00000,0x0000002292f00000)]
  0x0000020fd04be000 JavaThread "Daemon Thread 9" [_thread_blocked, id=5460, stack(0x000000228c400000,0x000000228c500000)]
  0x0000020fd04bf800 JavaThread "Handler for socket connection from /127.0.0.1:60534 to /127.0.0.1:51742" [_thread_in_native, id=7496, stack(0x000000228c500000,0x000000228c600000)]
  0x0000020fd04b9800 JavaThread "Cancel handler" [_thread_blocked, id=5592, stack(0x000000228c600000,0x000000228c700000)]
  0x0000020fd04c0000 JavaThread "Daemon worker Thread 9" [_thread_blocked, id=9896, stack(0x000000228dc00000,0x000000228dd00000)]
  0x0000020fd04bd000 JavaThread "Asynchronous log dispatcher for DefaultDaemonConnection: socket connection from /127.0.0.1:60534 to /127.0.0.1:51742" [_thread_blocked, id=9032, stack(0x000000228dd00000,0x000000228de00000)]
  0x0000020fd04ba800 JavaThread "Stdin handler" [_thread_blocked, id=7828, stack(0x000000228de00000,0x000000228df00000)]
  0x0000020fd04c1000 JavaThread "Daemon client event forwarder" [_thread_blocked, id=2928, stack(0x000000228e100000,0x000000228e200000)]
  0x0000020fd04bb800 JavaThread "Cache worker for checksums cache (D:\android_other_project\ISO8583Server\.gradle\7.4\checksums)" [_thread_blocked, id=8124, stack(0x000000228e300000,0x000000228e400000)]
  0x0000020fd04c2000 JavaThread "Cache worker for cache directory md-rule (D:\gradle_path\caches\7.4\md-rule)" [_thread_blocked, id=9448, stack(0x000000228e400000,0x000000228e500000)]
  0x0000020fd04bc000 JavaThread "Cache worker for file hash cache (D:\android_other_project\ISO8583Server\.gradle\7.4\fileHashes)" [_thread_blocked, id=3340, stack(0x000000228e500000,0x000000228e600000)]
  0x0000020fd04c7000 JavaThread "Cache worker for cache directory md-supplier (D:\gradle_path\caches\7.4\md-supplier)" [_thread_blocked, id=6884, stack(0x000000228eb00000,0x000000228ec00000)]
  0x0000020fd04c4800 JavaThread "Cache worker for dependencies-accessors (D:\android_other_project\ISO8583Server\.gradle\7.4\dependencies-accessors)" [_thread_blocked, id=9404, stack(0x000000228ec00000,0x000000228ed00000)]
  0x0000020fd04c6000 JavaThread "Cache worker for Build Output Cleanup Cache (D:\android_other_project\ISO8583Server\.gradle\buildOutputCleanup)" [_thread_blocked, id=5900, stack(0x000000228ed00000,0x000000228ee00000)]
=>0x0000020fd4e3f800 JavaThread "C2 CompilerThread1" daemon [_thread_in_native, id=9172, stack(0x000000228ee00000,0x000000228ef00000)]
  0x0000020fd04c7800 JavaThread "Unconstrained build operations" [_thread_blocked, id=9916, stack(0x000000228ef00000,0x000000228f000000)]
  0x0000020fd04c8800 JavaThread "Unconstrained build operations Thread 2" [_thread_blocked, id=2044, stack(0x000000228f300000,0x000000228f400000)]
  0x0000020fd04c3800 JavaThread "Unconstrained build operations Thread 3" [_thread_blocked, id=8552, stack(0x000000228f500000,0x000000228f600000)]
  0x0000020fd04c5000 JavaThread "Unconstrained build operations Thread 4" [_thread_blocked, id=9024, stack(0x000000228f600000,0x000000228f700000)]
  0x0000020fd04c2800 JavaThread "Unconstrained build operations Thread 5" [_thread_blocked, id=10224, stack(0x000000228f700000,0x000000228f800000)]
  0x0000020fd2498000 JavaThread "Unconstrained build operations Thread 6" [_thread_blocked, id=8212, stack(0x000000228f800000,0x000000228f900000)]
  0x0000020fd249a800 JavaThread "Unconstrained build operations Thread 7" [_thread_blocked, id=9096, stack(0x000000228f900000,0x000000228fa00000)]
  0x0000020fd2498800 JavaThread "Unconstrained build operations Thread 8" [_thread_blocked, id=7376, stack(0x000000228fa00000,0x000000228fb00000)]
  0x0000020fd2499800 JavaThread "Unconstrained build operations Thread 9" [_thread_blocked, id=8008, stack(0x000000228fb00000,0x000000228fc00000)]
  0x0000020fd249f800 JavaThread "Unconstrained build operations Thread 10" [_thread_blocked, id=8692, stack(0x000000228fc00000,0x000000228fd00000)]
  0x0000020fd24a0000 JavaThread "Unconstrained build operations Thread 11" [_thread_blocked, id=8488, stack(0x000000228fd00000,0x000000228fe00000)]
  0x0000020fd24a1000 JavaThread "Unconstrained build operations Thread 12" [_thread_blocked, id=6272, stack(0x000000228fe00000,0x000000228ff00000)]
  0x0000020fd249c000 JavaThread "Unconstrained build operations Thread 13" [_thread_blocked, id=8740, stack(0x000000228ff00000,0x0000002290000000)]
  0x0000020fd249b000 JavaThread "Unconstrained build operations Thread 14" [_thread_blocked, id=5988, stack(0x0000002290000000,0x0000002290100000)]
  0x0000020fd24a1800 JavaThread "Unconstrained build operations Thread 15" [_thread_blocked, id=9704, stack(0x0000002290100000,0x0000002290200000)]
  0x0000020fd24a2800 JavaThread "Unconstrained build operations Thread 16" [_thread_blocked, id=8296, stack(0x0000002290200000,0x0000002290300000)]
  0x0000020fd249d000 JavaThread "Unconstrained build operations Thread 17" [_thread_blocked, id=8320, stack(0x0000002290300000,0x0000002290400000)]
  0x0000020fd24a6000 JavaThread "Unconstrained build operations Thread 18" [_thread_blocked, id=636, stack(0x0000002290400000,0x0000002290500000)]
  0x0000020fd24a3800 JavaThread "Unconstrained build operations Thread 19" [_thread_blocked, id=9584, stack(0x0000002290500000,0x0000002290600000)]
  0x0000020fd24a6800 JavaThread "Unconstrained build operations Thread 20" [_thread_blocked, id=7636, stack(0x0000002290600000,0x0000002290700000)]
  0x0000020fd24a4000 JavaThread "Unconstrained build operations Thread 21" [_thread_blocked, id=216, stack(0x0000002290700000,0x0000002290800000)]
  0x0000020fd24a5000 JavaThread "Unconstrained build operations Thread 22" [_thread_blocked, id=7332, stack(0x0000002290800000,0x0000002290900000)]
  0x0000020fd4730800 JavaThread "Unconstrained build operations Thread 23" [_thread_blocked, id=10216, stack(0x0000002290900000,0x0000002290a00000)]
  0x0000020fd472b800 JavaThread "Unconstrained build operations Thread 24" [_thread_blocked, id=8324, stack(0x0000002290a00000,0x0000002290b00000)]
  0x0000020fd472e000 JavaThread "Unconstrained build operations Thread 25" [_thread_blocked, id=8600, stack(0x0000002290b00000,0x0000002290c00000)]
  0x0000020fd472f000 JavaThread "Unconstrained build operations Thread 26" [_thread_blocked, id=3148, stack(0x0000002290c00000,0x0000002290d00000)]
  0x0000020fd472c800 JavaThread "Unconstrained build operations Thread 27" [_thread_blocked, id=7048, stack(0x0000002290d00000,0x0000002290e00000)]
  0x0000020fd472f800 JavaThread "Unconstrained build operations Thread 28" [_thread_blocked, id=8900, stack(0x0000002290e00000,0x0000002290f00000)]
  0x0000020fd472b000 JavaThread "Unconstrained build operations Thread 29" [_thread_blocked, id=7480, stack(0x0000002290f00000,0x0000002291000000)]
  0x0000020fd4736000 JavaThread "Unconstrained build operations Thread 30" [_thread_blocked, id=10148, stack(0x0000002291000000,0x0000002291100000)]
  0x0000020fd4731800 JavaThread "Unconstrained build operations Thread 31" [_thread_blocked, id=6040, stack(0x0000002291100000,0x0000002291200000)]
  0x0000020fd4737000 JavaThread "Unconstrained build operations Thread 32" [_thread_blocked, id=3596, stack(0x0000002291200000,0x0000002291300000)]
  0x0000020fd4738000 JavaThread "Unconstrained build operations Thread 33" [_thread_blocked, id=9244, stack(0x0000002291300000,0x0000002291400000)]
  0x0000020fd4732000 JavaThread "Unconstrained build operations Thread 34" [_thread_blocked, id=8284, stack(0x0000002291400000,0x0000002291500000)]
  0x0000020fd4738800 JavaThread "Unconstrained build operations Thread 35" [_thread_blocked, id=8540, stack(0x0000002291500000,0x0000002291600000)]
  0x0000020fd4733000 JavaThread "Unconstrained build operations Thread 36" [_thread_blocked, id=9120, stack(0x0000002291600000,0x0000002291700000)]
  0x0000020fd1da4800 JavaThread "Unconstrained build operations Thread 37" [_thread_blocked, id=6012, stack(0x0000002291700000,0x0000002291800000)]
  0x0000020fd1da2000 JavaThread "Unconstrained build operations Thread 38" [_thread_blocked, id=9256, stack(0x0000002291800000,0x0000002291900000)]
  0x0000020fd1da8800 JavaThread "Unconstrained build operations Thread 39" [_thread_blocked, id=9160, stack(0x0000002291900000,0x0000002291a00000)]
  0x0000020fd1dab000 JavaThread "Unconstrained build operations Thread 40" [_thread_blocked, id=9440, stack(0x0000002291a00000,0x0000002291b00000)]
  0x0000020fd1da9000 JavaThread "build event listener" [_thread_in_native, id=1380, stack(0x0000002291b00000,0x0000002291c00000)]
  0x0000020fd1dab800 JavaThread "included builds" [_thread_in_Java, id=9516, stack(0x0000002291c00000,0x0000002291d00000)]
  0x0000020fd1dac800 JavaThread "Execution worker for ':'" [_thread_blocked, id=9228, stack(0x0000002291d00000,0x0000002291e00000)]
  0x0000020fd1daa000 JavaThread "Execution worker for ':' Thread 2" [_thread_blocked, id=6152, stack(0x0000002292000000,0x0000002292100000)]
  0x0000020fd1da7000 JavaThread "Execution worker for ':' Thread 3" [_thread_blocked, id=9220, stack(0x0000002292100000,0x0000002292200000)]
  0x0000020fd1dad800 JavaThread "Cache worker for execution history cache (D:\android_other_project\ISO8583Server\.gradle\7.4\executionHistory)" [_thread_blocked, id=2724, stack(0x0000002292200000,0x0000002292300000)]
  0x0000020fd1db0000 JavaThread "Build operations" [_thread_blocked, id=5780, stack(0x0000002292300000,0x0000002292400000)]
  0x0000020fd1daf000 JavaThread "Build operations Thread 2" [_thread_blocked, id=9796, stack(0x0000002292400000,0x0000002292500000)]
  0x0000020fd1dae000 JavaThread "Build operations Thread 3" [_thread_blocked, id=1228, stack(0x0000002292500000,0x0000002292600000)]
  0x0000020fd6733000 JavaThread "Build operations Thread 4" [_thread_blocked, id=1916, stack(0x0000002292700000,0x0000002292800000)]

Other Threads:
  0x0000020fce92e000 VMThread "VM Thread" [stack: 0x000000228cd00000,0x000000228ce00000] [id=2444]
  0x0000020fcf401800 WatcherThread [stack: 0x000000228d700000,0x000000228d800000] [id=7224]
  0x0000020fb4d4a000 GCTaskThread "GC Thread#0" [stack: 0x000000228c800000,0x000000228c900000] [id=7016]
  0x0000020fcfec8800 GCTaskThread "GC Thread#1" [stack: 0x000000228d900000,0x000000228da00000] [id=10180]
  0x0000020fd072d800 GCTaskThread "GC Thread#2" [stack: 0x000000228df00000,0x000000228e000000] [id=220]
  0x0000020fd1be6000 GCTaskThread "GC Thread#3" [stack: 0x000000228e000000,0x000000228e100000] [id=7732]
  0x0000020fb4d7d800 ConcurrentGCThread "G1 Main Marker" [stack: 0x000000228c900000,0x000000228ca00000] [id=9620]
  0x0000020fb4d7e800 ConcurrentGCThread "G1 Conc#0" [stack: 0x000000228ca00000,0x000000228cb00000] [id=8304]
  0x0000020fce790800 ConcurrentGCThread "G1 Refine#0" [stack: 0x000000228cb00000,0x000000228cc00000] [id=9740]
  0x0000020fce791800 ConcurrentGCThread "G1 Young RemSet Sampling" [stack: 0x000000228cc00000,0x000000228cd00000] [id=4104]

Threads with active compile tasks:
C2 CompilerThread02252596 20926       4       org.gradle.api.internal.cache.StringInterner::intern (9 bytes)
C1 CompilerThread02252596 20984       3       java.lang.StackTraceElement::toString (322 bytes)
C2 CompilerThread12252596 20884  s    4       org.gradle.internal.component.external.model.AbstractLazyModuleComponentResolveMetadata::getVariantsForGraphTraversal (20 bytes)

VM state:not at safepoint (normal execution)

VM Mutex/Monitor currently owned by a thread: None

Heap address: 0x0000000080000000, size: 2048 MB, Compressed Oops mode: 32-bit
Narrow klass base: 0x0000000000000000, Narrow klass shift: 3
Compressed class space size: 1073741824 Address: 0x0000000100000000

Heap:
 garbage-first heap   total 220160K, used 101118K [0x0000000080000000, 0x0000000100000000)
  region size 1024K, 11 young (11264K), 8 survivors (8192K)
 Metaspace       used 118149K, capacity 121946K, committed 122372K, reserved 1155072K
  class space    used 14980K, capacity 16424K, committed 16620K, reserved 1048576K
Heap Regions: E=young(eden), S=young(survivor), O=old, HS=humongous(starts), HC=humongous(continues), CS=collection set, F=free, A=archive, TAMS=top-at-mark-start (previous, next)
|   0|0x0000000080000000, 0x0000000080100000, 0x0000000080100000|100%|HS|  |TAMS 0x0000000080100000, 0x0000000080100000| Complete 
|   1|0x0000000080100000, 0x0000000080200000, 0x0000000080200000|100%|HC|  |TAMS 0x0000000080200000, 0x0000000080200000| Complete 
|   2|0x0000000080200000, 0x0000000080300000, 0x0000000080300000|100%|HC|  |TAMS 0x0000000080300000, 0x0000000080300000| Complete 
|   3|0x0000000080300000, 0x0000000080400000, 0x0000000080400000|100%| O|  |TAMS 0x0000000080400000, 0x0000000080400000| Untracked 
|   4|0x0000000080400000, 0x0000000080500000, 0x0000000080500000|100%| O|  |TAMS 0x0000000080500000, 0x0000000080500000| Untracked 
|   5|0x0000000080500000, 0x0000000080600000, 0x0000000080600000|100%| O|  |TAMS 0x0000000080600000, 0x0000000080600000| Untracked 
|   6|0x0000000080600000, 0x0000000080700000, 0x0000000080700000|100%| O|  |TAMS 0x0000000080700000, 0x0000000080700000| Untracked 
|   7|0x0000000080700000, 0x0000000080800000, 0x0000000080800000|100%| O|  |TAMS 0x0000000080800000, 0x0000000080800000| Untracked 
|   8|0x0000000080800000, 0x0000000080900000, 0x0000000080900000|100%| O|  |TAMS 0x0000000080900000, 0x0000000080900000| Untracked 
|   9|0x0000000080900000, 0x0000000080a00000, 0x0000000080a00000|100%| O|  |TAMS 0x0000000080a00000, 0x0000000080a00000| Untracked 
|  10|0x0000000080a00000, 0x0000000080b00000, 0x0000000080b00000|100%| O|  |TAMS 0x0000000080b00000, 0x0000000080b00000| Untracked 
|  11|0x0000000080b00000, 0x0000000080c00000, 0x0000000080c00000|100%| O|  |TAMS 0x0000000080c00000, 0x0000000080c00000| Untracked 
|  12|0x0000000080c00000, 0x0000000080d00000, 0x0000000080d00000|100%| O|  |TAMS 0x0000000080c00000, 0x0000000080d00000| Untracked 
|  13|0x0000000080d00000, 0x0000000080e00000, 0x0000000080e00000|100%| O|  |TAMS 0x0000000080e00000, 0x0000000080e00000| Untracked 
|  14|0x0000000080e00000, 0x0000000080f00000, 0x0000000080f00000|100%| O|  |TAMS 0x0000000080f00000, 0x0000000080f00000| Untracked 
|  15|0x0000000080f00000, 0x0000000081000000, 0x0000000081000000|100%| O|  |TAMS 0x0000000081000000, 0x0000000081000000| Untracked 
|  16|0x0000000081000000, 0x0000000081100000, 0x0000000081100000|100%|HS|  |TAMS 0x0000000081100000, 0x0000000081100000| Complete 
|  17|0x0000000081100000, 0x0000000081200000, 0x0000000081200000|100%| O|  |TAMS 0x0000000081200000, 0x0000000081200000| Untracked 
|  18|0x0000000081200000, 0x0000000081300000, 0x0000000081300000|100%| O|  |TAMS 0x0000000081300000, 0x0000000081300000| Untracked 
|  19|0x0000000081300000, 0x0000000081400000, 0x0000000081400000|100%| O|  |TAMS 0x0000000081400000, 0x0000000081400000| Untracked 
|  20|0x0000000081400000, 0x0000000081500000, 0x0000000081500000|100%| O|  |TAMS 0x0000000081500000, 0x0000000081500000| Untracked 
|  21|0x0000000081500000, 0x0000000081600000, 0x0000000081600000|100%| O|  |TAMS 0x0000000081600000, 0x0000000081600000| Untracked 
|  22|0x0000000081600000, 0x0000000081700000, 0x0000000081700000|100%| O|  |TAMS 0x0000000081700000, 0x0000000081700000| Untracked 
|  23|0x0000000081700000, 0x0000000081800000, 0x0000000081800000|100%| O|  |TAMS 0x0000000081800000, 0x0000000081800000| Untracked 
|  24|0x0000000081800000, 0x0000000081900000, 0x0000000081900000|100%|HS|  |TAMS 0x0000000081900000, 0x0000000081900000| Complete 
|  25|0x0000000081900000, 0x0000000081a00000, 0x0000000081a00000|100%| O|  |TAMS 0x0000000081a00000, 0x0000000081a00000| Untracked 
|  26|0x0000000081a00000, 0x0000000081b00000, 0x0000000081b00000|100%|HS|  |TAMS 0x0000000081b00000, 0x0000000081b00000| Complete 
|  27|0x0000000081b00000, 0x0000000081c00000, 0x0000000081c00000|100%|HC|  |TAMS 0x0000000081c00000, 0x0000000081c00000| Complete 
|  28|0x0000000081c00000, 0x0000000081d00000, 0x0000000081d00000|100%| O|  |TAMS 0x0000000081d00000, 0x0000000081d00000| Untracked 
|  29|0x0000000081d00000, 0x0000000081e00000, 0x0000000081e00000|100%| O|  |TAMS 0x0000000081e00000, 0x0000000081e00000| Untracked 
|  30|0x0000000081e00000, 0x0000000081f00000, 0x0000000081f00000|100%| O|  |TAMS 0x0000000081f00000, 0x0000000081f00000| Untracked 
|  31|0x0000000081f00000, 0x0000000082000000, 0x0000000082000000|100%| O|  |TAMS 0x0000000082000000, 0x0000000082000000| Untracked 
|  32|0x0000000082000000, 0x0000000082100000, 0x0000000082100000|100%| O|  |TAMS 0x0000000082000000, 0x0000000082100000| Untracked 
|  33|0x0000000082100000, 0x0000000082200000, 0x0000000082200000|100%| O|  |TAMS 0x0000000082200000, 0x0000000082200000| Untracked 
|  34|0x0000000082200000, 0x0000000082200000, 0x0000000082300000|  0%| F|  |TAMS 0x0000000082200000, 0x0000000082200000| Untracked 
|  35|0x0000000082300000, 0x0000000082400000, 0x0000000082400000|100%| O|  |TAMS 0x0000000082400000, 0x0000000082400000| Untracked 
|  36|0x0000000082400000, 0x0000000082500000, 0x0000000082500000|100%| O|  |TAMS 0x0000000082500000, 0x0000000082500000| Untracked 
|  37|0x0000000082500000, 0x0000000082600000, 0x0000000082600000|100%| O|  |TAMS 0x0000000082500000, 0x0000000082600000| Untracked 
|  38|0x0000000082600000, 0x0000000082700000, 0x0000000082700000|100%| O|  |TAMS 0x0000000082700000, 0x0000000082700000| Untracked 
|  39|0x0000000082700000, 0x0000000082800000, 0x0000000082800000|100%| O|  |TAMS 0x0000000082800000, 0x0000000082800000| Untracked 
|  40|0x0000000082800000, 0x0000000082900000, 0x0000000082900000|100%| O|  |TAMS 0x0000000082900000, 0x0000000082900000| Untracked 
|  41|0x0000000082900000, 0x0000000082a00000, 0x0000000082a00000|100%| O|  |TAMS 0x0000000082a00000, 0x0000000082a00000| Untracked 
|  42|0x0000000082a00000, 0x0000000082b00000, 0x0000000082b00000|100%|HS|  |TAMS 0x0000000082a00000, 0x0000000082a00000| Complete 
|  43|0x0000000082b00000, 0x0000000082c00000, 0x0000000082c00000|100%|HC|  |TAMS 0x0000000082b00000, 0x0000000082b00000| Complete 
|  44|0x0000000082c00000, 0x0000000082d00000, 0x0000000082d00000|100%| O|  |TAMS 0x0000000082d00000, 0x0000000082d00000| Untracked 
|  45|0x0000000082d00000, 0x0000000082e00000, 0x0000000082e00000|100%| O|  |TAMS 0x0000000082e00000, 0x0000000082e00000| Untracked 
|  46|0x0000000082e00000, 0x0000000082f00000, 0x0000000082f00000|100%| O|  |TAMS 0x0000000082f00000, 0x0000000082f00000| Untracked 
|  47|0x0000000082f00000, 0x0000000082f00000, 0x0000000083000000|  0%| F|  |TAMS 0x0000000082f00000, 0x0000000082f00000| Untracked 
|  48|0x0000000083000000, 0x0000000083100000, 0x0000000083100000|100%| O|  |TAMS 0x0000000083100000, 0x0000000083100000| Untracked 
|  49|0x0000000083100000, 0x0000000083100000, 0x0000000083200000|  0%| F|  |TAMS 0x0000000083100000, 0x0000000083100000| Untracked 
|  50|0x0000000083200000, 0x0000000083200000, 0x0000000083300000|  0%| F|  |TAMS 0x0000000083200000, 0x0000000083200000| Untracked 
|  51|0x0000000083300000, 0x0000000083300000, 0x0000000083400000|  0%| F|  |TAMS 0x0000000083300000, 0x0000000083300000| Untracked 
|  52|0x0000000083400000, 0x0000000083458a00, 0x0000000083500000| 34%| O|  |TAMS 0x0000000083400000, 0x0000000083458a00| Untracked 
|  53|0x0000000083500000, 0x0000000083600000, 0x0000000083600000|100%| O|  |TAMS 0x0000000083600000, 0x0000000083600000| Untracked 
|  54|0x0000000083600000, 0x0000000083600000, 0x0000000083700000|  0%| F|  |TAMS 0x0000000083600000, 0x0000000083600000| Untracked 
|  55|0x0000000083700000, 0x0000000083800000, 0x0000000083800000|100%| O|  |TAMS 0x0000000083800000, 0x0000000083800000| Untracked 
|  56|0x0000000083800000, 0x0000000083900000, 0x0000000083900000|100%| O|  |TAMS 0x0000000083900000, 0x0000000083900000| Untracked 
|  57|0x0000000083900000, 0x0000000083900000, 0x0000000083a00000|  0%| F|  |TAMS 0x0000000083900000, 0x0000000083900000| Untracked 
|  58|0x0000000083a00000, 0x0000000083b00000, 0x0000000083b00000|100%| O|  |TAMS 0x0000000083b00000, 0x0000000083b00000| Untracked 
|  59|0x0000000083b00000, 0x0000000083b00000, 0x0000000083c00000|  0%| F|  |TAMS 0x0000000083b00000, 0x0000000083b00000| Untracked 
|  60|0x0000000083c00000, 0x0000000083d00000, 0x0000000083d00000|100%| O|  |TAMS 0x0000000083d00000, 0x0000000083d00000| Untracked 
|  61|0x0000000083d00000, 0x0000000083e00000, 0x0000000083e00000|100%| O|  |TAMS 0x0000000083e00000, 0x0000000083e00000| Untracked 
|  62|0x0000000083e00000, 0x0000000083f00000, 0x0000000083f00000|100%| O|  |TAMS 0x0000000083f00000, 0x0000000083f00000| Untracked 
|  63|0x0000000083f00000, 0x0000000084000000, 0x0000000084000000|100%| O|  |TAMS 0x0000000084000000, 0x0000000084000000| Untracked 
|  64|0x0000000084000000, 0x0000000084100000, 0x0000000084100000|100%| O|  |TAMS 0x0000000084100000, 0x0000000084100000| Untracked 
|  65|0x0000000084100000, 0x0000000084100000, 0x0000000084200000|  0%| F|  |TAMS 0x0000000084100000, 0x0000000084100000| Untracked 
|  66|0x0000000084200000, 0x0000000084300000, 0x0000000084300000|100%| O|  |TAMS 0x0000000084300000, 0x0000000084300000| Untracked 
|  67|0x0000000084300000, 0x0000000084300000, 0x0000000084400000|  0%| F|  |TAMS 0x0000000084300000, 0x0000000084300000| Untracked 
|  68|0x0000000084400000, 0x0000000084500000, 0x0000000084500000|100%| O|  |TAMS 0x0000000084500000, 0x0000000084500000| Untracked 
|  69|0x0000000084500000, 0x0000000084600000, 0x0000000084600000|100%| O|  |TAMS 0x0000000084600000, 0x0000000084600000| Untracked 
|  70|0x0000000084600000, 0x0000000084700000, 0x0000000084700000|100%| O|  |TAMS 0x0000000084700000, 0x0000000084700000| Untracked 
|  71|0x0000000084700000, 0x0000000084800000, 0x0000000084800000|100%| O|  |TAMS 0x0000000084800000, 0x0000000084800000| Untracked 
|  72|0x0000000084800000, 0x0000000084900000, 0x0000000084900000|100%| O|  |TAMS 0x0000000084900000, 0x0000000084900000| Untracked 
|  73|0x0000000084900000, 0x0000000084a00000, 0x0000000084a00000|100%| O|  |TAMS 0x0000000084a00000, 0x0000000084a00000| Untracked 
|  74|0x0000000084a00000, 0x0000000084b00000, 0x0000000084b00000|100%| O|  |TAMS 0x0000000084b00000, 0x0000000084b00000| Untracked 
|  75|0x0000000084b00000, 0x0000000084c00000, 0x0000000084c00000|100%| O|  |TAMS 0x0000000084c00000, 0x0000000084c00000| Untracked 
|  76|0x0000000084c00000, 0x0000000084c00000, 0x0000000084d00000|  0%| F|  |TAMS 0x0000000084c00000, 0x0000000084c00000| Untracked 
|  77|0x0000000084d00000, 0x0000000084d00000, 0x0000000084e00000|  0%| F|  |TAMS 0x0000000084d00000, 0x0000000084d00000| Untracked 
|  78|0x0000000084e00000, 0x0000000084f00000, 0x0000000084f00000|100%| O|  |TAMS 0x0000000084f00000, 0x0000000084f00000| Untracked 
|  79|0x0000000084f00000, 0x0000000085000000, 0x0000000085000000|100%| O|  |TAMS 0x0000000085000000, 0x0000000085000000| Untracked 
|  80|0x0000000085000000, 0x0000000085100000, 0x0000000085100000|100%| O|  |TAMS 0x0000000085100000, 0x0000000085100000| Untracked 
|  81|0x0000000085100000, 0x0000000085100000, 0x0000000085200000|  0%| F|  |TAMS 0x0000000085100000, 0x0000000085100000| Untracked 
|  82|0x0000000085200000, 0x0000000085200000, 0x0000000085300000|  0%| F|  |TAMS 0x0000000085200000, 0x0000000085200000| Untracked 
|  83|0x0000000085300000, 0x0000000085400000, 0x0000000085400000|100%|HS|  |TAMS 0x0000000085300000, 0x0000000085400000| Complete 
|  84|0x0000000085400000, 0x0000000085500000, 0x0000000085500000|100%|HC|  |TAMS 0x0000000085400000, 0x0000000085500000| Complete 
|  85|0x0000000085500000, 0x0000000085600000, 0x0000000085600000|100%| O|  |TAMS 0x0000000085500000, 0x0000000085600000| Untracked 
|  86|0x0000000085600000, 0x0000000085700000, 0x0000000085700000|100%| O|  |TAMS 0x0000000085600000, 0x0000000085700000| Untracked 
|  87|0x0000000085700000, 0x0000000085800000, 0x0000000085800000|100%| O|  |TAMS 0x0000000085700000, 0x0000000085800000| Untracked 
|  88|0x0000000085800000, 0x0000000085900000, 0x0000000085900000|100%| O|  |TAMS 0x0000000085848a00, 0x0000000085900000| Untracked 
|  89|0x0000000085900000, 0x0000000085a00000, 0x0000000085a00000|100%| O|  |TAMS 0x0000000085900000, 0x0000000085a00000| Untracked 
|  90|0x0000000085a00000, 0x0000000085b00000, 0x0000000085b00000|100%| O|  |TAMS 0x0000000085a00000, 0x0000000085b00000| Untracked 
|  91|0x0000000085b00000, 0x0000000085c00000, 0x0000000085c00000|100%| O|  |TAMS 0x0000000085b00000, 0x0000000085c00000| Untracked 
|  92|0x0000000085c00000, 0x0000000085d00000, 0x0000000085d00000|100%| O|  |TAMS 0x0000000085c00000, 0x0000000085d00000| Untracked 
|  93|0x0000000085d00000, 0x0000000085e00000, 0x0000000085e00000|100%| O|  |TAMS 0x0000000085d00000, 0x0000000085e00000| Untracked 
|  94|0x0000000085e00000, 0x0000000085f00000, 0x0000000085f00000|100%| O|  |TAMS 0x0000000085e00000, 0x0000000085f00000| Untracked 
|  95|0x0000000085f00000, 0x0000000086000000, 0x0000000086000000|100%| O|  |TAMS 0x0000000085f00000, 0x0000000086000000| Untracked 
|  96|0x0000000086000000, 0x0000000086100000, 0x0000000086100000|100%| O|  |TAMS 0x0000000086100000, 0x0000000086100000| Untracked 
|  97|0x0000000086100000, 0x0000000086200000, 0x0000000086200000|100%| O|  |TAMS 0x0000000086200000, 0x0000000086200000| Untracked 
|  98|0x0000000086200000, 0x0000000086300000, 0x0000000086300000|100%| O|  |TAMS 0x0000000086300000, 0x0000000086300000| Untracked 
|  99|0x0000000086300000, 0x0000000086400000, 0x0000000086400000|100%| O|  |TAMS 0x0000000086400000, 0x0000000086400000| Untracked 
| 100|0x0000000086400000, 0x0000000086500000, 0x0000000086500000|100%| O|  |TAMS 0x0000000086400000, 0x0000000086500000| Untracked 
| 101|0x0000000086500000, 0x0000000086500000, 0x0000000086600000|  0%| F|  |TAMS 0x0000000086500000, 0x0000000086500000| Untracked 
| 102|0x0000000086600000, 0x0000000086700000, 0x0000000086700000|100%| O|  |TAMS 0x0000000086600000, 0x0000000086700000| Untracked 
| 103|0x0000000086700000, 0x0000000086800000, 0x0000000086800000|100%| O|  |TAMS 0x0000000086700000, 0x0000000086800000| Untracked 
| 104|0x0000000086800000, 0x0000000086800000, 0x0000000086900000|  0%| F|  |TAMS 0x0000000086800000, 0x0000000086800000| Untracked 
| 105|0x0000000086900000, 0x0000000086900000, 0x0000000086a00000|  0%| F|  |TAMS 0x0000000086900000, 0x0000000086900000| Untracked 
| 106|0x0000000086a00000, 0x0000000086a00000, 0x0000000086b00000|  0%| F|  |TAMS 0x0000000086a00000, 0x0000000086a00000| Untracked 
| 107|0x0000000086b00000, 0x0000000086b00000, 0x0000000086c00000|  0%| F|  |TAMS 0x0000000086b00000, 0x0000000086b00000| Untracked 
| 108|0x0000000086c00000, 0x0000000086c00000, 0x0000000086d00000|  0%| F|  |TAMS 0x0000000086c00000, 0x0000000086c00000| Untracked 
| 109|0x0000000086d00000, 0x0000000086d00000, 0x0000000086e00000|  0%| F|  |TAMS 0x0000000086d00000, 0x0000000086d00000| Untracked 
| 110|0x0000000086e00000, 0x0000000086e00000, 0x0000000086f00000|  0%| F|  |TAMS 0x0000000086e00000, 0x0000000086e00000| Untracked 
| 111|0x0000000086f00000, 0x0000000086f00000, 0x0000000087000000|  0%| F|  |TAMS 0x0000000086f00000, 0x0000000086f00000| Untracked 
| 112|0x0000000087000000, 0x0000000087000000, 0x0000000087100000|  0%| F|  |TAMS 0x0000000087000000, 0x0000000087000000| Untracked 
| 113|0x0000000087100000, 0x0000000087100000, 0x0000000087200000|  0%| F|  |TAMS 0x0000000087100000, 0x0000000087100000| Untracked 
| 114|0x0000000087200000, 0x0000000087200000, 0x0000000087300000|  0%| F|  |TAMS 0x0000000087200000, 0x0000000087200000| Untracked 
| 115|0x0000000087300000, 0x0000000087400000, 0x0000000087400000|100%| O|  |TAMS 0x0000000087400000, 0x0000000087400000| Untracked 
| 116|0x0000000087400000, 0x0000000087400000, 0x0000000087500000|  0%| F|  |TAMS 0x0000000087400000, 0x0000000087400000| Untracked 
| 117|0x0000000087500000, 0x0000000087500000, 0x0000000087600000|  0%| F|  |TAMS 0x0000000087500000, 0x0000000087500000| Untracked 
| 118|0x0000000087600000, 0x0000000087600000, 0x0000000087700000|  0%| F|  |TAMS 0x0000000087600000, 0x0000000087600000| Untracked 
| 119|0x0000000087700000, 0x0000000087700000, 0x0000000087800000|  0%| F|  |TAMS 0x0000000087700000, 0x0000000087700000| Untracked 
| 120|0x0000000087800000, 0x0000000087800000, 0x0000000087900000|  0%| F|  |TAMS 0x0000000087800000, 0x0000000087800000| Untracked 
| 121|0x0000000087900000, 0x0000000087900000, 0x0000000087a00000|  0%| F|  |TAMS 0x0000000087900000, 0x0000000087900000| Untracked 
| 122|0x0000000087a00000, 0x0000000087a00000, 0x0000000087b00000|  0%| F|  |TAMS 0x0000000087a00000, 0x0000000087a00000| Untracked 
| 123|0x0000000087b00000, 0x0000000087b00000, 0x0000000087c00000|  0%| F|  |TAMS 0x0000000087b00000, 0x0000000087b00000| Untracked 
| 124|0x0000000087c00000, 0x0000000087c00000, 0x0000000087d00000|  0%| F|  |TAMS 0x0000000087c00000, 0x0000000087c00000| Untracked 
| 125|0x0000000087d00000, 0x0000000087d00000, 0x0000000087e00000|  0%| F|  |TAMS 0x0000000087d00000, 0x0000000087d00000| Untracked 
| 126|0x0000000087e00000, 0x0000000087e00000, 0x0000000087f00000|  0%| F|  |TAMS 0x0000000087e00000, 0x0000000087e00000| Untracked 
| 127|0x0000000087f00000, 0x0000000087f00000, 0x0000000088000000|  0%| F|  |TAMS 0x0000000087f00000, 0x0000000087f00000| Untracked 
| 128|0x0000000088000000, 0x0000000088000000, 0x0000000088100000|  0%| F|  |TAMS 0x0000000088000000, 0x0000000088000000| Untracked 
| 129|0x0000000088100000, 0x0000000088100000, 0x0000000088200000|  0%| F|  |TAMS 0x0000000088100000, 0x0000000088100000| Untracked 
| 130|0x0000000088200000, 0x0000000088200000, 0x0000000088300000|  0%| F|  |TAMS 0x0000000088200000, 0x0000000088200000| Untracked 
| 131|0x0000000088300000, 0x0000000088300000, 0x0000000088400000|  0%| F|  |TAMS 0x0000000088300000, 0x0000000088300000| Untracked 
| 132|0x0000000088400000, 0x0000000088400000, 0x0000000088500000|  0%| F|  |TAMS 0x0000000088400000, 0x0000000088400000| Untracked 
| 133|0x0000000088500000, 0x0000000088500000, 0x0000000088600000|  0%| F|  |TAMS 0x0000000088500000, 0x0000000088500000| Untracked 
| 134|0x0000000088600000, 0x0000000088600000, 0x0000000088700000|  0%| F|  |TAMS 0x0000000088600000, 0x0000000088600000| Untracked 
| 135|0x0000000088700000, 0x0000000088700000, 0x0000000088800000|  0%| F|  |TAMS 0x0000000088700000, 0x0000000088700000| Untracked 
| 136|0x0000000088800000, 0x0000000088800000, 0x0000000088900000|  0%| F|  |TAMS 0x0000000088800000, 0x0000000088800000| Untracked 
| 137|0x0000000088900000, 0x0000000088900000, 0x0000000088a00000|  0%| F|  |TAMS 0x0000000088900000, 0x0000000088900000| Untracked 
| 138|0x0000000088a00000, 0x0000000088a00000, 0x0000000088b00000|  0%| F|  |TAMS 0x0000000088a00000, 0x0000000088a00000| Untracked 
| 139|0x0000000088b00000, 0x0000000088b00000, 0x0000000088c00000|  0%| F|  |TAMS 0x0000000088b00000, 0x0000000088b00000| Untracked 
| 140|0x0000000088c00000, 0x0000000088c00000, 0x0000000088d00000|  0%| F|  |TAMS 0x0000000088c00000, 0x0000000088c00000| Untracked 
| 141|0x0000000088d00000, 0x0000000088d00000, 0x0000000088e00000|  0%| F|  |TAMS 0x0000000088d00000, 0x0000000088d00000| Untracked 
| 142|0x0000000088e00000, 0x0000000088e00000, 0x0000000088f00000|  0%| F|  |TAMS 0x0000000088e00000, 0x0000000088e00000| Untracked 
| 143|0x0000000088f00000, 0x0000000088f00000, 0x0000000089000000|  0%| F|  |TAMS 0x0000000088f00000, 0x0000000088f00000| Untracked 
| 144|0x0000000089000000, 0x0000000089000000, 0x0000000089100000|  0%| F|  |TAMS 0x0000000089000000, 0x0000000089000000| Untracked 
| 145|0x0000000089100000, 0x0000000089100000, 0x0000000089200000|  0%| F|  |TAMS 0x0000000089100000, 0x0000000089100000| Untracked 
| 146|0x0000000089200000, 0x0000000089200000, 0x0000000089300000|  0%| F|  |TAMS 0x0000000089200000, 0x0000000089200000| Untracked 
| 147|0x0000000089300000, 0x0000000089300000, 0x0000000089400000|  0%| F|  |TAMS 0x0000000089300000, 0x0000000089300000| Untracked 
| 148|0x0000000089400000, 0x0000000089400000, 0x0000000089500000|  0%| F|  |TAMS 0x0000000089400000, 0x0000000089400000| Untracked 
| 149|0x0000000089500000, 0x0000000089566fc0, 0x0000000089600000| 40%| S|CS|TAMS 0x0000000089500000, 0x0000000089500000| Complete 
| 150|0x0000000089600000, 0x0000000089700000, 0x0000000089700000|100%| S|CS|TAMS 0x0000000089600000, 0x0000000089600000| Complete 
| 151|0x0000000089700000, 0x0000000089800000, 0x0000000089800000|100%| S|CS|TAMS 0x0000000089700000, 0x0000000089700000| Complete 
| 152|0x0000000089800000, 0x0000000089900000, 0x0000000089900000|100%| S|CS|TAMS 0x0000000089800000, 0x0000000089800000| Complete 
| 153|0x0000000089900000, 0x0000000089a00000, 0x0000000089a00000|100%| S|CS|TAMS 0x0000000089900000, 0x0000000089900000| Complete 
| 154|0x0000000089a00000, 0x0000000089b00000, 0x0000000089b00000|100%| S|CS|TAMS 0x0000000089a00000, 0x0000000089a00000| Complete 
| 155|0x0000000089b00000, 0x0000000089c00000, 0x0000000089c00000|100%| S|CS|TAMS 0x0000000089b00000, 0x0000000089b00000| Complete 
| 156|0x0000000089c00000, 0x0000000089d00000, 0x0000000089d00000|100%| S|CS|TAMS 0x0000000089c00000, 0x0000000089c00000| Complete 
| 157|0x0000000089d00000, 0x0000000089d00000, 0x0000000089e00000|  0%| F|  |TAMS 0x0000000089d00000, 0x0000000089d00000| Untracked 
| 158|0x0000000089e00000, 0x0000000089e00000, 0x0000000089f00000|  0%| F|  |TAMS 0x0000000089e00000, 0x0000000089e00000| Untracked 
| 159|0x0000000089f00000, 0x0000000089f00000, 0x000000008a000000|  0%| F|  |TAMS 0x0000000089f00000, 0x0000000089f00000| Untracked 
| 160|0x000000008a000000, 0x000000008a000000, 0x000000008a100000|  0%| F|  |TAMS 0x000000008a000000, 0x000000008a000000| Untracked 
| 161|0x000000008a100000, 0x000000008a100000, 0x000000008a200000|  0%| F|  |TAMS 0x000000008a100000, 0x000000008a100000| Untracked 
| 162|0x000000008a200000, 0x000000008a200000, 0x000000008a300000|  0%| F|  |TAMS 0x000000008a200000, 0x000000008a200000| Untracked 
| 163|0x000000008a300000, 0x000000008a300000, 0x000000008a400000|  0%| F|  |TAMS 0x000000008a300000, 0x000000008a300000| Untracked 
| 164|0x000000008a400000, 0x000000008a400000, 0x000000008a500000|  0%| F|  |TAMS 0x000000008a400000, 0x000000008a400000| Untracked 
| 165|0x000000008a500000, 0x000000008a500000, 0x000000008a600000|  0%| F|  |TAMS 0x000000008a500000, 0x000000008a500000| Untracked 
| 166|0x000000008a600000, 0x000000008a600000, 0x000000008a700000|  0%| F|  |TAMS 0x000000008a600000, 0x000000008a600000| Untracked 
| 167|0x000000008a700000, 0x000000008a700000, 0x000000008a800000|  0%| F|  |TAMS 0x000000008a700000, 0x000000008a700000| Untracked 
| 168|0x000000008a800000, 0x000000008a800000, 0x000000008a900000|  0%| F|  |TAMS 0x000000008a800000, 0x000000008a800000| Untracked 
| 169|0x000000008a900000, 0x000000008a900000, 0x000000008aa00000|  0%| F|  |TAMS 0x000000008a900000, 0x000000008a900000| Untracked 
| 170|0x000000008aa00000, 0x000000008aa00000, 0x000000008ab00000|  0%| F|  |TAMS 0x000000008aa00000, 0x000000008aa00000| Untracked 
| 171|0x000000008ab00000, 0x000000008ab00000, 0x000000008ac00000|  0%| F|  |TAMS 0x000000008ab00000, 0x000000008ab00000| Untracked 
| 172|0x000000008ac00000, 0x000000008ac00000, 0x000000008ad00000|  0%| F|  |TAMS 0x000000008ac00000, 0x000000008ac00000| Untracked 
| 173|0x000000008ad00000, 0x000000008ad00000, 0x000000008ae00000|  0%| F|  |TAMS 0x000000008ad00000, 0x000000008ad00000| Untracked 
| 174|0x000000008ae00000, 0x000000008ae00000, 0x000000008af00000|  0%| F|  |TAMS 0x000000008ae00000, 0x000000008ae00000| Untracked 
| 175|0x000000008af00000, 0x000000008af00000, 0x000000008b000000|  0%| F|  |TAMS 0x000000008af00000, 0x000000008af00000| Untracked 
| 176|0x000000008b000000, 0x000000008b000000, 0x000000008b100000|  0%| F|  |TAMS 0x000000008b000000, 0x000000008b000000| Untracked 
| 177|0x000000008b100000, 0x000000008b100000, 0x000000008b200000|  0%| F|  |TAMS 0x000000008b100000, 0x000000008b100000| Untracked 
| 178|0x000000008b200000, 0x000000008b200000, 0x000000008b300000|  0%| F|  |TAMS 0x000000008b200000, 0x000000008b200000| Untracked 
| 179|0x000000008b300000, 0x000000008b300000, 0x000000008b400000|  0%| F|  |TAMS 0x000000008b300000, 0x000000008b300000| Untracked 
| 180|0x000000008b400000, 0x000000008b400000, 0x000000008b500000|  0%| F|  |TAMS 0x000000008b400000, 0x000000008b400000| Untracked 
| 181|0x000000008b500000, 0x000000008b500000, 0x000000008b600000|  0%| F|  |TAMS 0x000000008b500000, 0x000000008b500000| Untracked 
| 182|0x000000008b600000, 0x000000008b600000, 0x000000008b700000|  0%| F|  |TAMS 0x000000008b600000, 0x000000008b600000| Untracked 
| 183|0x000000008b700000, 0x000000008b700000, 0x000000008b800000|  0%| F|  |TAMS 0x000000008b700000, 0x000000008b700000| Untracked 
| 184|0x000000008b800000, 0x000000008b800000, 0x000000008b900000|  0%| F|  |TAMS 0x000000008b800000, 0x000000008b800000| Untracked 
| 185|0x000000008b900000, 0x000000008b900000, 0x000000008ba00000|  0%| F|  |TAMS 0x000000008b900000, 0x000000008b900000| Untracked 
| 186|0x000000008ba00000, 0x000000008ba00000, 0x000000008bb00000|  0%| F|  |TAMS 0x000000008ba00000, 0x000000008ba00000| Untracked 
| 187|0x000000008bb00000, 0x000000008bb00000, 0x000000008bc00000|  0%| F|  |TAMS 0x000000008bb00000, 0x000000008bb00000| Untracked 
| 188|0x000000008bc00000, 0x000000008bc00000, 0x000000008bd00000|  0%| F|  |TAMS 0x000000008bc00000, 0x000000008bc00000| Untracked 
| 189|0x000000008bd00000, 0x000000008bd00000, 0x000000008be00000|  0%| F|  |TAMS 0x000000008bd00000, 0x000000008bd00000| Untracked 
| 190|0x000000008be00000, 0x000000008be00000, 0x000000008bf00000|  0%| F|  |TAMS 0x000000008be00000, 0x000000008be00000| Untracked 
| 191|0x000000008bf00000, 0x000000008bf00000, 0x000000008c000000|  0%| F|  |TAMS 0x000000008bf00000, 0x000000008bf00000| Untracked 
| 192|0x000000008c000000, 0x000000008c000000, 0x000000008c100000|  0%| F|  |TAMS 0x000000008c000000, 0x000000008c000000| Untracked 
| 193|0x000000008c100000, 0x000000008c100000, 0x000000008c200000|  0%| F|  |TAMS 0x000000008c100000, 0x000000008c100000| Untracked 
| 194|0x000000008c200000, 0x000000008c200000, 0x000000008c300000|  0%| F|  |TAMS 0x000000008c200000, 0x000000008c200000| Untracked 
| 195|0x000000008c300000, 0x000000008c300000, 0x000000008c400000|  0%| F|  |TAMS 0x000000008c300000, 0x000000008c300000| Untracked 
| 196|0x000000008c400000, 0x000000008c400000, 0x000000008c500000|  0%| F|  |TAMS 0x000000008c400000, 0x000000008c400000| Untracked 
| 197|0x000000008c500000, 0x000000008c500000, 0x000000008c600000|  0%| F|  |TAMS 0x000000008c500000, 0x000000008c500000| Untracked 
| 198|0x000000008c600000, 0x000000008c600000, 0x000000008c700000|  0%| F|  |TAMS 0x000000008c600000, 0x000000008c600000| Untracked 
| 199|0x000000008c700000, 0x000000008c700000, 0x000000008c800000|  0%| F|  |TAMS 0x000000008c700000, 0x000000008c700000| Untracked 
| 200|0x000000008c800000, 0x000000008c800000, 0x000000008c900000|  0%| F|  |TAMS 0x000000008c800000, 0x000000008c800000| Untracked 
| 201|0x000000008c900000, 0x000000008c900000, 0x000000008ca00000|  0%| F|  |TAMS 0x000000008c900000, 0x000000008c900000| Untracked 
| 202|0x000000008ca00000, 0x000000008ca00000, 0x000000008cb00000|  0%| F|  |TAMS 0x000000008ca00000, 0x000000008ca00000| Untracked 
| 203|0x000000008cb00000, 0x000000008cb00000, 0x000000008cc00000|  0%| F|  |TAMS 0x000000008cb00000, 0x000000008cb00000| Untracked 
| 204|0x000000008cc00000, 0x000000008cc00000, 0x000000008cd00000|  0%| F|  |TAMS 0x000000008cc00000, 0x000000008cc00000| Untracked 
| 205|0x000000008cd00000, 0x000000008cd00000, 0x000000008ce00000|  0%| F|  |TAMS 0x000000008cd00000, 0x000000008cd00000| Untracked 
| 206|0x000000008ce00000, 0x000000008ce00000, 0x000000008cf00000|  0%| F|  |TAMS 0x000000008ce00000, 0x000000008ce00000| Untracked 
| 207|0x000000008cf00000, 0x000000008cf00000, 0x000000008d000000|  0%| F|  |TAMS 0x000000008cf00000, 0x000000008cf00000| Untracked 
| 208|0x000000008d000000, 0x000000008d000000, 0x000000008d100000|  0%| F|  |TAMS 0x000000008d000000, 0x000000008d000000| Untracked 
| 209|0x000000008d100000, 0x000000008d100000, 0x000000008d200000|  0%| F|  |TAMS 0x000000008d100000, 0x000000008d100000| Untracked 
| 210|0x000000008d200000, 0x000000008d200000, 0x000000008d300000|  0%| F|  |TAMS 0x000000008d200000, 0x000000008d200000| Untracked 
| 211|0x000000008d300000, 0x000000008d300000, 0x000000008d400000|  0%| F|  |TAMS 0x000000008d300000, 0x000000008d300000| Untracked 
| 212|0x000000008d400000, 0x000000008d500000, 0x000000008d500000|100%| E|  |TAMS 0x000000008d400000, 0x000000008d400000| Complete 
| 213|0x000000008d500000, 0x000000008d600000, 0x000000008d600000|100%| E|CS|TAMS 0x000000008d500000, 0x000000008d500000| Complete 
| 214|0x000000008d600000, 0x000000008d700000, 0x000000008d700000|100%| E|CS|TAMS 0x000000008d600000, 0x000000008d600000| Complete 

Card table byte_map: [0x0000020fc7c50000,0x0000020fc8050000] _byte_map_base: 0x0000020fc7850000

Marking Bits (Prev, Next): (CMBitMap*) 0x0000020fb4d747e8, (CMBitMap*) 0x0000020fb4d74820
 Prev Bits: [0x0000020fc8450000, 0x0000020fca450000)
 Next Bits: [0x0000020fca450000, 0x0000020fcc450000)

Polling page: 0x0000020fb4510000

Metaspace:

Usage:
  Non-class:    103.05 MB capacity,   100.75 MB ( 98%) used,     1.85 MB (  2%) free+waste,   455.06 KB ( <1%) overhead. 
      Class:     16.04 MB capacity,    14.63 MB ( 91%) used,     1.21 MB (  8%) free+waste,   203.06 KB (  1%) overhead. 
       Both:    119.09 MB capacity,   115.38 MB ( 97%) used,     3.06 MB (  3%) free+waste,   658.13 KB ( <1%) overhead. 

Virtual space:
  Non-class space:      104.00 MB reserved,     103.27 MB (>99%) committed 
      Class space:        1.00 GB reserved,      16.23 MB (  2%) committed 
             Both:        1.10 GB reserved,     119.50 MB ( 11%) committed 

Chunk freelists:
   Non-Class:  166.00 KB
       Class:  120.00 KB
        Both:  286.00 KB

MaxMetaspaceSize: 17179869184.00 GB
CompressedClassSpaceSize: 1.00 GB
Initial GC threshold: 20.80 MB
Current GC threshold: 198.34 MB
CDS: off

CodeHeap 'non-profiled nmethods': size=120064Kb used=13298Kb max_used=13298Kb free=106765Kb
 bounds [0x0000020fc0310000, 0x0000020fc1010000, 0x0000020fc7850000]
CodeHeap 'profiled nmethods': size=120000Kb used=42492Kb max_used=42492Kb free=77507Kb
 bounds [0x0000020fb8de0000, 0x0000020fbb770000, 0x0000020fc0310000]
CodeHeap 'non-nmethods': size=5696Kb used=2432Kb max_used=2505Kb free=3263Kb
 bounds [0x0000020fb8850000, 0x0000020fb8ad0000, 0x0000020fb8de0000]
 total_blobs=20783 nmethods=19820 adapters=872
 compilation: enabled
              stopped_count=0, restarted_count=0
 full_count=0

Compilation events (20 events):
Event: 2252.415 Thread 0x0000020fce95f000 nmethod 20900 0x0000020fc1007410 code [0x0000020fc10075a0, 0x0000020fc1007858]
Event: 2252.415 Thread 0x0000020fce95f000 20906       4       java.util.TreeMap$KeySet::iterator (32 bytes)
Event: 2252.421 Thread 0x0000020fce95f000 nmethod 20906 0x0000020fc1007910 code [0x0000020fc1007ac0, 0x0000020fc1007ea8]
Event: 2252.421 Thread 0x0000020fce95f000 20913       4       org.gradle.api.internal.artifacts.ivyservice.resolveengine.graph.CompositeDependencyGraphVisitor::visitNode (40 bytes)
Event: 2252.423 Thread 0x0000020fce962800 20916       3       org.gradle.api.internal.file.pattern.PatternMatcherFactory::getPatternMatcher (16 bytes)
Event: 2252.424 Thread 0x0000020fce962800 nmethod 20916 0x0000020fbb72e990 code [0x0000020fbb72eb60, 0x0000020fbb72ee48]
Event: 2252.425 Thread 0x0000020fce95f000 nmethod 20913 0x0000020fc1008090 code [0x0000020fc1008240, 0x0000020fc1008418]
Event: 2252.425 Thread 0x0000020fce95f000 20914       4       org.gradle.api.internal.artifacts.ivyservice.resolveengine.artifact.DefaultResolvedArtifactsBuilder::collectArtifacts (52 bytes)
Event: 2252.427 Thread 0x0000020fce962800 20917       3       org.gradle.api.tasks.util.internal.CachingPatternSpecFactory$CachingSpec::isSatisfiedBy (9 bytes)
Event: 2252.428 Thread 0x0000020fce962800 nmethod 20917 0x0000020fbb72ef90 code [0x0000020fbb72f160, 0x0000020fbb72f3a8]
Event: 2252.428 Thread 0x0000020fce962800 20918       3       org.gradle.api.file.RelativePath::hashCode (28 bytes)
Event: 2252.428 Thread 0x0000020fce962800 nmethod 20918 0x0000020fbb72f490 code [0x0000020fbb72f640, 0x0000020fbb72f7e8]
Event: 2252.431 Thread 0x0000020fce962800 20919       3       org.gradle.internal.fingerprint.DirectorySensitivity$$Lambda$244/0x00000001003f6440::test (8 bytes)
Event: 2252.432 Thread 0x0000020fce962800 nmethod 20919 0x0000020fbb72f890 code [0x0000020fbb72fa60, 0x0000020fbb72fde8]
Event: 2252.432 Thread 0x0000020fce962800 20920       3       org.gradle.internal.fingerprint.DirectorySensitivity::lambda$static$1 (18 bytes)
Event: 2252.432 Thread 0x0000020fce962800 nmethod 20920 0x0000020fbb72ff10 code [0x0000020fbb7300e0, 0x0000020fbb7302e8]
Event: 2252.434 Thread 0x0000020fce95f000 nmethod 20914 0x0000020fc1008610 code [0x0000020fc10087c0, 0x0000020fc1008d78]
Event: 2252.434 Thread 0x0000020fce95f000 20915       4       org.gradle.api.internal.provider.DefaultProviderFactory::provider (23 bytes)
Event: 2252.435 Thread 0x0000020fce95f000 nmethod 20915 0x0000020fc1009010 code [0x0000020fc10091c0, 0x0000020fc1009318]
Event: 2252.436 Thread 0x0000020fce95f000 20921   !   4       org.gradle.cache.internal.DefaultCacheAccess::takeOwnership (50 bytes)

GC Heap History (20 events):
Event: 1208.824 GC heap before
{Heap before GC invocations=34 (full 0):
 garbage-first heap   total 220160K, used 145712K [0x0000000080000000, 0x0000000100000000)
  region size 1024K, 42 young (43008K), 11 survivors (11264K)
 Metaspace       used 116545K, capacity 120004K, committed 120964K, reserved 1155072K
  class space    used 14842K, capacity 16150K, committed 16492K, reserved 1048576K
}
Event: 1208.852 GC heap after
{Heap after GC invocations=35 (full 0):
 garbage-first heap   total 220160K, used 115744K [0x0000000080000000, 0x0000000100000000)
  region size 1024K, 2 young (2048K), 2 survivors (2048K)
 Metaspace       used 116545K, capacity 120004K, committed 120964K, reserved 1155072K
  class space    used 14842K, capacity 16150K, committed 16492K, reserved 1048576K
}
Event: 1226.855 GC heap before
{Heap before GC invocations=36 (full 0):
 garbage-first heap   total 220160K, used 196640K [0x0000000080000000, 0x0000000100000000)
  region size 1024K, 50 young (51200K), 2 survivors (2048K)
 Metaspace       used 117221K, capacity 120871K, committed 121220K, reserved 1155072K
  class space    used 14961K, capacity 16370K, committed 16492K, reserved 1048576K
}
Event: 1226.878 GC heap after
{Heap after GC invocations=37 (full 0):
 garbage-first heap   total 220160K, used 118816K [0x0000000080000000, 0x0000000100000000)
  region size 1024K, 7 young (7168K), 7 survivors (7168K)
 Metaspace       used 117221K, capacity 120871K, committed 121220K, reserved 1155072K
  class space    used 14961K, capacity 16370K, committed 16492K, reserved 1048576K
}
Event: 1226.900 GC heap before
{Heap before GC invocations=37 (full 0):
 garbage-first heap   total 220160K, used 121888K [0x0000000080000000, 0x0000000100000000)
  region size 1024K, 10 young (10240K), 7 survivors (7168K)
 Metaspace       used 117251K, capacity 120919K, committed 121220K, reserved 1155072K
  class space    used 14970K, capacity 16386K, committed 16492K, reserved 1048576K
}
Event: 1226.919 GC heap after
{Heap after GC invocations=38 (full 0):
 garbage-first heap   total 220160K, used 112207K [0x0000000080000000, 0x0000000100000000)
  region size 1024K, 1 young (1024K), 1 survivors (1024K)
 Metaspace       used 117251K, capacity 120919K, committed 121220K, reserved 1155072K
  class space    used 14970K, capacity 16386K, committed 16492K, reserved 1048576K
}
Event: 1556.739 GC heap before
{Heap before GC invocations=38 (full 0):
 garbage-first heap   total 220160K, used 163407K [0x0000000080000000, 0x0000000100000000)
  region size 1024K, 52 young (53248K), 1 survivors (1024K)
 Metaspace       used 117651K, capacity 121458K, committed 121604K, reserved 1155072K
  class space    used 15031K, capacity 16499K, committed 16620K, reserved 1048576K
}
Event: 1556.753 GC heap after
{Heap after GC invocations=39 (full 0):
 garbage-first heap   total 220160K, used 117078K [0x0000000080000000, 0x0000000100000000)
  region size 1024K, 6 young (6144K), 6 survivors (6144K)
 Metaspace       used 117651K, capacity 121458K, committed 121604K, reserved 1155072K
  class space    used 15031K, capacity 16499K, committed 16620K, reserved 1048576K
}
Event: 2145.735 GC heap before
{Heap before GC invocations=40 (full 0):
 garbage-first heap   total 220160K, used 163158K [0x0000000080000000, 0x0000000100000000)
  region size 1024K, 56 young (57344K), 6 survivors (6144K)
 Metaspace       used 117754K, capacity 121590K, committed 121860K, reserved 1155072K
  class space    used 15031K, capacity 16499K, committed 16620K, reserved 1048576K
}
Event: 2145.747 GC heap after
{Heap after GC invocations=41 (full 0):
 garbage-first heap   total 220160K, used 111219K [0x0000000080000000, 0x0000000100000000)
  region size 1024K, 3 young (3072K), 3 survivors (3072K)
 Metaspace       used 117754K, capacity 121590K, committed 121860K, reserved 1155072K
  class space    used 15031K, capacity 16499K, committed 16620K, reserved 1048576K
}
Event: 2145.913 GC heap before
{Heap before GC invocations=41 (full 0):
 garbage-first heap   total 220160K, used 118387K [0x0000000080000000, 0x0000000100000000)
  region size 1024K, 10 young (10240K), 3 survivors (3072K)
 Metaspace       used 117780K, capacity 121590K, committed 121860K, reserved 1155072K
  class space    used 15031K, capacity 16499K, committed 16620K, reserved 1048576K
}
Event: 2145.927 GC heap after
{Heap after GC invocations=42 (full 0):
 garbage-first heap   total 220160K, used 100149K [0x0000000080000000, 0x0000000100000000)
  region size 1024K, 2 young (2048K), 2 survivors (2048K)
 Metaspace       used 117780K, capacity 121590K, committed 121860K, reserved 1155072K
  class space    used 15031K, capacity 16499K, committed 16620K, reserved 1048576K
}
Event: 2146.789 GC heap before
{Heap before GC invocations=42 (full 0):
 garbage-first heap   total 220160K, used 129845K [0x0000000080000000, 0x0000000100000000)
  region size 1024K, 33 young (33792K), 2 survivors (2048K)
 Metaspace       used 117852K, capacity 121719K, committed 121860K, reserved 1155072K
  class space    used 15031K, capacity 16499K, committed 16620K, reserved 1048576K
}
Event: 2146.811 GC heap after
{Heap after GC invocations=43 (full 0):
 garbage-first heap   total 220160K, used 104738K [0x0000000080000000, 0x0000000100000000)
  region size 1024K, 6 young (6144K), 6 survivors (6144K)
 Metaspace       used 117852K, capacity 121719K, committed 121860K, reserved 1155072K
  class space    used 15031K, capacity 16499K, committed 16620K, reserved 1048576K
}
Event: 2148.372 GC heap before
{Heap before GC invocations=44 (full 0):
 garbage-first heap   total 220160K, used 165154K [0x0000000080000000, 0x0000000100000000)
  region size 1024K, 65 young (66560K), 6 survivors (6144K)
 Metaspace       used 117802K, capacity 121483K, committed 122116K, reserved 1155072K
  class space    used 14974K, capacity 16387K, committed 16620K, reserved 1048576K
}
Event: 2148.389 GC heap after
{Heap after GC invocations=45 (full 0):
 garbage-first heap   total 220160K, used 105836K [0x0000000080000000, 0x0000000100000000)
  region size 1024K, 2 young (2048K), 2 survivors (2048K)
 Metaspace       used 117802K, capacity 121483K, committed 122116K, reserved 1155072K
  class space    used 14974K, capacity 16387K, committed 16620K, reserved 1048576K
}
Event: 2148.575 GC heap before
{Heap before GC invocations=45 (full 0):
 garbage-first heap   total 220160K, used 113004K [0x0000000080000000, 0x0000000100000000)
  region size 1024K, 10 young (10240K), 2 survivors (2048K)
 Metaspace       used 117985K, capacity 121645K, committed 122116K, reserved 1155072K
  class space    used 14976K, capacity 16391K, committed 16620K, reserved 1048576K
}
Event: 2148.600 GC heap after
{Heap after GC invocations=46 (full 0):
 garbage-first heap   total 220160K, used 90715K [0x0000000080000000, 0x0000000100000000)
  region size 1024K, 1 young (1024K), 1 survivors (1024K)
 Metaspace       used 117985K, capacity 121645K, committed 122116K, reserved 1155072K
  class space    used 14976K, capacity 16391K, committed 16620K, reserved 1048576K
}
Event: 2149.282 GC heap before
{Heap before GC invocations=46 (full 0):
 garbage-first heap   total 220160K, used 133723K [0x0000000080000000, 0x0000000100000000)
  region size 1024K, 10 young (10240K), 1 survivors (1024K)
 Metaspace       used 117999K, capacity 121645K, committed 122116K, reserved 1155072K
  class space    used 14976K, capacity 16391K, committed 16620K, reserved 1048576K
}
Event: 2149.297 GC heap after
{Heap after GC invocations=47 (full 0):
 garbage-first heap   total 220160K, used 89919K [0x0000000080000000, 0x0000000100000000)
  region size 1024K, 1 young (1024K), 1 survivors (1024K)
 Metaspace       used 117999K, capacity 121645K, committed 122116K, reserved 1155072K
  class space    used 14976K, capacity 16391K, committed 16620K, reserved 1048576K
}

Deoptimization events (20 events):
Event: 2149.186 Thread 0x0000020fd04be000 DEOPT PACKING pc=0x0000020fba8ed5bf sp=0x00000022929fd040
Event: 2149.186 Thread 0x0000020fd04be000 DEOPT UNPACKING pc=0x0000020fb889a95e sp=0x00000022929fc4c0 mode 0
Event: 2149.187 Thread 0x0000020fd04be000 DEOPT PACKING pc=0x0000020fba8ed5bf sp=0x00000022929fd040
Event: 2149.187 Thread 0x0000020fd04be000 DEOPT UNPACKING pc=0x0000020fb889a95e sp=0x00000022929fc4c0 mode 0
Event: 2149.187 Thread 0x0000020fd04be000 DEOPT PACKING pc=0x0000020fba8ed5bf sp=0x00000022929fd020
Event: 2149.187 Thread 0x0000020fd04be000 DEOPT UNPACKING pc=0x0000020fb889a95e sp=0x00000022929fc4a0 mode 0
Event: 2149.187 Thread 0x0000020fd04be000 DEOPT PACKING pc=0x0000020fb9949329 sp=0x00000022929fcd80
Event: 2149.187 Thread 0x0000020fd04be000 DEOPT UNPACKING pc=0x0000020fb889a95e sp=0x00000022929fc1d0 mode 0
Event: 2149.188 Thread 0x0000020fd04be000 DEOPT PACKING pc=0x0000020fb9949329 sp=0x00000022929fcd70
Event: 2149.188 Thread 0x0000020fd04be000 DEOPT UNPACKING pc=0x0000020fb889a95e sp=0x00000022929fc1c0 mode 0
Event: 2149.191 Thread 0x0000020fd04be000 DEOPT PACKING pc=0x0000020fb9949329 sp=0x00000022929fcf30
Event: 2149.191 Thread 0x0000020fd04be000 DEOPT UNPACKING pc=0x0000020fb889a95e sp=0x00000022929fc380 mode 0
Event: 2149.195 Thread 0x0000020fd04be000 DEOPT PACKING pc=0x0000020fb9949329 sp=0x00000022929fcec0
Event: 2149.195 Thread 0x0000020fd04be000 DEOPT UNPACKING pc=0x0000020fb889a95e sp=0x00000022929fc310 mode 0
Event: 2149.314 Thread 0x0000020fd1646800 Uncommon trap: trap_request=0xffffff4d fr.pc=0x0000020fc0e82a80 relative=0x00000000000016c0
Event: 2149.314 Thread 0x0000020fd1646800 Uncommon trap: reason=unstable_if action=reinterpret pc=0x0000020fc0e82a80 method=java.util.concurrent.locks.AbstractQueuedSynchronizer.enq(Ljava/util/concurrent/locks/AbstractQueuedSynchronizer$Node;)Ljava/util/concurrent/locks/AbstractQueuedSynchronizer
Event: 2149.314 Thread 0x0000020fd1646800 DEOPT PACKING pc=0x0000020fc0e82a80 sp=0x00000022927feb00
Event: 2149.314 Thread 0x0000020fd1646800 DEOPT UNPACKING pc=0x0000020fb889a1af sp=0x00000022927fe9b0 mode 2
Event: 2252.177 Thread 0x0000020fd04c0000 DEOPT PACKING pc=0x0000020fb9a85c60 sp=0x000000228dcf95a0
Event: 2252.177 Thread 0x0000020fd04c0000 DEOPT UNPACKING pc=0x0000020fb889a95e sp=0x000000228dcf8ae8 mode 0

Classes redefined (0 events):
No events

Internal exceptions (20 events):
Event: 2148.078 Thread 0x0000020fd6733000 Exception <a 'sun/nio/fs/WindowsException'{0x000000008a254e18}> (0x000000008a254e18) thrown at [./src/hotspot/share/prims/jni.cpp, line 616]
Event: 2148.081 Thread 0x0000020fd6733000 Exception <a 'sun/nio/fs/WindowsException'{0x000000008a25e428}> (0x000000008a25e428) thrown at [./src/hotspot/share/prims/jni.cpp, line 616]
Event: 2148.083 Thread 0x0000020fd6733000 Exception <a 'sun/nio/fs/WindowsException'{0x000000008a264c38}> (0x000000008a264c38) thrown at [./src/hotspot/share/prims/jni.cpp, line 616]
Event: 2148.088 Thread 0x0000020fd6733000 Exception <a 'sun/nio/fs/WindowsException'{0x000000008a2815c8}> (0x000000008a2815c8) thrown at [./src/hotspot/share/prims/jni.cpp, line 616]
Event: 2148.090 Thread 0x0000020fd6733000 Exception <a 'sun/nio/fs/WindowsException'{0x000000008a28e7c8}> (0x000000008a28e7c8) thrown at [./src/hotspot/share/prims/jni.cpp, line 616]
Event: 2148.094 Thread 0x0000020fd6733000 Exception <a 'sun/nio/fs/WindowsException'{0x000000008a2a5308}> (0x000000008a2a5308) thrown at [./src/hotspot/share/prims/jni.cpp, line 616]
Event: 2148.343 Thread 0x0000020fd04bf800 Exception <a 'sun/nio/fs/WindowsException'{0x000000008965c898}> (0x000000008965c898) thrown at [./src/hotspot/share/prims/jni.cpp, line 616]
Event: 2148.473 Thread 0x0000020fd04bf800 Exception <a 'sun/nio/fs/WindowsException'{0x000000008d4aacd8}> (0x000000008d4aacd8) thrown at [./src/hotspot/share/prims/jni.cpp, line 616]
Event: 2148.531 Thread 0x0000020fd04b9800 Exception <a 'sun/nio/fs/WindowsException'{0x000000008d116c58}> (0x000000008d116c58) thrown at [./src/hotspot/share/prims/jni.cpp, line 616]
Event: 2148.562 Thread 0x0000020fd04b9800 Exception <a 'sun/nio/fs/WindowsException'{0x000000008cf6c3f8}> (0x000000008cf6c3f8) thrown at [./src/hotspot/share/prims/jni.cpp, line 616]
Event: 2149.276 Thread 0x0000020fd672c800 Exception <a 'sun/nio/fs/WindowsException'{0x000000008cfed848}> (0x000000008cfed848) thrown at [./src/hotspot/share/prims/jni.cpp, line 616]
Event: 2149.276 Thread 0x0000020fd672c800 Exception <a 'sun/nio/fs/WindowsException'{0x000000008cfed8c8}> (0x000000008cfed8c8) thrown at [./src/hotspot/share/prims/jni.cpp, line 616]
Event: 2149.276 Thread 0x0000020fd672c800 Exception <a 'sun/nio/fs/WindowsException'{0x000000008cfef1b8}> (0x000000008cfef1b8) thrown at [./src/hotspot/share/prims/jni.cpp, line 616]
Event: 2252.054 Thread 0x0000020fd04c0000 Exception <a 'sun/nio/fs/WindowsException'{0x000000008bdd1b70}> (0x000000008bdd1b70) thrown at [./src/hotspot/share/prims/jni.cpp, line 616]
Event: 2252.140 Thread 0x0000020fd04c0000 Exception <a 'java/lang/NoClassDefFoundError'{0x000000008b96c008}: org/jetbrains/kotlin/gradle/plugin/KotlinBasePluginWrapper> (0x000000008b96c008) thrown at [./src/hotspot/share/oops/constantPool.cpp, line 775]
Event: 2252.162 Thread 0x0000020fd04c0000 Exception <a 'sun/nio/fs/WindowsException'{0x000000008b8a7908}> (0x000000008b8a7908) thrown at [./src/hotspot/share/prims/jni.cpp, line 616]
Event: 2252.170 Thread 0x0000020fd04c0000 Exception <a 'sun/nio/fs/WindowsException'{0x000000008b74c680}> (0x000000008b74c680) thrown at [./src/hotspot/share/prims/jni.cpp, line 616]
Event: 2252.170 Thread 0x0000020fd04c0000 Exception <a 'sun/nio/fs/WindowsException'{0x000000008b74da20}> (0x000000008b74da20) thrown at [./src/hotspot/share/prims/jni.cpp, line 616]
Event: 2252.170 Thread 0x0000020fd04c0000 Exception <a 'sun/nio/fs/WindowsException'{0x000000008b74ee10}> (0x000000008b74ee10) thrown at [./src/hotspot/share/prims/jni.cpp, line 616]
Event: 2252.170 Thread 0x0000020fd04c0000 Exception <a 'sun/nio/fs/WindowsException'{0x000000008b750200}> (0x000000008b750200) thrown at [./src/hotspot/share/prims/jni.cpp, line 616]

Events (20 events):
Event: 2252.255 Executing VM operation: RevokeBias
Event: 2252.255 Executing VM operation: RevokeBias done
Event: 2252.337 Executing VM operation: RevokeBias
Event: 2252.337 Executing VM operation: RevokeBias done
Event: 2252.337 Executing VM operation: RevokeBias
Event: 2252.337 Executing VM operation: RevokeBias done
Event: 2252.344 Executing VM operation: RevokeBias
Event: 2252.344 Executing VM operation: RevokeBias done
Event: 2252.344 Executing VM operation: RevokeBias
Event: 2252.345 Executing VM operation: RevokeBias done
Event: 2252.348 Executing VM operation: RevokeBias
Event: 2252.349 Executing VM operation: RevokeBias done
Event: 2252.349 Executing VM operation: RevokeBias
Event: 2252.349 Executing VM operation: RevokeBias done
Event: 2252.350 Executing VM operation: RevokeBias
Event: 2252.351 Executing VM operation: RevokeBias done
Event: 2252.351 Executing VM operation: RevokeBias
Event: 2252.351 Executing VM operation: RevokeBias done
Event: 2252.374 Executing VM operation: RevokeBias
Event: 2252.374 Executing VM operation: RevokeBias done


Dynamic libraries:
0x00007ff6346c0000 - 0x00007ff6346ca000 	C:\Program Files\Android\Android Studio\jre\bin\java.exe
0x00007ffce1850000 - 0x00007ffce1a45000 	C:\Windows\SYSTEM32\ntdll.dll
0x00007ffcd80b0000 - 0x00007ffcd80c9000 	C:\Program Files\Avast Software\Avast\aswhook.dll
0x00007ffce0220000 - 0x00007ffce02de000 	C:\Windows\System32\KERNEL32.DLL
0x00007ffcdeff0000 - 0x00007ffcdf2b8000 	C:\Windows\System32\KERNELBASE.dll
0x00007ffcdf2c0000 - 0x00007ffcdf3c0000 	C:\Windows\System32\ucrtbase.dll
0x00007ffcc5600000 - 0x00007ffcc5617000 	C:\Program Files\Android\Android Studio\jre\bin\VCRUNTIME140.dll
0x00007ffcb4280000 - 0x00007ffcb4299000 	C:\Program Files\Android\Android Studio\jre\bin\jli.dll
0x00007ffce0640000 - 0x00007ffce07e1000 	C:\Windows\System32\USER32.dll
0x00007ffcdef60000 - 0x00007ffcdef82000 	C:\Windows\System32\win32u.dll
0x00007ffcd1350000 - 0x00007ffcd15ea000 	C:\Windows\WinSxS\amd64_microsoft.windows.common-controls_6595b64144ccf1df_6.0.19041.1110_none_60b5254171f9507e\COMCTL32.dll
0x00007ffce0040000 - 0x00007ffce006b000 	C:\Windows\System32\GDI32.dll
0x00007ffce05a0000 - 0x00007ffce063e000 	C:\Windows\System32\msvcrt.dll
0x00007ffcdf3c0000 - 0x00007ffcdf4cd000 	C:\Windows\System32\gdi32full.dll
0x00007ffcdf5e0000 - 0x00007ffcdf67d000 	C:\Windows\System32\msvcp_win.dll
0x00007ffce17e0000 - 0x00007ffce1810000 	C:\Windows\System32\IMM32.DLL
0x00007ffc82eb0000 - 0x00007ffc82f4d000 	C:\Program Files\Android\Android Studio\jre\bin\msvcp140.dll
0x00007ffc83ef0000 - 0x00007ffc849f2000 	C:\Program Files\Android\Android Studio\jre\bin\server\jvm.dll
0x00007ffce1730000 - 0x00007ffce17dc000 	C:\Windows\System32\ADVAPI32.dll
0x00007ffce03c0000 - 0x00007ffce045b000 	C:\Windows\System32\sechost.dll
0x00007ffce1110000 - 0x00007ffce123a000 	C:\Windows\System32\RPCRT4.dll
0x00007ffce0ae0000 - 0x00007ffce0ae8000 	C:\Windows\System32\PSAPI.DLL
0x00007ffccc610000 - 0x00007ffccc619000 	C:\Windows\SYSTEM32\WSOCK32.dll
0x00007ffcd1920000 - 0x00007ffcd1947000 	C:\Windows\SYSTEM32\WINMM.dll
0x00007ffcd2a40000 - 0x00007ffcd2a4a000 	C:\Windows\SYSTEM32\VERSION.dll
0x00007ffce0890000 - 0x00007ffce08fb000 	C:\Windows\System32\WS2_32.dll
0x00007ffcdd000000 - 0x00007ffcdd012000 	C:\Windows\SYSTEM32\kernel.appcore.dll
0x00007ffcd97a0000 - 0x00007ffcd97b1000 	C:\Program Files\Android\Android Studio\jre\bin\verify.dll
0x00007ffcce3f0000 - 0x00007ffcce5d4000 	C:\Windows\SYSTEM32\DBGHELP.DLL
0x00007ffcce330000 - 0x00007ffcce35c000 	C:\Windows\SYSTEM32\dbgcore.DLL
0x00007ffcdf4d0000 - 0x00007ffcdf553000 	C:\Windows\System32\bcryptPrimitives.dll
0x00007ffcc7d70000 - 0x00007ffcc7d99000 	C:\Program Files\Android\Android Studio\jre\bin\java.dll
0x00007ffcd9540000 - 0x00007ffcd954b000 	C:\Program Files\Android\Android Studio\jre\bin\jimage.dll
0x00007ffcd9090000 - 0x00007ffcd90a8000 	C:\Program Files\Android\Android Studio\jre\bin\zip.dll
0x00007ffcdf890000 - 0x00007ffcdffd4000 	C:\Windows\System32\SHELL32.dll
0x00007ffcdd200000 - 0x00007ffcdd994000 	C:\Windows\SYSTEM32\windows.storage.dll
0x00007ffce1320000 - 0x00007ffce1675000 	C:\Windows\System32\combase.dll
0x00007ffcde8e0000 - 0x00007ffcde90e000 	C:\Windows\SYSTEM32\Wldp.dll
0x00007ffce1680000 - 0x00007ffce172d000 	C:\Windows\System32\SHCORE.dll
0x00007ffce10b0000 - 0x00007ffce1105000 	C:\Windows\System32\shlwapi.dll
0x00007ffcdeea0000 - 0x00007ffcdeebf000 	C:\Windows\SYSTEM32\profapi.dll
0x00007ffcd66a0000 - 0x00007ffcd66ba000 	C:\Program Files\Android\Android Studio\jre\bin\net.dll
0x00007ffcd50a0000 - 0x00007ffcd51ac000 	C:\Windows\SYSTEM32\WINHTTP.dll
0x00007ffcde640000 - 0x00007ffcde6aa000 	C:\Windows\system32\mswsock.dll
0x00007ffcd5ad0000 - 0x00007ffcd5ae4000 	C:\Program Files\Android\Android Studio\jre\bin\nio.dll
0x00007ffcbbe20000 - 0x00007ffcbbe47000 	D:\gradle_path\native\e1d6ef7f7dcc3fd88c89a11ec53ec762bb8ba0a96d01ffa2cd45eb1d1d8dd5c5\windows-amd64\native-platform.dll
0x00007ffc81430000 - 0x00007ffc81574000 	D:\gradle_path\native\0d407fdbe67a94daf76414ababcb853783967236a71b16ec16e742cd7a986fd3\windows-amd64\native-platform-file-events.dll
0x00007ffcd7860000 - 0x00007ffcd786a000 	C:\Program Files\Android\Android Studio\jre\bin\management.dll
0x00007ffcd77b0000 - 0x00007ffcd77bd000 	C:\Program Files\Android\Android Studio\jre\bin\management_ext.dll
0x00007ffcde830000 - 0x00007ffcde848000 	C:\Windows\SYSTEM32\CRYPTSP.dll
0x00007ffcde170000 - 0x00007ffcde1a4000 	C:\Windows\system32\rsaenh.dll
0x00007ffcdf560000 - 0x00007ffcdf587000 	C:\Windows\System32\bcrypt.dll
0x00007ffcdee60000 - 0x00007ffcdee8e000 	C:\Windows\SYSTEM32\USERENV.dll
0x00007ffcde850000 - 0x00007ffcde85c000 	C:\Windows\SYSTEM32\CRYPTBASE.dll
0x00007ffcde330000 - 0x00007ffcde36b000 	C:\Windows\SYSTEM32\IPHLPAPI.DLL
0x00007ffce0af0000 - 0x00007ffce0af8000 	C:\Windows\System32\NSI.dll
0x00007ffcd5900000 - 0x00007ffcd5917000 	C:\Windows\SYSTEM32\dhcpcsvc6.DLL
0x00007ffcd5870000 - 0x00007ffcd588d000 	C:\Windows\SYSTEM32\dhcpcsvc.DLL
0x00007ffcde370000 - 0x00007ffcde43b000 	C:\Windows\SYSTEM32\DNSAPI.dll
0x00007ffcb89e0000 - 0x00007ffcb8a07000 	C:\Program Files\Android\Android Studio\jre\bin\sunec.dll

dbghelp: loaded successfully - version: 4.0.5 - missing functions: none
symbol engine: initialized successfully - sym options: 0x614 - pdb path: .;C:\Program Files\Android\Android Studio\jre\bin;C:\Windows\SYSTEM32;C:\Program Files\Avast Software\Avast;C:\Windows\WinSxS\amd64_microsoft.windows.common-controls_6595b64144ccf1df_6.0.19041.1110_none_60b5254171f9507e;C:\Program Files\Android\Android Studio\jre\bin\server;D:\gradle_path\native\e1d6ef7f7dcc3fd88c89a11ec53ec762bb8ba0a96d01ffa2cd45eb1d1d8dd5c5\windows-amd64;D:\gradle_path\native\0d407fdbe67a94daf76414ababcb853783967236a71b16ec16e742cd7a986fd3\windows-amd64

VM Arguments:
jvm_args: --add-opens=java.base/java.util=ALL-UNNAMED --add-opens=java.base/java.lang=ALL-UNNAMED --add-opens=java.base/java.lang.invoke=ALL-UNNAMED --add-opens=java.base/java.util=ALL-UNNAMED --add-opens=java.prefs/java.util.prefs=ALL-UNNAMED --add-opens=java.prefs/java.util.prefs=ALL-UNNAMED --add-opens=java.base/java.nio.charset=ALL-UNNAMED --add-opens=java.base/java.net=ALL-UNNAMED --add-opens=java.base/java.util.concurrent.atomic=ALL-UNNAMED -Xmx2048m -Dfile.encoding=UTF-8 -Duser.country=US -Duser.language=en -Duser.variant 
java_command: org.gradle.launcher.daemon.bootstrap.GradleDaemon 7.4
java_class_path (initial): D:\gradle_path\wrapper\dists\gradle-7.4-bin\c0gwcg53nkjbqw7r0h0umtfvt\gradle-7.4\lib\gradle-launcher-7.4.jar
Launcher Type: SUN_STANDARD

[Global flags]
     intx CICompilerCount                          = 3                                         {product} {ergonomic}
     uint ConcGCThreads                            = 1                                         {product} {ergonomic}
     uint G1ConcRefinementThreads                  = 4                                         {product} {ergonomic}
   size_t G1HeapRegionSize                         = 1048576                                   {product} {ergonomic}
    uintx GCDrainStackTargetSize                   = 64                                        {product} {ergonomic}
   size_t InitialHeapSize                          = 130023424                                 {product} {ergonomic}
   size_t MarkStackSize                            = 4194304                                   {product} {ergonomic}
   size_t MaxHeapSize                              = 2147483648                                {product} {command line}
   size_t MaxNewSize                               = 1287651328                                {product} {ergonomic}
   size_t MinHeapDeltaBytes                        = 1048576                                   {product} {ergonomic}
    uintx NonNMethodCodeHeapSize                   = 5830732                                {pd product} {ergonomic}
    uintx NonProfiledCodeHeapSize                  = 122913754                              {pd product} {ergonomic}
    uintx ProfiledCodeHeapSize                     = 122913754                              {pd product} {ergonomic}
    uintx ReservedCodeCacheSize                    = 251658240                              {pd product} {ergonomic}
     bool SegmentedCodeCache                       = true                                      {product} {ergonomic}
     bool UseCompressedClassPointers               = true                                 {lp64_product} {ergonomic}
     bool UseCompressedOops                        = true                                 {lp64_product} {ergonomic}
     bool UseG1GC                                  = true                                      {product} {ergonomic}
     bool UseLargePagesIndividualAllocation        = false                                  {pd product} {ergonomic}

Logging:
Log output configuration:
 #0: stdout all=warning uptime,level,tags
 #1: stderr all=off uptime,level,tags

Environment Variables:
PATH=C:\Program Files\Common Files\Oracle\Java\javapath;C:\Program Files (x86)\Common Files\Oracle\Java\javapath;C:\Windows\system32;C:\Windows;C:\Windows\System32\Wbem;C:\Windows\System32\WindowsPowerShell\v1.0\;C:\Windows\System32\OpenSSH\;C:\Program Files\Intel\WiFi\bin\;C:\Program Files\Common Files\Intel\WirelessCommon\;C:\Program Files\Git\cmd;D:\xampp\php;C:\ProgramData\ComposerSetup\bin;C:\Users\rockerhead\AppData\Local\Microsoft\WindowsApps;C:\Program Files\Intel\WiFi\bin\;C:\Program Files\Common Files\Intel\WirelessCommon\;C:\MinGW\bin;C:\Users\rockerhead\AppData\Roaming\Composer\vendor\bin
USERNAME=rockerhead
OS=Windows_NT
PROCESSOR_IDENTIFIER=Intel64 Family 6 Model 69 Stepping 1, GenuineIntel



---------------  S Y S T E M  ---------------

OS: Windows 10 , 64 bit Build 19041 (10.0.19041.1348)
OS uptime: 0 days 4:42 hours

CPU:total 4 (initial active 4) (2 cores per cpu, 2 threads per core) family 6 model 69 stepping 1 microcode 0x25, cmov, cx8, fxsr, mmx, sse, sse2, sse3, ssse3, sse4.1, sse4.2, popcnt, avx, avx2, aes, clmul, erms, lzcnt, ht, tsc, tscinvbit, bmi1, bmi2, fma

Memory: 4k page, system-wide physical 7894M (444M free)
TotalPageFile size 7894M (AvailPageFile size 1M)
current process WorkingSet (physical memory assigned to process): 447M, peak: 527M
current process commit charge ("private bytes"): 567M, peak: 585M

vm_info: OpenJDK 64-Bit Server VM (11.0.13+0-b1751.21-8125866) for windows-amd64 JRE (11.0.13+0-b1751.21-8125866), built on Feb  2 2022 03:00:22 by "builder" with MS VC++ 14.0 (VS2015)

END.
